[0.010s] Invoking command in '/home/maffin21/slam_ws/build/rpm_to_odom': /usr/bin/cmake /home/maffin21/slam_ws/src/rpm_to_odom -DCATKIN_INSTALL_INTO_PREFIX_ROOT=0 -DCATKIN_SYMLINK_INSTALL=ON -DCMAKE_INSTALL_PREFIX=/home/maffin21/slam_ws/install/rpm_to_odom
[0.098s] -- The C compiler identification is GNU 11.4.0
[0.165s] -- The CXX compiler identification is GNU 11.4.0
[0.172s] -- Detecting C compiler ABI info
[0.233s] -- Detecting C compiler ABI info - done
[0.239s] -- Check for working C compiler: /usr/bin/cc - skipped
[0.239s] -- Detecting C compile features
[0.239s] -- Detecting C compile features - done
[0.242s] -- Detecting CXX compiler ABI info
[0.308s] -- Detecting CXX compiler ABI info - done
[0.313s] -- Check for working CXX compiler: /usr/bin/c++ - skipped
[0.313s] -- Detecting CXX compile features
[0.314s] -- Detecting CXX compile features - done
[0.317s] -- Found ament_cmake: 1.3.11 (/opt/ros/humble/share/ament_cmake/cmake)
[0.433s] -- Found Python3: /usr/bin/python3 (found version "3.10.12") found components: Interpreter 
[0.507s] -- Found rclcpp: 16.0.12 (/opt/ros/humble/share/rclcpp/cmake)
[0.546s] -- Found rosidl_generator_c: 3.1.6 (/opt/ros/humble/share/rosidl_generator_c/cmake)
[0.551s] -- Found rosidl_adapter: 3.1.6 (/opt/ros/humble/share/rosidl_adapter/cmake)
[0.558s] -- Found rosidl_generator_cpp: 3.1.6 (/opt/ros/humble/share/rosidl_generator_cpp/cmake)
[0.569s] -- Using all available rosidl_typesupport_c: rosidl_typesupport_fastrtps_c;rosidl_typesupport_introspection_c
[0.584s] -- Using all available rosidl_typesupport_cpp: rosidl_typesupport_fastrtps_cpp;rosidl_typesupport_introspection_cpp
[0.624s] -- Found rmw_implementation_cmake: 6.1.2 (/opt/ros/humble/share/rmw_implementation_cmake/cmake)
[0.627s] -- Found rmw_fastrtps_cpp: 6.2.7 (/opt/ros/humble/share/rmw_fastrtps_cpp/cmake)
[0.707s] -- Found OpenSSL: /usr/lib/x86_64-linux-gnu/libcrypto.so (found version "3.0.2")  
[0.730s] -- Found FastRTPS: /opt/ros/humble/include  
[0.764s] -- Using RMW implementation 'rmw_fastrtps_cpp' as default
[0.772s] -- Looking for pthread.h
[0.837s] -- Looking for pthread.h - found
[0.837s] -- Performing Test CMAKE_HAVE_LIBC_PTHREAD
[0.898s] -- Performing Test CMAKE_HAVE_LIBC_PTHREAD - Success
[0.898s] -- Found Threads: TRUE  
[0.944s] -- Found nav_msgs: 4.8.0 (/opt/ros/humble/share/nav_msgs/cmake)
[0.970s] -- Found tf2_ros: 0.25.12 (/opt/ros/humble/share/tf2_ros/cmake)
[1.107s] -- Configuring done
[1.116s] -- Generating done
[1.117s] [33mCMake Warning:
[1.117s]   Manually-specified variables were not used by the project:
[1.118s] 
[1.118s]     CATKIN_INSTALL_INTO_PREFIX_ROOT
[1.118s]     CATKIN_SYMLINK_INSTALL
[1.118s] 
[1.118s] [0m
[1.120s] -- Build files have been written to: /home/maffin21/slam_ws/build/rpm_to_odom
[1.128s] Invoked command in '/home/maffin21/slam_ws/build/rpm_to_odom' returned '0': /usr/bin/cmake /home/maffin21/slam_ws/src/rpm_to_odom -DCATKIN_INSTALL_INTO_PREFIX_ROOT=0 -DCATKIN_SYMLINK_INSTALL=ON -DCMAKE_INSTALL_PREFIX=/home/maffin21/slam_ws/install/rpm_to_odom
[1.130s] Invoking command in '/home/maffin21/slam_ws/build/rpm_to_odom': /usr/bin/cmake --build /home/maffin21/slam_ws/build/rpm_to_odom -- -j12 -l12
[1.172s] [ 50%] [32mBuilding CXX object CMakeFiles/rpm_to_odom_node.dir/src/rpm_to_odom_node.cpp.o[0m
[7.720s] [100%] [32m[1mLinking CXX executable rpm_to_odom_node[0m
[8.037s] [100%] Built target rpm_to_odom_node
[8.047s] Invoked command in '/home/maffin21/slam_ws/build/rpm_to_odom' returned '0': /usr/bin/cmake --build /home/maffin21/slam_ws/build/rpm_to_odom -- -j12 -l12
[8.056s] Invoking command in '/home/maffin21/slam_ws/build/rpm_to_odom': /usr/bin/cmake --install /home/maffin21/slam_ws/build/rpm_to_odom
[8.062s] -- Install configuration: ""
[8.062s] -- Installing: /home/maffin21/slam_ws/install/rpm_to_odom/lib/rpm_to_odom/rpm_to_odom_node
[8.065s] -- Set runtime path of "/home/maffin21/slam_ws/install/rpm_to_odom/lib/rpm_to_odom/rpm_to_odom_node" to ""
[8.065s] -- Installing: /home/maffin21/slam_ws/install/rpm_to_odom/share/rpm_to_odom//launch
[8.066s] -- Installing: /home/maffin21/slam_ws/install/rpm_to_odom/share/rpm_to_odom//launch/rpm_to_odom.launch.py
[8.066s] -- Installing: /home/maffin21/slam_ws/install/rpm_to_odom/share/ament_index/resource_index/package_run_dependencies/rpm_to_odom
[8.066s] -- Installing: /home/maffin21/slam_ws/install/rpm_to_odom/share/ament_index/resource_index/parent_prefix_path/rpm_to_odom
[8.066s] -- Installing: /home/maffin21/slam_ws/install/rpm_to_odom/share/rpm_to_odom/environment/ament_prefix_path.sh
[8.067s] -- Installing: /home/maffin21/slam_ws/install/rpm_to_odom/share/rpm_to_odom/environment/ament_prefix_path.dsv
[8.067s] -- Installing: /home/maffin21/slam_ws/install/rpm_to_odom/share/rpm_to_odom/environment/path.sh
[8.067s] -- Installing: /home/maffin21/slam_ws/install/rpm_to_odom/share/rpm_to_odom/environment/path.dsv
[8.067s] -- Installing: /home/maffin21/slam_ws/install/rpm_to_odom/share/rpm_to_odom/local_setup.bash
[8.067s] -- Installing: /home/maffin21/slam_ws/install/rpm_to_odom/share/rpm_to_odom/local_setup.sh
[8.067s] -- Installing: /home/maffin21/slam_ws/install/rpm_to_odom/share/rpm_to_odom/local_setup.zsh
[8.067s] -- Installing: /home/maffin21/slam_ws/install/rpm_to_odom/share/rpm_to_odom/local_setup.dsv
[8.067s] -- Installing: /home/maffin21/slam_ws/install/rpm_to_odom/share/rpm_to_odom/package.dsv
[8.068s] -- Installing: /home/maffin21/slam_ws/install/rpm_to_odom/share/ament_index/resource_index/packages/rpm_to_odom
[8.068s] -- Installing: /home/maffin21/slam_ws/install/rpm_to_odom/share/rpm_to_odom/cmake/rpm_to_odomConfig.cmake
[8.068s] -- Installing: /home/maffin21/slam_ws/install/rpm_to_odom/share/rpm_to_odom/cmake/rpm_to_odomConfig-version.cmake
[8.068s] -- Installing: /home/maffin21/slam_ws/install/rpm_to_odom/share/rpm_to_odom/package.xml
[8.070s] Invoked command in '/home/maffin21/slam_ws/build/rpm_to_odom' returned '0': /usr/bin/cmake --install /home/maffin21/slam_ws/build/rpm_to_odom
