Determining if the function sgemm_ exists failed with the following output:
Change Dir: /home/maffin21/slam_ws/build/slam_toolbox/CMakeFiles/CMakeTmp

Run Build Command(s):/usr/bin/gmake -f Makefile cmTC_5e01e/fast && /usr/bin/gmake  -f CMakeFiles/cmTC_5e01e.dir/build.make CMakeFiles/cmTC_5e01e.dir/build
gmake[1]: ディレクトリ '/home/maffin21/slam_ws/build/slam_toolbox/CMakeFiles/CMakeTmp' に入ります
Building C object CMakeFiles/cmTC_5e01e.dir/CheckFunctionExists.c.o
/usr/bin/cc   -DCHECK_FUNCTION_EXISTS=sgemm_ -o CMakeFiles/cmTC_5e01e.dir/CheckFunctionExists.c.o -c /usr/share/cmake-3.22/Modules/CheckFunctionExists.c
Linking C executable cmTC_5e01e
/usr/bin/cmake -E cmake_link_script CMakeFiles/cmTC_5e01e.dir/link.txt --verbose=1
/usr/bin/cc  -DCHECK_FUNCTION_EXISTS=sgemm_ CMakeFiles/cmTC_5e01e.dir/CheckFunctionExists.c.o -o cmTC_5e01e 
/usr/bin/ld: CMakeFiles/cmTC_5e01e.dir/CheckFunctionExists.c.o: in function `main':
CheckFunctionExists.c:(.text+0x14): undefined reference to `sgemm_'
collect2: error: ld returned 1 exit status
gmake[1]: *** [CMakeFiles/cmTC_5e01e.dir/build.make:99: cmTC_5e01e] エラー 1
gmake[1]: ディレクトリ '/home/maffin21/slam_ws/build/slam_toolbox/CMakeFiles/CMakeTmp' から出ます
gmake: *** [Makefile:127: cmTC_5e01e/fast] エラー 2



Determining if the function cheev_ exists failed with the following output:
Change Dir: /home/maffin21/slam_ws/build/slam_toolbox/CMakeFiles/CMakeTmp

Run Build Command(s):/usr/bin/gmake -f Makefile cmTC_c2970/fast && /usr/bin/gmake  -f CMakeFiles/cmTC_c2970.dir/build.make CMakeFiles/cmTC_c2970.dir/build
gmake[1]: ディレクトリ '/home/maffin21/slam_ws/build/slam_toolbox/CMakeFiles/CMakeTmp' に入ります
Building C object CMakeFiles/cmTC_c2970.dir/CheckFunctionExists.c.o
/usr/bin/cc   -DCHECK_FUNCTION_EXISTS=cheev_ -o CMakeFiles/cmTC_c2970.dir/CheckFunctionExists.c.o -c /usr/share/cmake-3.22/Modules/CheckFunctionExists.c
Linking C executable cmTC_c2970
/usr/bin/cmake -E cmake_link_script CMakeFiles/cmTC_c2970.dir/link.txt --verbose=1
/usr/bin/cc  -DCHECK_FUNCTION_EXISTS=cheev_ CMakeFiles/cmTC_c2970.dir/CheckFunctionExists.c.o -o cmTC_c2970  /usr/lib/x86_64-linux-gnu/libblas.so /usr/lib/x86_64-linux-gnu/libf77blas.so /usr/lib/x86_64-linux-gnu/libatlas.so -lm -ldl 
/usr/bin/ld: CMakeFiles/cmTC_c2970.dir/CheckFunctionExists.c.o: in function `main':
CheckFunctionExists.c:(.text+0x14): undefined reference to `cheev_'
collect2: error: ld returned 1 exit status
gmake[1]: *** [CMakeFiles/cmTC_c2970.dir/build.make:102: cmTC_c2970] エラー 1
gmake[1]: ディレクトリ '/home/maffin21/slam_ws/build/slam_toolbox/CMakeFiles/CMakeTmp' から出ます
gmake: *** [Makefile:127: cmTC_c2970/fast] エラー 2



Determining if the function cheev_ exists failed with the following output:
Change Dir: /home/maffin21/slam_ws/build/slam_toolbox/CMakeFiles/CMakeTmp

Run Build Command(s):/usr/bin/gmake -f Makefile cmTC_b4398/fast && /usr/bin/gmake  -f CMakeFiles/cmTC_b4398.dir/build.make CMakeFiles/cmTC_b4398.dir/build
gmake[1]: ディレクトリ '/home/maffin21/slam_ws/build/slam_toolbox/CMakeFiles/CMakeTmp' に入ります
Building C object CMakeFiles/cmTC_b4398.dir/CheckFunctionExists.c.o
/usr/bin/cc   -DCHECK_FUNCTION_EXISTS=cheev_ -o CMakeFiles/cmTC_b4398.dir/CheckFunctionExists.c.o -c /usr/share/cmake-3.22/Modules/CheckFunctionExists.c
Linking C executable cmTC_b4398
/usr/bin/cmake -E cmake_link_script CMakeFiles/cmTC_b4398.dir/link.txt --verbose=1
/usr/bin/cc  -DCHECK_FUNCTION_EXISTS=cheev_ CMakeFiles/cmTC_b4398.dir/CheckFunctionExists.c.o -o cmTC_b4398  /usr/lib/x86_64-linux-gnu/liblapack.so /usr/lib/x86_64-linux-gnu/libblas.so /usr/lib/x86_64-linux-gnu/libf77blas.so /usr/lib/x86_64-linux-gnu/libatlas.so -fortranlibs 
cc: error: unrecognized command-line option ‘-fortranlibs’
gmake[1]: *** [CMakeFiles/cmTC_b4398.dir/build.make:103: cmTC_b4398] エラー 1
gmake[1]: ディレクトリ '/home/maffin21/slam_ws/build/slam_toolbox/CMakeFiles/CMakeTmp' から出ます
gmake: *** [Makefile:127: cmTC_b4398/fast] エラー 2



