[0.014s] Invoking command in '/home/maffin21/slam_ws/build/slam_toolbox': CMAKE_PREFIX_PATH=/home/maffin21/odom_ws/install/rpm_to_odom:/opt/ros/humble:/home/maffin21/slam_ws/install/rpm_to_odom:/home/maffin21/ydlidar_ws/install/ydlidar_ros2_driver /usr/bin/cmake /home/maffin21/slam_ws/src/slam_toolbox -DCMAKE_INSTALL_PREFIX=/home/maffin21/slam_ws/install/slam_toolbox
[0.058s] -- The C compiler identification is GNU 11.4.0
[0.104s] -- The CXX compiler identification is GNU 11.4.0
[0.110s] -- Detecting C compiler ABI info
[0.167s] -- Detecting C compiler ABI info - done
[0.172s] -- Check for working C compiler: /usr/bin/cc - skipped
[0.172s] -- Detecting C compile features
[0.173s] -- Detecting C compile features - done
[0.175s] -- Detecting CXX compiler ABI info
[0.240s] -- Detecting CXX compiler ABI info - done
[0.245s] -- Check for working CXX compiler: /usr/bin/c++ - skipped
[0.246s] -- Detecting CXX compile features
[0.246s] -- Detecting CXX compile features - done
[0.248s] -- Found ament_cmake: 1.3.11 (/opt/ros/humble/share/ament_cmake/cmake)
[0.366s] -- Found Python3: /usr/bin/python3 (found version "3.10.12") found components: Interpreter 
[0.437s] -- Found message_filters: 4.3.7 (/opt/ros/humble/share/message_filters/cmake)
[0.472s] -- Found rosidl_generator_c: 3.1.6 (/opt/ros/humble/share/rosidl_generator_c/cmake)
[0.476s] -- Found rosidl_adapter: 3.1.6 (/opt/ros/humble/share/rosidl_adapter/cmake)
[0.483s] -- Found rosidl_generator_cpp: 3.1.6 (/opt/ros/humble/share/rosidl_generator_cpp/cmake)
[0.492s] -- Using all available rosidl_typesupport_c: rosidl_typesupport_fastrtps_c;rosidl_typesupport_introspection_c
[0.504s] -- Using all available rosidl_typesupport_cpp: rosidl_typesupport_fastrtps_cpp;rosidl_typesupport_introspection_cpp
[0.537s] -- Found rmw_implementation_cmake: 6.1.2 (/opt/ros/humble/share/rmw_implementation_cmake/cmake)
[0.539s] -- Found rmw_fastrtps_cpp: 6.2.7 (/opt/ros/humble/share/rmw_fastrtps_cpp/cmake)
[0.610s] -- Found OpenSSL: /usr/lib/x86_64-linux-gnu/libcrypto.so (found version "3.0.2")  
[0.635s] -- Found FastRTPS: /opt/ros/humble/include  
[0.670s] -- Using RMW implementation 'rmw_fastrtps_cpp' as default
[0.677s] -- Looking for pthread.h
[0.734s] -- Looking for pthread.h - found
[0.734s] -- Performing Test CMAKE_HAVE_LIBC_PTHREAD
[0.795s] -- Performing Test CMAKE_HAVE_LIBC_PTHREAD - Success
[0.795s] -- Found Threads: TRUE  
[0.833s] -- Found nav_msgs: 4.8.0 (/opt/ros/humble/share/nav_msgs/cmake)
[0.855s] -- Found sensor_msgs: 4.8.0 (/opt/ros/humble/share/sensor_msgs/cmake)
[0.868s] -- Found tf2: 0.25.12 (/opt/ros/humble/share/tf2/cmake)
[0.877s] -- Found tf2_ros: 0.25.12 (/opt/ros/humble/share/tf2_ros/cmake)
[0.938s] -- Found visualization_msgs: 4.8.0 (/opt/ros/humble/share/visualization_msgs/cmake)
[0.953s] -- Found pluginlib: 5.1.0 (/opt/ros/humble/share/pluginlib/cmake)
[0.969s] -- Found tf2_geometry_msgs: 0.25.12 (/opt/ros/humble/share/tf2_geometry_msgs/cmake)
[0.983s] -- Found eigen3_cmake_module: 0.1.1 (/opt/ros/humble/share/eigen3_cmake_module/cmake)
[0.984s] -- Found Eigen3: TRUE (found version "3.4.0") 
[0.984s] -- Ensuring Eigen3 include directory is part of orocos-kdl CMake target
[0.987s] -- Found tf2_sensor_msgs: 0.25.12 (/opt/ros/humble/share/tf2_sensor_msgs/cmake)
[0.990s] -- Found std_srvs: 4.8.0 (/opt/ros/humble/share/std_srvs/cmake)
[0.998s] -- Found rosidl_default_generators: 1.2.0 (/opt/ros/humble/share/rosidl_default_generators/cmake)
[1.007s] -- Found lifecycle_msgs: 1.2.1 (/opt/ros/humble/share/lifecycle_msgs/cmake)
[1.017s] -- Found bondcpp: 4.1.2 (/opt/ros/humble/share/bondcpp/cmake)
[1.046s] -- Found rviz_common: 11.2.16 (/opt/ros/humble/share/rviz_common/cmake)
[1.067s] -- Setting assimp_DIR to: '/opt/ros/humble/share/rviz_assimp_vendor/cmake/../../../opt/rviz_assimp_vendor/lib/cmake/assimp-4.1'
[1.075s] -- Setting OGRE_DIR to: '/opt/ros/humble/share/rviz_ogre_vendor/cmake/../../../opt/rviz_ogre_vendor/lib/OGRE/cmake'
[1.076s] -- Found OGRE
[1.076s] --   static     : OFF
[1.076s] --   components : HLMS;MeshLodGenerator;Overlay;Paging;Property;RTShaderSystem;Terrain;Volume
[1.076s] --   plugins    : Plugin_BSPSceneManager;Plugin_OctreeSceneManager;Plugin_PCZSceneManager;Plugin_ParticleFX;RenderSystem_GL;RenderSystem_GL3Plus;Codec_STBI
[1.076s] --   media      : /opt/ros/humble/opt/rviz_ogre_vendor/share/OGRE/Media
[1.076s] -- OGRE_LIBRARIES: OgreHLMS;OgreMeshLodGenerator;OgreOverlay;OgrePaging;OgreProperty;OgreRTShaderSystem;OgreTerrain;OgreVolume;OgreMain
[1.077s] -- OGRE_LIBRARY_DIRS: /opt/ros/humble/opt/rviz_ogre_vendor/lib
[1.077s] -- OGRE_PLUGINS: Plugin_BSPSceneManager;Plugin_OctreeSceneManager;Plugin_PCZSceneManager;Plugin_ParticleFX;RenderSystem_GL;RenderSystem_GL3Plus;Codec_STBI
[1.077s] -- OGRE_PLUGIN_DIR: /opt/ros/humble/opt/rviz_ogre_vendor/lib/OGRE
[1.077s] -- rviz_ogre_vendor::OgreOverlay for IMPORTED_LOCATION_RELEASE: /opt/ros/humble/opt/rviz_ogre_vendor/lib/libOgreOverlay.so
[1.077s] -- rviz_ogre_vendor::OgreOverlay for IMPORTED_LOCATION_DEBUG: /opt/ros/humble/opt/rviz_ogre_vendor/lib/libOgreOverlay.so
[1.077s] -- rviz_ogre_vendor::OgreMain for IMPORTED_LOCATION_RELEASE: /opt/ros/humble/opt/rviz_ogre_vendor/lib/libOgreMain.so
[1.077s] -- rviz_ogre_vendor::OgreMain for IMPORTED_LOCATION_DEBUG: /opt/ros/humble/opt/rviz_ogre_vendor/lib/libOgreMain.so
[1.078s] -- Could not find freeimage library
[1.092s] -- Found ZLIB: /usr/lib/x86_64-linux-gnu/libz.so (found version "1.2.11") 
[1.096s] -- Found OpenGL: /usr/lib/x86_64-linux-gnu/libOpenGL.so   
[1.175s] -- Found X11: /usr/include   
[1.175s] -- Looking for XOpenDisplay in /usr/lib/x86_64-linux-gnu/libX11.so;/usr/lib/x86_64-linux-gnu/libXext.so
[1.238s] -- Looking for XOpenDisplay in /usr/lib/x86_64-linux-gnu/libX11.so;/usr/lib/x86_64-linux-gnu/libXext.so - found
[1.238s] -- Looking for gethostbyname
[1.297s] -- Looking for gethostbyname - found
[1.297s] -- Looking for connect
[1.358s] -- Looking for connect - found
[1.358s] -- Looking for remove
[1.419s] -- Looking for remove - found
[1.419s] -- Looking for shmat
[1.480s] -- Looking for shmat - found
[1.480s] -- Looking for IceConnectionNumber in ICE
[1.542s] -- Looking for IceConnectionNumber in ICE - found
[1.615s] -- library: /usr/lib/x86_64-linux-gnu/libcurl.so
[1.638s] -- Found rviz_default_plugins: 11.2.16 (/opt/ros/humble/share/rviz_default_plugins/cmake)
[1.705s] -- Found Boost: /usr/lib/x86_64-linux-gnu/cmake/Boost-1.74.0/BoostConfig.cmake (found version "1.74.0") found components: system serialization filesystem thread 
[1.713s] -- Found PkgConfig: /usr/bin/pkg-config (found version "0.29.2") 
[1.721s] -- Found CHOLMOD: /usr/include/suitesparse  
[1.722s] -- Found CSparse: /usr/include/suitesparse  
[1.748s] -- Looking for sgemm_
[1.808s] -- Looking for sgemm_ - not found
[1.830s] -- Looking for dgemm_
[1.902s] -- Looking for dgemm_ - found
[1.902s] -- Found BLAS: /usr/lib/x86_64-linux-gnu/libblas.so;/usr/lib/x86_64-linux-gnu/libf77blas.so;/usr/lib/x86_64-linux-gnu/libatlas.so  
[1.904s] -- Looking for cheev_
[1.968s] -- Looking for cheev_ - not found
[1.976s] -- Looking for cheev_
[2.027s] -- Looking for cheev_ - not found
[2.027s] -- Looking for cheev_
[2.099s] -- Looking for cheev_ - found
[2.100s] -- Found LAPACK: /usr/lib/x86_64-linux-gnu/liblapack.so;/usr/lib/x86_64-linux-gnu/libblas.so;/usr/lib/x86_64-linux-gnu/libf77blas.so;/usr/lib/x86_64-linux-gnu/libatlas.so  
[2.116s] -- Found CXSparse: /usr/include/suitesparse (found suitable version "3.2.0", minimum required is "3.2.0") 
[2.174s] -- Found AMD headers in: /usr/include/suitesparse
[2.175s] -- Found AMD library: /usr/lib/x86_64-linux-gnu/libamd.so
[2.175s] -- Found CAMD headers in: /usr/include/suitesparse
[2.176s] -- Found CAMD library: /usr/lib/x86_64-linux-gnu/libcamd.so
[2.176s] -- Found CCOLAMD headers in: /usr/include/suitesparse
[2.176s] -- Found CCOLAMD library: /usr/lib/x86_64-linux-gnu/libccolamd.so
[2.177s] -- Found CHOLMOD headers in: /usr/include/suitesparse
[2.177s] -- Found CHOLMOD library: /usr/lib/x86_64-linux-gnu/libcholmod.so
[2.177s] -- Found COLAMD headers in: /usr/include/suitesparse
[2.178s] -- Found COLAMD library: /usr/lib/x86_64-linux-gnu/libcolamd.so
[2.178s] -- Found SPQR headers in: /usr/include/suitesparse
[2.178s] -- Found SPQR library: /usr/lib/x86_64-linux-gnu/libspqr.so
[2.179s] -- Found Config headers in: /usr/include/suitesparse
[2.179s] -- Found Config library: /usr/lib/x86_64-linux-gnu/libsuitesparseconfig.so
[2.180s] -- Found Intel Thread Building Blocks (TBB) library (2021.5 / ) include location: . Assuming SuiteSparseQR was compiled with TBB.
[2.180s] -- Looking for shm_open in rt
[2.240s] -- Looking for shm_open in rt - found
[2.240s] -- Adding librt to SuiteSparse_config libraries (required on Linux & Unix [not OSX] if SuiteSparse is compiled with timing).
[2.244s] -- Could NOT find METIS (missing: METIS_INCLUDE_DIR METIS_LIBRARY) 
[2.245s] -- Found SuiteSparse: /usr/include/suitesparse (found suitable version "5.10.1", minimum required is "5.10.1") found components: AMD CAMD CCOLAMD CHOLMOD COLAMD SPQR Config 
[2.246s] -- Found required Ceres dependency: Eigen version 3.4.0 in /usr/share/eigen3/cmake
[2.251s] -- Found required Ceres dependency: glog
[2.252s] -- Found required Ceres dependency: gflags
[2.252s] -- Found Ceres version: 2.1.0 installed in: /usr/local with components: [EigenSparse, SparseLinearAlgebraLibrary, LAPACK, SuiteSparse, CXSparse, SchurSpecializations, Multithreading]
[2.571s] -- Found ament_cmake_ros: 0.10.0 (/opt/ros/humble/share/ament_cmake_ros/cmake)
[2.975s] -- Using all available rosidl_typesupport_c: rosidl_typesupport_fastrtps_c;rosidl_typesupport_introspection_c
[3.134s] -- Using all available rosidl_typesupport_cpp: rosidl_typesupport_fastrtps_cpp;rosidl_typesupport_introspection_cpp
[3.153s] -- Found PythonInterp: /usr/bin/python3 (found suitable version "3.10.12", minimum required is "3.6") 
[3.154s] -- Found python_cmake_module: 0.10.0 (/opt/ros/humble/share/python_cmake_module/cmake)
[3.176s] -- Found PythonLibs: /usr/lib/x86_64-linux-gnu/libpython3.10.so (found suitable version "3.10.12", minimum required is "3.5") 
[3.177s] -- Using PYTHON_EXECUTABLE: /usr/bin/python3
[3.177s] -- Using PYTHON_INCLUDE_DIRS: /usr/include/python3.10
[3.177s] -- Using PYTHON_LIBRARIES: /usr/lib/x86_64-linux-gnu/libpython3.10.so
[3.194s] -- Found PythonExtra: .so  
[3.294s] -- Configuring done
[3.522s] -- Generating done
[3.571s] -- Build files have been written to: /home/maffin21/slam_ws/build/slam_toolbox
[3.594s] Invoked command in '/home/maffin21/slam_ws/build/slam_toolbox' returned '0': CMAKE_PREFIX_PATH=/home/maffin21/odom_ws/install/rpm_to_odom:/opt/ros/humble:/home/maffin21/slam_ws/install/rpm_to_odom:/home/maffin21/ydlidar_ws/install/ydlidar_ros2_driver /usr/bin/cmake /home/maffin21/slam_ws/src/slam_toolbox -DCMAKE_INSTALL_PREFIX=/home/maffin21/slam_ws/install/slam_toolbox
[3.595s] Invoking command in '/home/maffin21/slam_ws/build/slam_toolbox': CMAKE_PREFIX_PATH=/home/maffin21/odom_ws/install/rpm_to_odom:/opt/ros/humble:/home/maffin21/slam_ws/install/rpm_to_odom:/home/maffin21/ydlidar_ws/install/ydlidar_ros2_driver /usr/bin/cmake --build /home/maffin21/slam_ws/build/slam_toolbox -- -j12 -l12
[3.639s] [  1%] [34m[1mGenerating C code for ROS interfaces[0m
[3.648s] [  3%] [32mBuilding CXX object lib/karto_sdk/CMakeFiles/kartoSlamToolbox.dir/src/Mapper.cpp.o[0m
[3.648s] [  3%] [32mBuilding CXX object lib/karto_sdk/CMakeFiles/kartoSlamToolbox.dir/src/Karto.cpp.o[0m
[3.651s] [  3%] [34m[1mGenerating C++ code for ROS interfaces[0m
[3.657s] [  3%] Built target ament_cmake_python_copy_slam_toolbox
[3.871s] running egg_info
[3.871s] creating slam_toolbox.egg-info
[3.871s] writing slam_toolbox.egg-info/PKG-INFO
[3.872s] writing dependency_links to slam_toolbox.egg-info/dependency_links.txt
[3.872s] writing top-level names to slam_toolbox.egg-info/top_level.txt
[3.872s] writing manifest file 'slam_toolbox.egg-info/SOURCES.txt'
[3.875s] reading manifest file 'slam_toolbox.egg-info/SOURCES.txt'
[3.875s] writing manifest file 'slam_toolbox.egg-info/SOURCES.txt'
[3.907s] [  3%] Built target ament_cmake_python_build_slam_toolbox_egg
[4.544s] [  3%] [32mBuilding C object CMakeFiles/slam_toolbox__rosidl_generator_c.dir/rosidl_generator_c/slam_toolbox/srv/detail/pause__functions.c.o[0m
[4.545s] [  4%] [32mBuilding C object CMakeFiles/slam_toolbox__rosidl_generator_c.dir/rosidl_generator_c/slam_toolbox/srv/detail/reset__functions.c.o[0m
[4.547s] [  5%] [32mBuilding C object CMakeFiles/slam_toolbox__rosidl_generator_c.dir/rosidl_generator_c/slam_toolbox/srv/detail/toggle_interactive__functions.c.o[0m
[4.548s] [  5%] [32mBuilding C object CMakeFiles/slam_toolbox__rosidl_generator_c.dir/rosidl_generator_c/slam_toolbox/srv/detail/clear__functions.c.o[0m
[4.549s] [  6%] [32mBuilding C object CMakeFiles/slam_toolbox__rosidl_generator_c.dir/rosidl_generator_c/slam_toolbox/srv/detail/clear_queue__functions.c.o[0m
[4.559s] [  7%] [32mBuilding C object CMakeFiles/slam_toolbox__rosidl_generator_c.dir/rosidl_generator_c/slam_toolbox/srv/detail/save_map__functions.c.o[0m
[4.569s] [  8%] [32mBuilding C object CMakeFiles/slam_toolbox__rosidl_generator_c.dir/rosidl_generator_c/slam_toolbox/srv/detail/loop_closure__functions.c.o[0m
[4.586s] [  8%] [32mBuilding C object CMakeFiles/slam_toolbox__rosidl_generator_c.dir/rosidl_generator_c/slam_toolbox/srv/detail/merge_maps__functions.c.o[0m
[4.587s] [  9%] [32mBuilding C object CMakeFiles/slam_toolbox__rosidl_generator_c.dir/rosidl_generator_c/slam_toolbox/srv/detail/add_submap__functions.c.o[0m
[4.730s] [ 10%] [32mBuilding C object CMakeFiles/slam_toolbox__rosidl_generator_c.dir/rosidl_generator_c/slam_toolbox/srv/detail/deserialize_pose_graph__functions.c.o[0m
[4.744s] [ 10%] [32mBuilding C object CMakeFiles/slam_toolbox__rosidl_generator_c.dir/rosidl_generator_c/slam_toolbox/srv/detail/serialize_pose_graph__functions.c.o[0m
[4.808s] [ 10%] Built target slam_toolbox__cpp
[4.822s] [ 13%] [34m[1mGenerating C++ type support for eProsima Fast-RTPS[0m
[4.822s] [ 13%] [34m[1mGenerating C++ type support dispatch for ROS interfaces[0m
[4.822s] [ 13%] [34m[1mGenerating C++ introspection for ROS interfaces[0m
[4.880s] [ 14%] [32m[1mLinking C shared library libslam_toolbox__rosidl_generator_c.so[0m
[4.935s] [ 14%] Built target slam_toolbox__rosidl_generator_c
[4.951s] [ 17%] [34m[1mGenerating C introspection for ROS interfaces[0m
[4.951s] [ 17%] [34m[1mGenerating C type support dispatch for ROS interfaces[0m
[4.951s] [ 17%] [34m[1mGenerating C type support for eProsima Fast-RTPS[0m
[5.566s] [ 17%] [32mBuilding CXX object CMakeFiles/slam_toolbox__rosidl_typesupport_cpp.dir/rosidl_typesupport_cpp/slam_toolbox/srv/pause__type_support.cpp.o[0m
[5.567s] [ 18%] [32mBuilding CXX object CMakeFiles/slam_toolbox__rosidl_typesupport_cpp.dir/rosidl_typesupport_cpp/slam_toolbox/srv/reset__type_support.cpp.o[0m
[5.567s] [ 19%] [32mBuilding CXX object CMakeFiles/slam_toolbox__rosidl_typesupport_cpp.dir/rosidl_typesupport_cpp/slam_toolbox/srv/clear_queue__type_support.cpp.o[0m
[5.572s] [ 20%] [32mBuilding CXX object CMakeFiles/slam_toolbox__rosidl_typesupport_cpp.dir/rosidl_typesupport_cpp/slam_toolbox/srv/toggle_interactive__type_support.cpp.o[0m
[5.595s] [ 20%] [32mBuilding CXX object CMakeFiles/slam_toolbox__rosidl_typesupport_cpp.dir/rosidl_typesupport_cpp/slam_toolbox/srv/clear__type_support.cpp.o[0m
[6.066s] [ 21%] [32mBuilding CXX object CMakeFiles/slam_toolbox__rosidl_typesupport_cpp.dir/rosidl_typesupport_cpp/slam_toolbox/srv/save_map__type_support.cpp.o[0m
[6.080s] [ 22%] [32mBuilding CXX object CMakeFiles/slam_toolbox__rosidl_typesupport_cpp.dir/rosidl_typesupport_cpp/slam_toolbox/srv/loop_closure__type_support.cpp.o[0m
[6.087s] [ 22%] [32mBuilding CXX object CMakeFiles/slam_toolbox__rosidl_typesupport_c.dir/rosidl_typesupport_c/slam_toolbox/srv/pause__type_support.cpp.o[0m
[6.094s] [ 23%] [32mBuilding CXX object CMakeFiles/slam_toolbox__rosidl_typesupport_c.dir/rosidl_typesupport_c/slam_toolbox/srv/reset__type_support.cpp.o[0m
[6.118s] [ 24%] [32mBuilding CXX object CMakeFiles/slam_toolbox__rosidl_typesupport_c.dir/rosidl_typesupport_c/slam_toolbox/srv/clear_queue__type_support.cpp.o[0m
[6.152s] [ 24%] [32mBuilding CXX object CMakeFiles/slam_toolbox__rosidl_typesupport_c.dir/rosidl_typesupport_c/slam_toolbox/srv/toggle_interactive__type_support.cpp.o[0m
[6.160s] [ 25%] [32mBuilding CXX object CMakeFiles/slam_toolbox__rosidl_typesupport_c.dir/rosidl_typesupport_c/slam_toolbox/srv/clear__type_support.cpp.o[0m
[6.169s] [ 25%] [32mBuilding CXX object CMakeFiles/slam_toolbox__rosidl_typesupport_cpp.dir/rosidl_typesupport_cpp/slam_toolbox/srv/merge_maps__type_support.cpp.o[0m
[6.197s] [ 26%] [32mBuilding CXX object CMakeFiles/slam_toolbox__rosidl_typesupport_cpp.dir/rosidl_typesupport_cpp/slam_toolbox/srv/add_submap__type_support.cpp.o[0m
[6.208s] [ 27%] [32mBuilding CXX object CMakeFiles/slam_toolbox__rosidl_typesupport_c.dir/rosidl_typesupport_c/slam_toolbox/srv/save_map__type_support.cpp.o[0m
[6.266s] [ 27%] [32mBuilding CXX object CMakeFiles/slam_toolbox__rosidl_typesupport_c.dir/rosidl_typesupport_c/slam_toolbox/srv/loop_closure__type_support.cpp.o[0m
[6.285s] [ 28%] [32mBuilding CXX object CMakeFiles/slam_toolbox__rosidl_typesupport_c.dir/rosidl_typesupport_c/slam_toolbox/srv/merge_maps__type_support.cpp.o[0m
[6.341s] [ 28%] [32mBuilding CXX object CMakeFiles/slam_toolbox__rosidl_typesupport_introspection_cpp.dir/rosidl_typesupport_introspection_cpp/slam_toolbox/srv/detail/pause__type_support.cpp.o[0m
[6.347s] [ 29%] [32mBuilding CXX object CMakeFiles/slam_toolbox__rosidl_typesupport_introspection_cpp.dir/rosidl_typesupport_introspection_cpp/slam_toolbox/srv/detail/reset__type_support.cpp.o[0m
[6.360s] [ 30%] [32mBuilding CXX object CMakeFiles/slam_toolbox__rosidl_typesupport_c.dir/rosidl_typesupport_c/slam_toolbox/srv/add_submap__type_support.cpp.o[0m
[6.364s] [ 30%] [32mBuilding C object CMakeFiles/slam_toolbox__rosidl_typesupport_introspection_c.dir/rosidl_typesupport_introspection_c/slam_toolbox/srv/detail/pause__type_support.c.o[0m
[6.421s] [ 30%] [32mBuilding CXX object CMakeFiles/slam_toolbox__rosidl_typesupport_fastrtps_cpp.dir/rosidl_typesupport_fastrtps_cpp/slam_toolbox/srv/detail/dds_fastrtps/pause__type_support.cpp.o[0m
[6.431s] [ 30%] [32mBuilding CXX object CMakeFiles/slam_toolbox__rosidl_typesupport_c.dir/rosidl_typesupport_c/slam_toolbox/srv/deserialize_pose_graph__type_support.cpp.o[0m
[6.474s] [ 31%] [32mBuilding C object CMakeFiles/slam_toolbox__rosidl_typesupport_introspection_c.dir/rosidl_typesupport_introspection_c/slam_toolbox/srv/detail/reset__type_support.c.o[0m
[6.491s] [ 32%] [32mBuilding CXX object CMakeFiles/slam_toolbox__rosidl_typesupport_c.dir/rosidl_typesupport_c/slam_toolbox/srv/serialize_pose_graph__type_support.cpp.o[0m
[6.500s] [ 33%] [32mBuilding CXX object CMakeFiles/slam_toolbox__rosidl_typesupport_fastrtps_cpp.dir/rosidl_typesupport_fastrtps_cpp/slam_toolbox/srv/detail/dds_fastrtps/reset__type_support.cpp.o[0m
[6.503s] [ 34%] [32mBuilding CXX object CMakeFiles/slam_toolbox__rosidl_typesupport_fastrtps_cpp.dir/rosidl_typesupport_fastrtps_cpp/slam_toolbox/srv/detail/dds_fastrtps/clear_queue__type_support.cpp.o[0m
[6.570s] [ 35%] [32mBuilding C object CMakeFiles/slam_toolbox__rosidl_typesupport_introspection_c.dir/rosidl_typesupport_introspection_c/slam_toolbox/srv/detail/clear_queue__type_support.c.o[0m
[6.575s] [ 36%] [32m[1mLinking CXX shared library libslam_toolbox__rosidl_typesupport_c.so[0m
[6.599s] [ 36%] [32mBuilding CXX object CMakeFiles/slam_toolbox__rosidl_typesupport_fastrtps_c.dir/rosidl_typesupport_fastrtps_c/slam_toolbox/srv/detail/pause__type_support_c.cpp.o[0m
[6.632s] [ 37%] [32mBuilding CXX object CMakeFiles/slam_toolbox__rosidl_typesupport_cpp.dir/rosidl_typesupport_cpp/slam_toolbox/srv/deserialize_pose_graph__type_support.cpp.o[0m
[6.635s] [ 37%] [32mBuilding CXX object CMakeFiles/slam_toolbox__rosidl_typesupport_fastrtps_cpp.dir/rosidl_typesupport_fastrtps_cpp/slam_toolbox/srv/detail/dds_fastrtps/toggle_interactive__type_support.cpp.o[0m
[6.641s] [ 37%] [32mBuilding C object CMakeFiles/slam_toolbox__rosidl_typesupport_introspection_c.dir/rosidl_typesupport_introspection_c/slam_toolbox/srv/detail/toggle_interactive__type_support.c.o[0m
[6.667s] [ 37%] Built target slam_toolbox__rosidl_typesupport_c
[6.682s] [ 37%] [32mBuilding CXX object CMakeFiles/slam_toolbox__rosidl_typesupport_cpp.dir/rosidl_typesupport_cpp/slam_toolbox/srv/serialize_pose_graph__type_support.cpp.o[0m
[6.721s] [ 38%] [32mBuilding C object CMakeFiles/slam_toolbox__rosidl_typesupport_introspection_c.dir/rosidl_typesupport_introspection_c/slam_toolbox/srv/detail/clear__type_support.c.o[0m
[6.785s] [ 39%] [32mBuilding C object CMakeFiles/slam_toolbox__rosidl_typesupport_introspection_c.dir/rosidl_typesupport_introspection_c/slam_toolbox/srv/detail/save_map__type_support.c.o[0m
[6.892s] [ 39%] [32mBuilding C object CMakeFiles/slam_toolbox__rosidl_typesupport_introspection_c.dir/rosidl_typesupport_introspection_c/slam_toolbox/srv/detail/loop_closure__type_support.c.o[0m
[6.936s] [ 40%] [32mBuilding CXX object CMakeFiles/slam_toolbox__rosidl_typesupport_fastrtps_c.dir/rosidl_typesupport_fastrtps_c/slam_toolbox/srv/detail/reset__type_support_c.cpp.o[0m
[6.952s] [ 41%] [32mBuilding CXX object CMakeFiles/slam_toolbox__rosidl_typesupport_introspection_cpp.dir/rosidl_typesupport_introspection_cpp/slam_toolbox/srv/detail/clear_queue__type_support.cpp.o[0m
[6.986s] [ 42%] [32mBuilding C object CMakeFiles/slam_toolbox__rosidl_typesupport_introspection_c.dir/rosidl_typesupport_introspection_c/slam_toolbox/srv/detail/merge_maps__type_support.c.o[0m
[7.048s] [ 43%] [32mBuilding CXX object CMakeFiles/slam_toolbox__rosidl_typesupport_fastrtps_cpp.dir/rosidl_typesupport_fastrtps_cpp/slam_toolbox/srv/detail/dds_fastrtps/clear__type_support.cpp.o[0m
[7.054s] [ 44%] [32mBuilding C object CMakeFiles/slam_toolbox__rosidl_typesupport_introspection_c.dir/rosidl_typesupport_introspection_c/slam_toolbox/srv/detail/add_submap__type_support.c.o[0m
[7.120s] [ 45%] [32m[1mLinking CXX shared library libslam_toolbox__rosidl_typesupport_cpp.so[0m
[7.145s] [ 45%] [32mBuilding C object CMakeFiles/slam_toolbox__rosidl_typesupport_introspection_c.dir/rosidl_typesupport_introspection_c/slam_toolbox/srv/detail/deserialize_pose_graph__type_support.c.o[0m
[7.147s] [ 46%] [32mBuilding CXX object CMakeFiles/slam_toolbox__rosidl_typesupport_fastrtps_c.dir/rosidl_typesupport_fastrtps_c/slam_toolbox/srv/detail/clear_queue__type_support_c.cpp.o[0m
[7.187s] [ 46%] [32mBuilding CXX object CMakeFiles/slam_toolbox__rosidl_typesupport_introspection_cpp.dir/rosidl_typesupport_introspection_cpp/slam_toolbox/srv/detail/toggle_interactive__type_support.cpp.o[0m
[7.215s] [ 47%] [32mBuilding CXX object CMakeFiles/slam_toolbox__rosidl_typesupport_introspection_cpp.dir/rosidl_typesupport_introspection_cpp/slam_toolbox/srv/detail/clear__type_support.cpp.o[0m
[7.225s] [ 47%] Built target slam_toolbox__rosidl_typesupport_cpp
[7.229s] [ 48%] [32mBuilding C object CMakeFiles/slam_toolbox__rosidl_typesupport_introspection_c.dir/rosidl_typesupport_introspection_c/slam_toolbox/srv/detail/serialize_pose_graph__type_support.c.o[0m
[7.241s] [ 49%] [32mBuilding CXX object CMakeFiles/slam_toolbox__rosidl_typesupport_introspection_cpp.dir/rosidl_typesupport_introspection_cpp/slam_toolbox/srv/detail/save_map__type_support.cpp.o[0m
[7.264s] [ 49%] [32mBuilding CXX object CMakeFiles/slam_toolbox__rosidl_typesupport_introspection_cpp.dir/rosidl_typesupport_introspection_cpp/slam_toolbox/srv/detail/loop_closure__type_support.cpp.o[0m
[7.298s] [ 50%] [32m[1mLinking C shared library libslam_toolbox__rosidl_typesupport_introspection_c.so[0m
[7.401s] [ 50%] Built target slam_toolbox__rosidl_typesupport_introspection_c
[7.418s] [ 51%] [32mBuilding CXX object CMakeFiles/slam_toolbox__rosidl_typesupport_fastrtps_cpp.dir/rosidl_typesupport_fastrtps_cpp/slam_toolbox/srv/detail/dds_fastrtps/save_map__type_support.cpp.o[0m
[7.440s] [ 51%] [34m[1mGenerating rviz_plugin/moc_slam_toolbox_rviz_plugin.cpp[0m
[7.534s] [ 52%] [32mBuilding CXX object CMakeFiles/SlamToolboxPlugin.dir/rviz_plugin/slam_toolbox_rviz_plugin.cpp.o[0m
[7.558s] [ 52%] [32mBuilding CXX object CMakeFiles/slam_toolbox__rosidl_typesupport_fastrtps_c.dir/rosidl_typesupport_fastrtps_c/slam_toolbox/srv/detail/toggle_interactive__type_support_c.cpp.o[0m
[7.573s] [ 53%] [32mBuilding CXX object CMakeFiles/slam_toolbox__rosidl_typesupport_fastrtps_c.dir/rosidl_typesupport_fastrtps_c/slam_toolbox/srv/detail/clear__type_support_c.cpp.o[0m
[7.719s] [ 54%] [32mBuilding CXX object CMakeFiles/slam_toolbox__rosidl_typesupport_fastrtps_c.dir/rosidl_typesupport_fastrtps_c/slam_toolbox/srv/detail/save_map__type_support_c.cpp.o[0m
[7.800s] [ 55%] [32mBuilding CXX object CMakeFiles/SlamToolboxPlugin.dir/rviz_plugin/moc_slam_toolbox_rviz_plugin.cpp.o[0m
[7.861s] [ 55%] [32mBuilding CXX object CMakeFiles/slam_toolbox__rosidl_typesupport_fastrtps_c.dir/rosidl_typesupport_fastrtps_c/slam_toolbox/srv/detail/loop_closure__type_support_c.cpp.o[0m
[7.861s] [ 56%] [32mBuilding CXX object CMakeFiles/slam_toolbox__rosidl_typesupport_introspection_cpp.dir/rosidl_typesupport_introspection_cpp/slam_toolbox/srv/detail/add_submap__type_support.cpp.o[0m
[7.867s] [ 57%] [32mBuilding CXX object CMakeFiles/slam_toolbox__rosidl_typesupport_introspection_cpp.dir/rosidl_typesupport_introspection_cpp/slam_toolbox/srv/detail/merge_maps__type_support.cpp.o[0m
[7.869s] [ 57%] [32mBuilding CXX object CMakeFiles/slam_toolbox__rosidl_typesupport_fastrtps_cpp.dir/rosidl_typesupport_fastrtps_cpp/slam_toolbox/srv/detail/dds_fastrtps/loop_closure__type_support.cpp.o[0m
[8.094s] [ 57%] [32mBuilding CXX object CMakeFiles/slam_toolbox__rosidl_typesupport_introspection_cpp.dir/rosidl_typesupport_introspection_cpp/slam_toolbox/srv/detail/deserialize_pose_graph__type_support.cpp.o[0m
[8.183s] [ 58%] [32mBuilding CXX object CMakeFiles/slam_toolbox__rosidl_typesupport_fastrtps_cpp.dir/rosidl_typesupport_fastrtps_cpp/slam_toolbox/srv/detail/dds_fastrtps/merge_maps__type_support.cpp.o[0m
[8.225s] [ 59%] [32mBuilding CXX object CMakeFiles/slam_toolbox__rosidl_typesupport_fastrtps_cpp.dir/rosidl_typesupport_fastrtps_cpp/slam_toolbox/srv/detail/dds_fastrtps/add_submap__type_support.cpp.o[0m
[8.322s] [ 60%] [32mBuilding CXX object CMakeFiles/slam_toolbox__rosidl_typesupport_introspection_cpp.dir/rosidl_typesupport_introspection_cpp/slam_toolbox/srv/detail/serialize_pose_graph__type_support.cpp.o[0m
[8.408s] [ 61%] [32mBuilding CXX object CMakeFiles/slam_toolbox__rosidl_typesupport_fastrtps_c.dir/rosidl_typesupport_fastrtps_c/slam_toolbox/srv/detail/merge_maps__type_support_c.cpp.o[0m
[8.450s] [ 61%] [32mBuilding CXX object CMakeFiles/slam_toolbox__rosidl_typesupport_fastrtps_cpp.dir/rosidl_typesupport_fastrtps_cpp/slam_toolbox/srv/detail/dds_fastrtps/deserialize_pose_graph__type_support.cpp.o[0m
[8.520s] [ 62%] [32mBuilding CXX object CMakeFiles/slam_toolbox__rosidl_typesupport_fastrtps_cpp.dir/rosidl_typesupport_fastrtps_cpp/slam_toolbox/srv/detail/dds_fastrtps/serialize_pose_graph__type_support.cpp.o[0m
[8.599s] [ 63%] [32mBuilding CXX object CMakeFiles/slam_toolbox__rosidl_typesupport_fastrtps_c.dir/rosidl_typesupport_fastrtps_c/slam_toolbox/srv/detail/add_submap__type_support_c.cpp.o[0m
[8.693s] [ 63%] [32mBuilding CXX object CMakeFiles/slam_toolbox__rosidl_typesupport_fastrtps_c.dir/rosidl_typesupport_fastrtps_c/slam_toolbox/srv/detail/deserialize_pose_graph__type_support_c.cpp.o[0m
[8.846s] [ 64%] [32mBuilding CXX object CMakeFiles/slam_toolbox__rosidl_typesupport_fastrtps_c.dir/rosidl_typesupport_fastrtps_c/slam_toolbox/srv/detail/serialize_pose_graph__type_support_c.cpp.o[0m
[8.931s] [ 65%] [32m[1mLinking CXX shared library libslam_toolbox__rosidl_typesupport_introspection_cpp.so[0m
[9.065s] [ 65%] Built target slam_toolbox__rosidl_typesupport_introspection_cpp
[9.174s] [ 66%] [32m[1mLinking CXX shared library libslam_toolbox__rosidl_typesupport_fastrtps_cpp.so[0m
[9.269s] [ 66%] Built target slam_toolbox__rosidl_typesupport_fastrtps_cpp
[9.291s] [ 67%] [32m[1mLinking CXX shared library libslam_toolbox__rosidl_typesupport_fastrtps_c.so[0m
[9.378s] [ 67%] Built target slam_toolbox__rosidl_typesupport_fastrtps_c
[9.399s] [ 67%] Built target slam_toolbox
[9.422s] [ 68%] [34m[1mGenerating Python code for ROS interfaces[0m
[10.911s] [ 68%] Built target slam_toolbox__py
[10.934s] [ 69%] [32mBuilding C object CMakeFiles/slam_toolbox__rosidl_generator_py.dir/rosidl_generator_py/slam_toolbox/srv/_reset_s.c.o[0m
[10.935s] [ 69%] [32mBuilding C object CMakeFiles/slam_toolbox__rosidl_generator_py.dir/rosidl_generator_py/slam_toolbox/srv/_toggle_interactive_s.c.o[0m
[10.935s] [ 71%] [32mBuilding C object CMakeFiles/slam_toolbox__rosidl_generator_py.dir/rosidl_generator_py/slam_toolbox/srv/_clear_queue_s.c.o[0m
[10.935s] [ 72%] [32mBuilding C object CMakeFiles/slam_toolbox__rosidl_generator_py.dir/rosidl_generator_py/slam_toolbox/srv/_loop_closure_s.c.o[0m
[10.935s] [ 73%] [32mBuilding C object CMakeFiles/slam_toolbox__rosidl_generator_py.dir/rosidl_generator_py/slam_toolbox/srv/_save_map_s.c.o[0m
[10.935s] [ 73%] [32mBuilding C object CMakeFiles/slam_toolbox__rosidl_generator_py.dir/rosidl_generator_py/slam_toolbox/srv/_pause_s.c.o[0m
[10.935s] [ 73%] [32mBuilding C object CMakeFiles/slam_toolbox__rosidl_generator_py.dir/rosidl_generator_py/slam_toolbox/srv/_clear_s.c.o[0m
[10.936s] [ 73%] [32mBuilding C object CMakeFiles/slam_toolbox__rosidl_generator_py.dir/rosidl_generator_py/slam_toolbox/srv/_merge_maps_s.c.o[0m
[11.117s] [ 74%] [32mBuilding C object CMakeFiles/slam_toolbox__rosidl_generator_py.dir/rosidl_generator_py/slam_toolbox/srv/_add_submap_s.c.o[0m
[11.117s] [ 75%] [32mBuilding C object CMakeFiles/slam_toolbox__rosidl_generator_py.dir/rosidl_generator_py/slam_toolbox/srv/_deserialize_pose_graph_s.c.o[0m
[11.117s] [ 75%] [32mBuilding C object CMakeFiles/slam_toolbox__rosidl_generator_py.dir/rosidl_generator_py/slam_toolbox/srv/_serialize_pose_graph_s.c.o[0m
[11.289s] [ 76%] [32m[1mLinking C shared library rosidl_generator_py/slam_toolbox/libslam_toolbox__rosidl_generator_py.so[0m
[11.333s] [ 76%] Built target slam_toolbox__rosidl_generator_py
[11.353s] [ 76%] [32mBuilding C object CMakeFiles/slam_toolbox__rosidl_typesupport_introspection_c__pyext.dir/rosidl_generator_py/slam_toolbox/_slam_toolbox_s.ep.rosidl_typesupport_introspection_c.c.o[0m
[11.353s] [ 76%] [32mBuilding C object CMakeFiles/slam_toolbox__rosidl_typesupport_fastrtps_c__pyext.dir/rosidl_generator_py/slam_toolbox/_slam_toolbox_s.ep.rosidl_typesupport_fastrtps_c.c.o[0m
[11.360s] [ 76%] [32mBuilding C object CMakeFiles/slam_toolbox__rosidl_typesupport_c__pyext.dir/rosidl_generator_py/slam_toolbox/_slam_toolbox_s.ep.rosidl_typesupport_c.c.o[0m
[11.702s] [ 77%] [32m[1mLinking C shared library rosidl_generator_py/slam_toolbox/slam_toolbox_s__rosidl_typesupport_c.cpython-310-x86_64-linux-gnu.so[0m
[11.754s] [ 77%] Built target slam_toolbox__rosidl_typesupport_c__pyext
[11.782s] [ 78%] [32m[1mLinking C shared library rosidl_generator_py/slam_toolbox/slam_toolbox_s__rosidl_typesupport_fastrtps_c.cpython-310-x86_64-linux-gnu.so[0m
[11.811s] [ 79%] [32m[1mLinking C shared library rosidl_generator_py/slam_toolbox/slam_toolbox_s__rosidl_typesupport_introspection_c.cpython-310-x86_64-linux-gnu.so[0m
[11.831s] [ 79%] Built target slam_toolbox__rosidl_typesupport_fastrtps_c__pyext
[11.859s] [ 79%] Built target slam_toolbox__rosidl_typesupport_introspection_c__pyext
[21.756s] [ 79%] [32m[1mLinking CXX shared library libkartoSlamToolbox.so[0m
[22.044s] [ 79%] Built target kartoSlamToolbox
[22.064s] [ 82%] [32mBuilding CXX object CMakeFiles/toolbox_common.dir/src/loop_closure_assistant.cpp.o[0m
[22.064s] [ 82%] [32mBuilding CXX object CMakeFiles/toolbox_common.dir/src/laser_utils.cpp.o[0m
[22.064s] [ 82%] [32mBuilding CXX object CMakeFiles/toolbox_common.dir/src/slam_toolbox_common.cpp.o[0m
[22.064s] [ 82%] [32mBuilding CXX object CMakeFiles/toolbox_common.dir/src/map_saver.cpp.o[0m
[22.064s] [ 83%] [32mBuilding CXX object CMakeFiles/toolbox_common.dir/src/slam_mapper.cpp.o[0m
[22.064s] [ 84%] [32mBuilding CXX object CMakeFiles/ceres_solver_plugin.dir/solvers/ceres_solver.cpp.o[0m
[27.403s] [ 84%] [32m[1mLinking CXX shared library libSlamToolboxPlugin.so[0m
[29.985s] [ 84%] Built target SlamToolboxPlugin
[37.929s] [ 84%] [32m[1mLinking CXX shared library libceres_solver_plugin.so[0m
[38.435s] [ 84%] Built target ceres_solver_plugin
[53.030s] [ 85%] [32m[1mLinking CXX shared library libtoolbox_common.so[0m
[53.538s] [ 85%] Built target toolbox_common
[53.557s] [ 87%] [32mBuilding CXX object CMakeFiles/lifelong_slam_toolbox.dir/src/experimental/slam_toolbox_lifelong.cpp.o[0m
[53.557s] [ 87%] [32mBuilding CXX object CMakeFiles/sync_slam_toolbox.dir/src/slam_toolbox_sync.cpp.o[0m
[53.557s] [ 87%] [32mBuilding CXX object CMakeFiles/merge_maps_kinematic.dir/src/merge_maps_kinematic.cpp.o[0m
[53.557s] [ 88%] [32mBuilding CXX object CMakeFiles/async_slam_toolbox.dir/src/slam_toolbox_async.cpp.o[0m
[53.557s] [ 89%] [32mBuilding CXX object CMakeFiles/localization_slam_toolbox.dir/src/slam_toolbox_localization.cpp.o[0m
[65.601s] [ 90%] [32m[1mLinking CXX shared library libasync_slam_toolbox.so[0m
[65.982s] [ 91%] [32m[1mLinking CXX shared library liblifelong_slam_toolbox.so[0m
[66.061s] [ 91%] Built target async_slam_toolbox
[66.084s] [ 91%] [32mBuilding CXX object CMakeFiles/async_slam_toolbox_node.dir/src/slam_toolbox_async_node.cpp.o[0m
[66.432s] [ 91%] Built target lifelong_slam_toolbox
[66.452s] [ 91%] [32mBuilding CXX object CMakeFiles/lifelong_slam_toolbox_node.dir/src/experimental/slam_toolbox_lifelong_node.cpp.o[0m
[66.643s] [ 92%] [32m[1mLinking CXX shared library libsync_slam_toolbox.so[0m
[67.038s] [ 92%] Built target sync_slam_toolbox
[67.057s] [ 93%] [32mBuilding CXX object CMakeFiles/sync_slam_toolbox_node.dir/src/slam_toolbox_sync_node.cpp.o[0m
[69.116s] [ 94%] [32m[1mLinking CXX executable merge_maps_kinematic[0m
[69.601s] [ 94%] Built target merge_maps_kinematic
[71.908s] [ 94%] [32m[1mLinking CXX shared library liblocalization_slam_toolbox.so[0m
[72.343s] [ 94%] Built target localization_slam_toolbox
[72.362s] [ 95%] [32mBuilding CXX object CMakeFiles/map_and_localization_slam_toolbox.dir/src/experimental/slam_toolbox_map_and_localization.cpp.o[0m
[72.362s] [ 95%] [32mBuilding CXX object CMakeFiles/localization_slam_toolbox_node.dir/src/slam_toolbox_localization_node.cpp.o[0m
[77.830s] [ 96%] [32m[1mLinking CXX executable async_slam_toolbox_node[0m
[78.188s] [ 97%] [32m[1mLinking CXX executable lifelong_slam_toolbox_node[0m
[78.209s] [ 97%] Built target async_slam_toolbox_node
[78.544s] [ 97%] Built target lifelong_slam_toolbox_node
[79.002s] [ 97%] [32m[1mLinking CXX executable sync_slam_toolbox_node[0m
[79.317s] [ 97%] Built target sync_slam_toolbox_node
[83.717s] [ 98%] [32m[1mLinking CXX executable localization_slam_toolbox_node[0m
[84.039s] [ 98%] Built target localization_slam_toolbox_node
[89.812s] [ 99%] [32m[1mLinking CXX shared library libmap_and_localization_slam_toolbox.so[0m
[90.208s] [ 99%] Built target map_and_localization_slam_toolbox
[90.227s] [100%] [32mBuilding CXX object CMakeFiles/map_and_localization_slam_toolbox_node.dir/src/experimental/slam_toolbox_map_and_localization_node.cpp.o[0m
[100.325s] [100%] [32m[1mLinking CXX executable map_and_localization_slam_toolbox_node[0m
[100.631s] [100%] Built target map_and_localization_slam_toolbox_node
[100.643s] Invoked command in '/home/maffin21/slam_ws/build/slam_toolbox' returned '0': CMAKE_PREFIX_PATH=/home/maffin21/odom_ws/install/rpm_to_odom:/opt/ros/humble:/home/maffin21/slam_ws/install/rpm_to_odom:/home/maffin21/ydlidar_ws/install/ydlidar_ros2_driver /usr/bin/cmake --build /home/maffin21/slam_ws/build/slam_toolbox -- -j12 -l12
[100.644s] Invoking command in '/home/maffin21/slam_ws/build/slam_toolbox': CMAKE_PREFIX_PATH=/home/maffin21/odom_ws/install/rpm_to_odom:/opt/ros/humble:/home/maffin21/slam_ws/install/rpm_to_odom:/home/maffin21/ydlidar_ws/install/ydlidar_ros2_driver /usr/bin/cmake --install /home/maffin21/slam_ws/build/slam_toolbox
[100.651s] -- Install configuration: "Release"
[100.651s] -- Installing: /home/maffin21/slam_ws/install/slam_toolbox/share/ament_index/resource_index/rosidl_interfaces/slam_toolbox
[100.651s] -- Installing: /home/maffin21/slam_ws/install/slam_toolbox/include/slam_toolbox/slam_toolbox
[100.651s] -- Installing: /home/maffin21/slam_ws/install/slam_toolbox/include/slam_toolbox/slam_toolbox/srv
[100.651s] -- Installing: /home/maffin21/slam_ws/install/slam_toolbox/include/slam_toolbox/slam_toolbox/srv/reset.h
[100.651s] -- Installing: /home/maffin21/slam_ws/install/slam_toolbox/include/slam_toolbox/slam_toolbox/srv/serialize_pose_graph.h
[100.652s] -- Installing: /home/maffin21/slam_ws/install/slam_toolbox/include/slam_toolbox/slam_toolbox/srv/save_map.h
[100.652s] -- Installing: /home/maffin21/slam_ws/install/slam_toolbox/include/slam_toolbox/slam_toolbox/srv/detail
[100.652s] -- Installing: /home/maffin21/slam_ws/install/slam_toolbox/include/slam_toolbox/slam_toolbox/srv/detail/loop_closure__functions.h
[100.652s] -- Installing: /home/maffin21/slam_ws/install/slam_toolbox/include/slam_toolbox/slam_toolbox/srv/detail/add_submap__functions.h
[100.652s] -- Installing: /home/maffin21/slam_ws/install/slam_toolbox/include/slam_toolbox/slam_toolbox/srv/detail/reset__functions.c
[100.652s] -- Installing: /home/maffin21/slam_ws/install/slam_toolbox/include/slam_toolbox/slam_toolbox/srv/detail/toggle_interactive__functions.c
[100.652s] -- Installing: /home/maffin21/slam_ws/install/slam_toolbox/include/slam_toolbox/slam_toolbox/srv/detail/serialize_pose_graph__functions.c
[100.652s] -- Installing: /home/maffin21/slam_ws/install/slam_toolbox/include/slam_toolbox/slam_toolbox/srv/detail/clear__struct.h
[100.652s] -- Installing: /home/maffin21/slam_ws/install/slam_toolbox/include/slam_toolbox/slam_toolbox/srv/detail/deserialize_pose_graph__functions.h
[100.653s] -- Installing: /home/maffin21/slam_ws/install/slam_toolbox/include/slam_toolbox/slam_toolbox/srv/detail/pause__functions.h
[100.653s] -- Installing: /home/maffin21/slam_ws/install/slam_toolbox/include/slam_toolbox/slam_toolbox/srv/detail/pause__functions.c
[100.653s] -- Installing: /home/maffin21/slam_ws/install/slam_toolbox/include/slam_toolbox/slam_toolbox/srv/detail/loop_closure__struct.h
[100.653s] -- Installing: /home/maffin21/slam_ws/install/slam_toolbox/include/slam_toolbox/slam_toolbox/srv/detail/deserialize_pose_graph__struct.h
[100.653s] -- Installing: /home/maffin21/slam_ws/install/slam_toolbox/include/slam_toolbox/slam_toolbox/srv/detail/loop_closure__functions.c
[100.653s] -- Installing: /home/maffin21/slam_ws/install/slam_toolbox/include/slam_toolbox/slam_toolbox/srv/detail/loop_closure__type_support.h
[100.653s] -- Installing: /home/maffin21/slam_ws/install/slam_toolbox/include/slam_toolbox/slam_toolbox/srv/detail/clear_queue__functions.h
[100.654s] -- Installing: /home/maffin21/slam_ws/install/slam_toolbox/include/slam_toolbox/slam_toolbox/srv/detail/save_map__type_support.h
[100.654s] -- Installing: /home/maffin21/slam_ws/install/slam_toolbox/include/slam_toolbox/slam_toolbox/srv/detail/serialize_pose_graph__type_support.h
[100.654s] -- Installing: /home/maffin21/slam_ws/install/slam_toolbox/include/slam_toolbox/slam_toolbox/srv/detail/save_map__struct.h
[100.654s] -- Installing: /home/maffin21/slam_ws/install/slam_toolbox/include/slam_toolbox/slam_toolbox/srv/detail/reset__struct.h
[100.654s] -- Installing: /home/maffin21/slam_ws/install/slam_toolbox/include/slam_toolbox/slam_toolbox/srv/detail/toggle_interactive__functions.h
[100.654s] -- Installing: /home/maffin21/slam_ws/install/slam_toolbox/include/slam_toolbox/slam_toolbox/srv/detail/reset__type_support.h
[100.654s] -- Installing: /home/maffin21/slam_ws/install/slam_toolbox/include/slam_toolbox/slam_toolbox/srv/detail/save_map__functions.h
[100.654s] -- Installing: /home/maffin21/slam_ws/install/slam_toolbox/include/slam_toolbox/slam_toolbox/srv/detail/merge_maps__type_support.h
[100.654s] -- Installing: /home/maffin21/slam_ws/install/slam_toolbox/include/slam_toolbox/slam_toolbox/srv/detail/deserialize_pose_graph__functions.c
[100.654s] -- Installing: /home/maffin21/slam_ws/install/slam_toolbox/include/slam_toolbox/slam_toolbox/srv/detail/merge_maps__struct.h
[100.655s] -- Installing: /home/maffin21/slam_ws/install/slam_toolbox/include/slam_toolbox/slam_toolbox/srv/detail/merge_maps__functions.c
[100.655s] -- Installing: /home/maffin21/slam_ws/install/slam_toolbox/include/slam_toolbox/slam_toolbox/srv/detail/clear__type_support.h
[100.655s] -- Installing: /home/maffin21/slam_ws/install/slam_toolbox/include/slam_toolbox/slam_toolbox/srv/detail/serialize_pose_graph__struct.h
[100.655s] -- Installing: /home/maffin21/slam_ws/install/slam_toolbox/include/slam_toolbox/slam_toolbox/srv/detail/clear_queue__struct.h
[100.655s] -- Installing: /home/maffin21/slam_ws/install/slam_toolbox/include/slam_toolbox/slam_toolbox/srv/detail/deserialize_pose_graph__type_support.h
[100.655s] -- Installing: /home/maffin21/slam_ws/install/slam_toolbox/include/slam_toolbox/slam_toolbox/srv/detail/clear__functions.c
[100.655s] -- Installing: /home/maffin21/slam_ws/install/slam_toolbox/include/slam_toolbox/slam_toolbox/srv/detail/add_submap__functions.c
[100.655s] -- Installing: /home/maffin21/slam_ws/install/slam_toolbox/include/slam_toolbox/slam_toolbox/srv/detail/clear_queue__type_support.h
[100.655s] -- Installing: /home/maffin21/slam_ws/install/slam_toolbox/include/slam_toolbox/slam_toolbox/srv/detail/serialize_pose_graph__functions.h
[100.656s] -- Installing: /home/maffin21/slam_ws/install/slam_toolbox/include/slam_toolbox/slam_toolbox/srv/detail/save_map__functions.c
[100.656s] -- Installing: /home/maffin21/slam_ws/install/slam_toolbox/include/slam_toolbox/slam_toolbox/srv/detail/pause__struct.h
[100.656s] -- Installing: /home/maffin21/slam_ws/install/slam_toolbox/include/slam_toolbox/slam_toolbox/srv/detail/clear_queue__functions.c
[100.656s] -- Installing: /home/maffin21/slam_ws/install/slam_toolbox/include/slam_toolbox/slam_toolbox/srv/detail/reset__functions.h
[100.656s] -- Installing: /home/maffin21/slam_ws/install/slam_toolbox/include/slam_toolbox/slam_toolbox/srv/detail/clear__functions.h
[100.656s] -- Installing: /home/maffin21/slam_ws/install/slam_toolbox/include/slam_toolbox/slam_toolbox/srv/detail/pause__type_support.h
[100.656s] -- Installing: /home/maffin21/slam_ws/install/slam_toolbox/include/slam_toolbox/slam_toolbox/srv/detail/add_submap__type_support.h
[100.656s] -- Installing: /home/maffin21/slam_ws/install/slam_toolbox/include/slam_toolbox/slam_toolbox/srv/detail/toggle_interactive__type_support.h
[100.656s] -- Installing: /home/maffin21/slam_ws/install/slam_toolbox/include/slam_toolbox/slam_toolbox/srv/detail/add_submap__struct.h
[100.657s] -- Installing: /home/maffin21/slam_ws/install/slam_toolbox/include/slam_toolbox/slam_toolbox/srv/detail/merge_maps__functions.h
[100.657s] -- Installing: /home/maffin21/slam_ws/install/slam_toolbox/include/slam_toolbox/slam_toolbox/srv/detail/toggle_interactive__struct.h
[100.657s] -- Installing: /home/maffin21/slam_ws/install/slam_toolbox/include/slam_toolbox/slam_toolbox/srv/pause.h
[100.657s] -- Installing: /home/maffin21/slam_ws/install/slam_toolbox/include/slam_toolbox/slam_toolbox/srv/clear_queue.h
[100.657s] -- Installing: /home/maffin21/slam_ws/install/slam_toolbox/include/slam_toolbox/slam_toolbox/srv/deserialize_pose_graph.h
[100.657s] -- Installing: /home/maffin21/slam_ws/install/slam_toolbox/include/slam_toolbox/slam_toolbox/srv/loop_closure.h
[100.657s] -- Installing: /home/maffin21/slam_ws/install/slam_toolbox/include/slam_toolbox/slam_toolbox/srv/add_submap.h
[100.657s] -- Installing: /home/maffin21/slam_ws/install/slam_toolbox/include/slam_toolbox/slam_toolbox/srv/clear.h
[100.657s] -- Installing: /home/maffin21/slam_ws/install/slam_toolbox/include/slam_toolbox/slam_toolbox/srv/merge_maps.h
[100.658s] -- Installing: /home/maffin21/slam_ws/install/slam_toolbox/include/slam_toolbox/slam_toolbox/srv/toggle_interactive.h
[100.658s] -- Installing: /home/maffin21/slam_ws/install/slam_toolbox/include/slam_toolbox/slam_toolbox/msg
[100.658s] -- Installing: /home/maffin21/slam_ws/install/slam_toolbox/include/slam_toolbox/slam_toolbox/msg/rosidl_generator_c__visibility_control.h
[100.658s] -- Installing: /home/maffin21/slam_ws/install/slam_toolbox/share/slam_toolbox/environment/library_path.sh
[100.658s] -- Installing: /home/maffin21/slam_ws/install/slam_toolbox/share/slam_toolbox/environment/library_path.dsv
[100.658s] -- Installing: /home/maffin21/slam_ws/install/slam_toolbox/lib/libslam_toolbox__rosidl_generator_c.so
[100.659s] -- Set runtime path of "/home/maffin21/slam_ws/install/slam_toolbox/lib/libslam_toolbox__rosidl_generator_c.so" to ""
[100.659s] -- Up-to-date: /home/maffin21/slam_ws/install/slam_toolbox/include/slam_toolbox/slam_toolbox
[100.659s] -- Up-to-date: /home/maffin21/slam_ws/install/slam_toolbox/include/slam_toolbox/slam_toolbox/srv
[100.659s] -- Up-to-date: /home/maffin21/slam_ws/install/slam_toolbox/include/slam_toolbox/slam_toolbox/srv/detail
[100.659s] -- Installing: /home/maffin21/slam_ws/install/slam_toolbox/include/slam_toolbox/slam_toolbox/srv/detail/merge_maps__rosidl_typesupport_fastrtps_c.h
[100.659s] -- Installing: /home/maffin21/slam_ws/install/slam_toolbox/include/slam_toolbox/slam_toolbox/srv/detail/deserialize_pose_graph__rosidl_typesupport_fastrtps_c.h
[100.659s] -- Installing: /home/maffin21/slam_ws/install/slam_toolbox/include/slam_toolbox/slam_toolbox/srv/detail/save_map__rosidl_typesupport_fastrtps_c.h
[100.659s] -- Installing: /home/maffin21/slam_ws/install/slam_toolbox/include/slam_toolbox/slam_toolbox/srv/detail/add_submap__rosidl_typesupport_fastrtps_c.h
[100.659s] -- Installing: /home/maffin21/slam_ws/install/slam_toolbox/include/slam_toolbox/slam_toolbox/srv/detail/loop_closure__rosidl_typesupport_fastrtps_c.h
[100.659s] -- Installing: /home/maffin21/slam_ws/install/slam_toolbox/include/slam_toolbox/slam_toolbox/srv/detail/toggle_interactive__rosidl_typesupport_fastrtps_c.h
[100.659s] -- Installing: /home/maffin21/slam_ws/install/slam_toolbox/include/slam_toolbox/slam_toolbox/srv/detail/clear_queue__rosidl_typesupport_fastrtps_c.h
[100.660s] -- Installing: /home/maffin21/slam_ws/install/slam_toolbox/include/slam_toolbox/slam_toolbox/srv/detail/serialize_pose_graph__rosidl_typesupport_fastrtps_c.h
[100.660s] -- Installing: /home/maffin21/slam_ws/install/slam_toolbox/include/slam_toolbox/slam_toolbox/srv/detail/pause__rosidl_typesupport_fastrtps_c.h
[100.660s] -- Installing: /home/maffin21/slam_ws/install/slam_toolbox/include/slam_toolbox/slam_toolbox/srv/detail/reset__rosidl_typesupport_fastrtps_c.h
[100.660s] -- Installing: /home/maffin21/slam_ws/install/slam_toolbox/include/slam_toolbox/slam_toolbox/srv/detail/clear__rosidl_typesupport_fastrtps_c.h
[100.660s] -- Up-to-date: /home/maffin21/slam_ws/install/slam_toolbox/include/slam_toolbox/slam_toolbox/msg
[100.660s] -- Installing: /home/maffin21/slam_ws/install/slam_toolbox/include/slam_toolbox/slam_toolbox/msg/rosidl_typesupport_fastrtps_c__visibility_control.h
[100.660s] -- Installing: /home/maffin21/slam_ws/install/slam_toolbox/lib/libslam_toolbox__rosidl_typesupport_fastrtps_c.so
[100.661s] -- Set runtime path of "/home/maffin21/slam_ws/install/slam_toolbox/lib/libslam_toolbox__rosidl_typesupport_fastrtps_c.so" to ""
[100.661s] -- Up-to-date: /home/maffin21/slam_ws/install/slam_toolbox/include/slam_toolbox/slam_toolbox
[100.661s] -- Up-to-date: /home/maffin21/slam_ws/install/slam_toolbox/include/slam_toolbox/slam_toolbox/srv
[100.661s] -- Installing: /home/maffin21/slam_ws/install/slam_toolbox/include/slam_toolbox/slam_toolbox/srv/clear.hpp
[100.661s] -- Installing: /home/maffin21/slam_ws/install/slam_toolbox/include/slam_toolbox/slam_toolbox/srv/loop_closure.hpp
[100.661s] -- Installing: /home/maffin21/slam_ws/install/slam_toolbox/include/slam_toolbox/slam_toolbox/srv/reset.hpp
[100.661s] -- Up-to-date: /home/maffin21/slam_ws/install/slam_toolbox/include/slam_toolbox/slam_toolbox/srv/detail
[100.661s] -- Installing: /home/maffin21/slam_ws/install/slam_toolbox/include/slam_toolbox/slam_toolbox/srv/detail/clear_queue__struct.hpp
[100.661s] -- Installing: /home/maffin21/slam_ws/install/slam_toolbox/include/slam_toolbox/slam_toolbox/srv/detail/save_map__builder.hpp
[100.661s] -- Installing: /home/maffin21/slam_ws/install/slam_toolbox/include/slam_toolbox/slam_toolbox/srv/detail/add_submap__builder.hpp
[100.661s] -- Installing: /home/maffin21/slam_ws/install/slam_toolbox/include/slam_toolbox/slam_toolbox/srv/detail/clear_queue__builder.hpp
[100.661s] -- Installing: /home/maffin21/slam_ws/install/slam_toolbox/include/slam_toolbox/slam_toolbox/srv/detail/clear__type_support.hpp
[100.662s] -- Installing: /home/maffin21/slam_ws/install/slam_toolbox/include/slam_toolbox/slam_toolbox/srv/detail/clear__struct.hpp
[100.662s] -- Installing: /home/maffin21/slam_ws/install/slam_toolbox/include/slam_toolbox/slam_toolbox/srv/detail/toggle_interactive__traits.hpp
[100.662s] -- Installing: /home/maffin21/slam_ws/install/slam_toolbox/include/slam_toolbox/slam_toolbox/srv/detail/clear__builder.hpp
[100.662s] -- Installing: /home/maffin21/slam_ws/install/slam_toolbox/include/slam_toolbox/slam_toolbox/srv/detail/pause__type_support.hpp
[100.662s] -- Installing: /home/maffin21/slam_ws/install/slam_toolbox/include/slam_toolbox/slam_toolbox/srv/detail/add_submap__type_support.hpp
[100.662s] -- Installing: /home/maffin21/slam_ws/install/slam_toolbox/include/slam_toolbox/slam_toolbox/srv/detail/serialize_pose_graph__type_support.hpp
[100.662s] -- Installing: /home/maffin21/slam_ws/install/slam_toolbox/include/slam_toolbox/slam_toolbox/srv/detail/reset__type_support.hpp
[100.662s] -- Installing: /home/maffin21/slam_ws/install/slam_toolbox/include/slam_toolbox/slam_toolbox/srv/detail/merge_maps__builder.hpp
[100.662s] -- Installing: /home/maffin21/slam_ws/install/slam_toolbox/include/slam_toolbox/slam_toolbox/srv/detail/add_submap__traits.hpp
[100.663s] -- Installing: /home/maffin21/slam_ws/install/slam_toolbox/include/slam_toolbox/slam_toolbox/srv/detail/reset__struct.hpp
[100.663s] -- Installing: /home/maffin21/slam_ws/install/slam_toolbox/include/slam_toolbox/slam_toolbox/srv/detail/loop_closure__struct.hpp
[100.663s] -- Installing: /home/maffin21/slam_ws/install/slam_toolbox/include/slam_toolbox/slam_toolbox/srv/detail/deserialize_pose_graph__traits.hpp
[100.663s] -- Installing: /home/maffin21/slam_ws/install/slam_toolbox/include/slam_toolbox/slam_toolbox/srv/detail/clear_queue__type_support.hpp
[100.663s] -- Installing: /home/maffin21/slam_ws/install/slam_toolbox/include/slam_toolbox/slam_toolbox/srv/detail/save_map__traits.hpp
[100.663s] -- Installing: /home/maffin21/slam_ws/install/slam_toolbox/include/slam_toolbox/slam_toolbox/srv/detail/merge_maps__traits.hpp
[100.663s] -- Installing: /home/maffin21/slam_ws/install/slam_toolbox/include/slam_toolbox/slam_toolbox/srv/detail/save_map__type_support.hpp
[100.663s] -- Installing: /home/maffin21/slam_ws/install/slam_toolbox/include/slam_toolbox/slam_toolbox/srv/detail/serialize_pose_graph__builder.hpp
[100.664s] -- Installing: /home/maffin21/slam_ws/install/slam_toolbox/include/slam_toolbox/slam_toolbox/srv/detail/add_submap__struct.hpp
[100.664s] -- Installing: /home/maffin21/slam_ws/install/slam_toolbox/include/slam_toolbox/slam_toolbox/srv/detail/clear__traits.hpp
[100.664s] -- Installing: /home/maffin21/slam_ws/install/slam_toolbox/include/slam_toolbox/slam_toolbox/srv/detail/merge_maps__struct.hpp
[100.664s] -- Installing: /home/maffin21/slam_ws/install/slam_toolbox/include/slam_toolbox/slam_toolbox/srv/detail/loop_closure__type_support.hpp
[100.664s] -- Installing: /home/maffin21/slam_ws/install/slam_toolbox/include/slam_toolbox/slam_toolbox/srv/detail/loop_closure__builder.hpp
[100.664s] -- Installing: /home/maffin21/slam_ws/install/slam_toolbox/include/slam_toolbox/slam_toolbox/srv/detail/serialize_pose_graph__traits.hpp
[100.664s] -- Installing: /home/maffin21/slam_ws/install/slam_toolbox/include/slam_toolbox/slam_toolbox/srv/detail/toggle_interactive__struct.hpp
[100.664s] -- Installing: /home/maffin21/slam_ws/install/slam_toolbox/include/slam_toolbox/slam_toolbox/srv/detail/deserialize_pose_graph__builder.hpp
[100.664s] -- Installing: /home/maffin21/slam_ws/install/slam_toolbox/include/slam_toolbox/slam_toolbox/srv/detail/deserialize_pose_graph__type_support.hpp
[100.665s] -- Installing: /home/maffin21/slam_ws/install/slam_toolbox/include/slam_toolbox/slam_toolbox/srv/detail/deserialize_pose_graph__struct.hpp
[100.665s] -- Installing: /home/maffin21/slam_ws/install/slam_toolbox/include/slam_toolbox/slam_toolbox/srv/detail/pause__builder.hpp
[100.665s] -- Installing: /home/maffin21/slam_ws/install/slam_toolbox/include/slam_toolbox/slam_toolbox/srv/detail/pause__traits.hpp
[100.665s] -- Installing: /home/maffin21/slam_ws/install/slam_toolbox/include/slam_toolbox/slam_toolbox/srv/detail/save_map__struct.hpp
[100.665s] -- Installing: /home/maffin21/slam_ws/install/slam_toolbox/include/slam_toolbox/slam_toolbox/srv/detail/loop_closure__traits.hpp
[100.665s] -- Installing: /home/maffin21/slam_ws/install/slam_toolbox/include/slam_toolbox/slam_toolbox/srv/detail/merge_maps__type_support.hpp
[100.665s] -- Installing: /home/maffin21/slam_ws/install/slam_toolbox/include/slam_toolbox/slam_toolbox/srv/detail/toggle_interactive__type_support.hpp
[100.665s] -- Installing: /home/maffin21/slam_ws/install/slam_toolbox/include/slam_toolbox/slam_toolbox/srv/detail/serialize_pose_graph__struct.hpp
[100.666s] -- Installing: /home/maffin21/slam_ws/install/slam_toolbox/include/slam_toolbox/slam_toolbox/srv/detail/reset__builder.hpp
[100.666s] -- Installing: /home/maffin21/slam_ws/install/slam_toolbox/include/slam_toolbox/slam_toolbox/srv/detail/toggle_interactive__builder.hpp
[100.666s] -- Installing: /home/maffin21/slam_ws/install/slam_toolbox/include/slam_toolbox/slam_toolbox/srv/detail/reset__traits.hpp
[100.666s] -- Installing: /home/maffin21/slam_ws/install/slam_toolbox/include/slam_toolbox/slam_toolbox/srv/detail/pause__struct.hpp
[100.666s] -- Installing: /home/maffin21/slam_ws/install/slam_toolbox/include/slam_toolbox/slam_toolbox/srv/detail/clear_queue__traits.hpp
[100.666s] -- Installing: /home/maffin21/slam_ws/install/slam_toolbox/include/slam_toolbox/slam_toolbox/srv/toggle_interactive.hpp
[100.666s] -- Installing: /home/maffin21/slam_ws/install/slam_toolbox/include/slam_toolbox/slam_toolbox/srv/pause.hpp
[100.666s] -- Installing: /home/maffin21/slam_ws/install/slam_toolbox/include/slam_toolbox/slam_toolbox/srv/save_map.hpp
[100.666s] -- Installing: /home/maffin21/slam_ws/install/slam_toolbox/include/slam_toolbox/slam_toolbox/srv/merge_maps.hpp
[100.667s] -- Installing: /home/maffin21/slam_ws/install/slam_toolbox/include/slam_toolbox/slam_toolbox/srv/add_submap.hpp
[100.667s] -- Installing: /home/maffin21/slam_ws/install/slam_toolbox/include/slam_toolbox/slam_toolbox/srv/clear_queue.hpp
[100.667s] -- Installing: /home/maffin21/slam_ws/install/slam_toolbox/include/slam_toolbox/slam_toolbox/srv/serialize_pose_graph.hpp
[100.667s] -- Installing: /home/maffin21/slam_ws/install/slam_toolbox/include/slam_toolbox/slam_toolbox/srv/deserialize_pose_graph.hpp
[100.667s] -- Up-to-date: /home/maffin21/slam_ws/install/slam_toolbox/include/slam_toolbox/slam_toolbox/msg
[100.667s] -- Installing: /home/maffin21/slam_ws/install/slam_toolbox/include/slam_toolbox/slam_toolbox/msg/rosidl_generator_cpp__visibility_control.hpp
[100.667s] -- Up-to-date: /home/maffin21/slam_ws/install/slam_toolbox/include/slam_toolbox/slam_toolbox
[100.667s] -- Up-to-date: /home/maffin21/slam_ws/install/slam_toolbox/include/slam_toolbox/slam_toolbox/srv
[100.667s] -- Up-to-date: /home/maffin21/slam_ws/install/slam_toolbox/include/slam_toolbox/slam_toolbox/srv/detail
[100.667s] -- Installing: /home/maffin21/slam_ws/install/slam_toolbox/include/slam_toolbox/slam_toolbox/srv/detail/serialize_pose_graph__rosidl_typesupport_fastrtps_cpp.hpp
[100.667s] -- Installing: /home/maffin21/slam_ws/install/slam_toolbox/include/slam_toolbox/slam_toolbox/srv/detail/clear_queue__rosidl_typesupport_fastrtps_cpp.hpp
[100.667s] -- Installing: /home/maffin21/slam_ws/install/slam_toolbox/include/slam_toolbox/slam_toolbox/srv/detail/deserialize_pose_graph__rosidl_typesupport_fastrtps_cpp.hpp
[100.668s] -- Installing: /home/maffin21/slam_ws/install/slam_toolbox/include/slam_toolbox/slam_toolbox/srv/detail/add_submap__rosidl_typesupport_fastrtps_cpp.hpp
[100.668s] -- Installing: /home/maffin21/slam_ws/install/slam_toolbox/include/slam_toolbox/slam_toolbox/srv/detail/pause__rosidl_typesupport_fastrtps_cpp.hpp
[100.668s] -- Installing: /home/maffin21/slam_ws/install/slam_toolbox/include/slam_toolbox/slam_toolbox/srv/detail/dds_fastrtps
[100.668s] -- Installing: /home/maffin21/slam_ws/install/slam_toolbox/include/slam_toolbox/slam_toolbox/srv/detail/merge_maps__rosidl_typesupport_fastrtps_cpp.hpp
[100.668s] -- Installing: /home/maffin21/slam_ws/install/slam_toolbox/include/slam_toolbox/slam_toolbox/srv/detail/loop_closure__rosidl_typesupport_fastrtps_cpp.hpp
[100.668s] -- Installing: /home/maffin21/slam_ws/install/slam_toolbox/include/slam_toolbox/slam_toolbox/srv/detail/save_map__rosidl_typesupport_fastrtps_cpp.hpp
[100.668s] -- Installing: /home/maffin21/slam_ws/install/slam_toolbox/include/slam_toolbox/slam_toolbox/srv/detail/reset__rosidl_typesupport_fastrtps_cpp.hpp
[100.668s] -- Installing: /home/maffin21/slam_ws/install/slam_toolbox/include/slam_toolbox/slam_toolbox/srv/detail/clear__rosidl_typesupport_fastrtps_cpp.hpp
[100.669s] -- Installing: /home/maffin21/slam_ws/install/slam_toolbox/include/slam_toolbox/slam_toolbox/srv/detail/toggle_interactive__rosidl_typesupport_fastrtps_cpp.hpp
[100.669s] -- Up-to-date: /home/maffin21/slam_ws/install/slam_toolbox/include/slam_toolbox/slam_toolbox/msg
[100.669s] -- Installing: /home/maffin21/slam_ws/install/slam_toolbox/include/slam_toolbox/slam_toolbox/msg/rosidl_typesupport_fastrtps_cpp__visibility_control.h
[100.669s] -- Installing: /home/maffin21/slam_ws/install/slam_toolbox/lib/libslam_toolbox__rosidl_typesupport_fastrtps_cpp.so
[100.669s] -- Set runtime path of "/home/maffin21/slam_ws/install/slam_toolbox/lib/libslam_toolbox__rosidl_typesupport_fastrtps_cpp.so" to ""
[100.669s] -- Up-to-date: /home/maffin21/slam_ws/install/slam_toolbox/include/slam_toolbox/slam_toolbox
[100.669s] -- Up-to-date: /home/maffin21/slam_ws/install/slam_toolbox/include/slam_toolbox/slam_toolbox/srv
[100.669s] -- Up-to-date: /home/maffin21/slam_ws/install/slam_toolbox/include/slam_toolbox/slam_toolbox/srv/detail
[100.669s] -- Installing: /home/maffin21/slam_ws/install/slam_toolbox/include/slam_toolbox/slam_toolbox/srv/detail/serialize_pose_graph__type_support.c
[100.670s] -- Installing: /home/maffin21/slam_ws/install/slam_toolbox/include/slam_toolbox/slam_toolbox/srv/detail/toggle_interactive__rosidl_typesupport_introspection_c.h
[100.670s] -- Installing: /home/maffin21/slam_ws/install/slam_toolbox/include/slam_toolbox/slam_toolbox/srv/detail/serialize_pose_graph__rosidl_typesupport_introspection_c.h
[100.670s] -- Installing: /home/maffin21/slam_ws/install/slam_toolbox/include/slam_toolbox/slam_toolbox/srv/detail/toggle_interactive__type_support.c
[100.670s] -- Installing: /home/maffin21/slam_ws/install/slam_toolbox/include/slam_toolbox/slam_toolbox/srv/detail/reset__type_support.c
[100.670s] -- Installing: /home/maffin21/slam_ws/install/slam_toolbox/include/slam_toolbox/slam_toolbox/srv/detail/save_map__type_support.c
[100.670s] -- Installing: /home/maffin21/slam_ws/install/slam_toolbox/include/slam_toolbox/slam_toolbox/srv/detail/merge_maps__rosidl_typesupport_introspection_c.h
[100.670s] -- Installing: /home/maffin21/slam_ws/install/slam_toolbox/include/slam_toolbox/slam_toolbox/srv/detail/clear__rosidl_typesupport_introspection_c.h
[100.670s] -- Installing: /home/maffin21/slam_ws/install/slam_toolbox/include/slam_toolbox/slam_toolbox/srv/detail/deserialize_pose_graph__rosidl_typesupport_introspection_c.h
[100.670s] -- Installing: /home/maffin21/slam_ws/install/slam_toolbox/include/slam_toolbox/slam_toolbox/srv/detail/clear__type_support.c
[100.671s] -- Installing: /home/maffin21/slam_ws/install/slam_toolbox/include/slam_toolbox/slam_toolbox/srv/detail/loop_closure__rosidl_typesupport_introspection_c.h
[100.671s] -- Installing: /home/maffin21/slam_ws/install/slam_toolbox/include/slam_toolbox/slam_toolbox/srv/detail/deserialize_pose_graph__type_support.c
[100.671s] -- Installing: /home/maffin21/slam_ws/install/slam_toolbox/include/slam_toolbox/slam_toolbox/srv/detail/loop_closure__type_support.c
[100.671s] -- Installing: /home/maffin21/slam_ws/install/slam_toolbox/include/slam_toolbox/slam_toolbox/srv/detail/clear_queue__rosidl_typesupport_introspection_c.h
[100.671s] -- Installing: /home/maffin21/slam_ws/install/slam_toolbox/include/slam_toolbox/slam_toolbox/srv/detail/clear_queue__type_support.c
[100.671s] -- Installing: /home/maffin21/slam_ws/install/slam_toolbox/include/slam_toolbox/slam_toolbox/srv/detail/save_map__rosidl_typesupport_introspection_c.h
[100.671s] -- Installing: /home/maffin21/slam_ws/install/slam_toolbox/include/slam_toolbox/slam_toolbox/srv/detail/add_submap__rosidl_typesupport_introspection_c.h
[100.671s] -- Installing: /home/maffin21/slam_ws/install/slam_toolbox/include/slam_toolbox/slam_toolbox/srv/detail/pause__type_support.c
[100.672s] -- Installing: /home/maffin21/slam_ws/install/slam_toolbox/include/slam_toolbox/slam_toolbox/srv/detail/pause__rosidl_typesupport_introspection_c.h
[100.672s] -- Installing: /home/maffin21/slam_ws/install/slam_toolbox/include/slam_toolbox/slam_toolbox/srv/detail/add_submap__type_support.c
[100.672s] -- Installing: /home/maffin21/slam_ws/install/slam_toolbox/include/slam_toolbox/slam_toolbox/srv/detail/merge_maps__type_support.c
[100.672s] -- Installing: /home/maffin21/slam_ws/install/slam_toolbox/include/slam_toolbox/slam_toolbox/srv/detail/reset__rosidl_typesupport_introspection_c.h
[100.672s] -- Up-to-date: /home/maffin21/slam_ws/install/slam_toolbox/include/slam_toolbox/slam_toolbox/msg
[100.672s] -- Installing: /home/maffin21/slam_ws/install/slam_toolbox/include/slam_toolbox/slam_toolbox/msg/rosidl_typesupport_introspection_c__visibility_control.h
[100.672s] -- Installing: /home/maffin21/slam_ws/install/slam_toolbox/lib/libslam_toolbox__rosidl_typesupport_introspection_c.so
[100.673s] -- Set runtime path of "/home/maffin21/slam_ws/install/slam_toolbox/lib/libslam_toolbox__rosidl_typesupport_introspection_c.so" to ""
[100.673s] -- Installing: /home/maffin21/slam_ws/install/slam_toolbox/lib/libslam_toolbox__rosidl_typesupport_c.so
[100.673s] -- Set runtime path of "/home/maffin21/slam_ws/install/slam_toolbox/lib/libslam_toolbox__rosidl_typesupport_c.so" to ""
[100.673s] -- Up-to-date: /home/maffin21/slam_ws/install/slam_toolbox/include/slam_toolbox/slam_toolbox
[100.673s] -- Up-to-date: /home/maffin21/slam_ws/install/slam_toolbox/include/slam_toolbox/slam_toolbox/srv
[100.673s] -- Up-to-date: /home/maffin21/slam_ws/install/slam_toolbox/include/slam_toolbox/slam_toolbox/srv/detail
[100.673s] -- Installing: /home/maffin21/slam_ws/install/slam_toolbox/include/slam_toolbox/slam_toolbox/srv/detail/toggle_interactive__type_support.cpp
[100.673s] -- Installing: /home/maffin21/slam_ws/install/slam_toolbox/include/slam_toolbox/slam_toolbox/srv/detail/loop_closure__rosidl_typesupport_introspection_cpp.hpp
[100.673s] -- Installing: /home/maffin21/slam_ws/install/slam_toolbox/include/slam_toolbox/slam_toolbox/srv/detail/add_submap__type_support.cpp
[100.673s] -- Installing: /home/maffin21/slam_ws/install/slam_toolbox/include/slam_toolbox/slam_toolbox/srv/detail/clear__rosidl_typesupport_introspection_cpp.hpp
[100.674s] -- Installing: /home/maffin21/slam_ws/install/slam_toolbox/include/slam_toolbox/slam_toolbox/srv/detail/add_submap__rosidl_typesupport_introspection_cpp.hpp
[100.674s] -- Installing: /home/maffin21/slam_ws/install/slam_toolbox/include/slam_toolbox/slam_toolbox/srv/detail/clear__type_support.cpp
[100.674s] -- Installing: /home/maffin21/slam_ws/install/slam_toolbox/include/slam_toolbox/slam_toolbox/srv/detail/clear_queue__type_support.cpp
[100.674s] -- Installing: /home/maffin21/slam_ws/install/slam_toolbox/include/slam_toolbox/slam_toolbox/srv/detail/pause__rosidl_typesupport_introspection_cpp.hpp
[100.674s] -- Installing: /home/maffin21/slam_ws/install/slam_toolbox/include/slam_toolbox/slam_toolbox/srv/detail/merge_maps__type_support.cpp
[100.674s] -- Installing: /home/maffin21/slam_ws/install/slam_toolbox/include/slam_toolbox/slam_toolbox/srv/detail/pause__type_support.cpp
[100.674s] -- Installing: /home/maffin21/slam_ws/install/slam_toolbox/include/slam_toolbox/slam_toolbox/srv/detail/deserialize_pose_graph__type_support.cpp
[100.674s] -- Installing: /home/maffin21/slam_ws/install/slam_toolbox/include/slam_toolbox/slam_toolbox/srv/detail/loop_closure__type_support.cpp
[100.675s] -- Installing: /home/maffin21/slam_ws/install/slam_toolbox/include/slam_toolbox/slam_toolbox/srv/detail/toggle_interactive__rosidl_typesupport_introspection_cpp.hpp
[100.675s] -- Installing: /home/maffin21/slam_ws/install/slam_toolbox/include/slam_toolbox/slam_toolbox/srv/detail/save_map__rosidl_typesupport_introspection_cpp.hpp
[100.675s] -- Installing: /home/maffin21/slam_ws/install/slam_toolbox/include/slam_toolbox/slam_toolbox/srv/detail/save_map__type_support.cpp
[100.675s] -- Installing: /home/maffin21/slam_ws/install/slam_toolbox/include/slam_toolbox/slam_toolbox/srv/detail/serialize_pose_graph__type_support.cpp
[100.675s] -- Installing: /home/maffin21/slam_ws/install/slam_toolbox/include/slam_toolbox/slam_toolbox/srv/detail/reset__rosidl_typesupport_introspection_cpp.hpp
[100.675s] -- Installing: /home/maffin21/slam_ws/install/slam_toolbox/include/slam_toolbox/slam_toolbox/srv/detail/reset__type_support.cpp
[100.675s] -- Installing: /home/maffin21/slam_ws/install/slam_toolbox/include/slam_toolbox/slam_toolbox/srv/detail/clear_queue__rosidl_typesupport_introspection_cpp.hpp
[100.675s] -- Installing: /home/maffin21/slam_ws/install/slam_toolbox/include/slam_toolbox/slam_toolbox/srv/detail/deserialize_pose_graph__rosidl_typesupport_introspection_cpp.hpp
[100.675s] -- Installing: /home/maffin21/slam_ws/install/slam_toolbox/include/slam_toolbox/slam_toolbox/srv/detail/merge_maps__rosidl_typesupport_introspection_cpp.hpp
[100.676s] -- Installing: /home/maffin21/slam_ws/install/slam_toolbox/include/slam_toolbox/slam_toolbox/srv/detail/serialize_pose_graph__rosidl_typesupport_introspection_cpp.hpp
[100.676s] -- Installing: /home/maffin21/slam_ws/install/slam_toolbox/lib/libslam_toolbox__rosidl_typesupport_introspection_cpp.so
[100.676s] -- Set runtime path of "/home/maffin21/slam_ws/install/slam_toolbox/lib/libslam_toolbox__rosidl_typesupport_introspection_cpp.so" to ""
[100.676s] -- Installing: /home/maffin21/slam_ws/install/slam_toolbox/lib/libslam_toolbox__rosidl_typesupport_cpp.so
[100.676s] -- Set runtime path of "/home/maffin21/slam_ws/install/slam_toolbox/lib/libslam_toolbox__rosidl_typesupport_cpp.so" to ""
[100.677s] -- Installing: /home/maffin21/slam_ws/install/slam_toolbox/share/slam_toolbox/environment/pythonpath.sh
[100.677s] -- Installing: /home/maffin21/slam_ws/install/slam_toolbox/share/slam_toolbox/environment/pythonpath.dsv
[100.677s] -- Installing: /home/maffin21/slam_ws/install/slam_toolbox/local/lib/python3.10/dist-packages/slam_toolbox-2.8.0-py3.10.egg-info
[100.677s] -- Installing: /home/maffin21/slam_ws/install/slam_toolbox/local/lib/python3.10/dist-packages/slam_toolbox-2.8.0-py3.10.egg-info/dependency_links.txt
[100.677s] -- Installing: /home/maffin21/slam_ws/install/slam_toolbox/local/lib/python3.10/dist-packages/slam_toolbox-2.8.0-py3.10.egg-info/SOURCES.txt
[100.677s] -- Installing: /home/maffin21/slam_ws/install/slam_toolbox/local/lib/python3.10/dist-packages/slam_toolbox-2.8.0-py3.10.egg-info/top_level.txt
[100.677s] -- Installing: /home/maffin21/slam_ws/install/slam_toolbox/local/lib/python3.10/dist-packages/slam_toolbox-2.8.0-py3.10.egg-info/PKG-INFO
[100.677s] -- Installing: /home/maffin21/slam_ws/install/slam_toolbox/local/lib/python3.10/dist-packages/slam_toolbox
[100.677s] -- Installing: /home/maffin21/slam_ws/install/slam_toolbox/local/lib/python3.10/dist-packages/slam_toolbox/slam_toolbox_s__rosidl_typesupport_introspection_c.cpython-310-x86_64-linux-gnu.so
[100.678s] -- Installing: /home/maffin21/slam_ws/install/slam_toolbox/local/lib/python3.10/dist-packages/slam_toolbox/srv
[100.678s] -- Installing: /home/maffin21/slam_ws/install/slam_toolbox/local/lib/python3.10/dist-packages/slam_toolbox/srv/_deserialize_pose_graph_s.c
[100.678s] -- Installing: /home/maffin21/slam_ws/install/slam_toolbox/local/lib/python3.10/dist-packages/slam_toolbox/srv/_serialize_pose_graph.py
[100.678s] -- Installing: /home/maffin21/slam_ws/install/slam_toolbox/local/lib/python3.10/dist-packages/slam_toolbox/srv/_loop_closure_s.c
[100.678s] -- Installing: /home/maffin21/slam_ws/install/slam_toolbox/local/lib/python3.10/dist-packages/slam_toolbox/srv/_save_map_s.c
[100.678s] -- Installing: /home/maffin21/slam_ws/install/slam_toolbox/local/lib/python3.10/dist-packages/slam_toolbox/srv/_reset.py
[100.678s] -- Installing: /home/maffin21/slam_ws/install/slam_toolbox/local/lib/python3.10/dist-packages/slam_toolbox/srv/_toggle_interactive.py
[100.678s] -- Installing: /home/maffin21/slam_ws/install/slam_toolbox/local/lib/python3.10/dist-packages/slam_toolbox/srv/_merge_maps_s.c
[100.679s] -- Installing: /home/maffin21/slam_ws/install/slam_toolbox/local/lib/python3.10/dist-packages/slam_toolbox/srv/_loop_closure.py
[100.679s] -- Installing: /home/maffin21/slam_ws/install/slam_toolbox/local/lib/python3.10/dist-packages/slam_toolbox/srv/_clear.py
[100.679s] -- Installing: /home/maffin21/slam_ws/install/slam_toolbox/local/lib/python3.10/dist-packages/slam_toolbox/srv/_clear_queue_s.c
[100.679s] -- Installing: /home/maffin21/slam_ws/install/slam_toolbox/local/lib/python3.10/dist-packages/slam_toolbox/srv/_add_submap.py
[100.679s] -- Installing: /home/maffin21/slam_ws/install/slam_toolbox/local/lib/python3.10/dist-packages/slam_toolbox/srv/_pause.py
[100.679s] -- Installing: /home/maffin21/slam_ws/install/slam_toolbox/local/lib/python3.10/dist-packages/slam_toolbox/srv/_merge_maps.py
[100.679s] -- Installing: /home/maffin21/slam_ws/install/slam_toolbox/local/lib/python3.10/dist-packages/slam_toolbox/srv/_toggle_interactive_s.c
[100.679s] -- Installing: /home/maffin21/slam_ws/install/slam_toolbox/local/lib/python3.10/dist-packages/slam_toolbox/srv/_serialize_pose_graph_s.c
[100.679s] -- Installing: /home/maffin21/slam_ws/install/slam_toolbox/local/lib/python3.10/dist-packages/slam_toolbox/srv/_deserialize_pose_graph.py
[100.680s] -- Installing: /home/maffin21/slam_ws/install/slam_toolbox/local/lib/python3.10/dist-packages/slam_toolbox/srv/_add_submap_s.c
[100.680s] -- Installing: /home/maffin21/slam_ws/install/slam_toolbox/local/lib/python3.10/dist-packages/slam_toolbox/srv/_clear_s.c
[100.680s] -- Installing: /home/maffin21/slam_ws/install/slam_toolbox/local/lib/python3.10/dist-packages/slam_toolbox/srv/_reset_s.c
[100.680s] -- Installing: /home/maffin21/slam_ws/install/slam_toolbox/local/lib/python3.10/dist-packages/slam_toolbox/srv/_pause_s.c
[100.680s] -- Installing: /home/maffin21/slam_ws/install/slam_toolbox/local/lib/python3.10/dist-packages/slam_toolbox/srv/_clear_queue.py
[100.680s] -- Installing: /home/maffin21/slam_ws/install/slam_toolbox/local/lib/python3.10/dist-packages/slam_toolbox/srv/_save_map.py
[100.680s] -- Installing: /home/maffin21/slam_ws/install/slam_toolbox/local/lib/python3.10/dist-packages/slam_toolbox/srv/__init__.py
[100.680s] -- Installing: /home/maffin21/slam_ws/install/slam_toolbox/local/lib/python3.10/dist-packages/slam_toolbox/slam_toolbox_s__rosidl_typesupport_fastrtps_c.cpython-310-x86_64-linux-gnu.so
[100.680s] -- Installing: /home/maffin21/slam_ws/install/slam_toolbox/local/lib/python3.10/dist-packages/slam_toolbox/_slam_toolbox_s.ep.rosidl_typesupport_fastrtps_c.c
[100.681s] -- Installing: /home/maffin21/slam_ws/install/slam_toolbox/local/lib/python3.10/dist-packages/slam_toolbox/_slam_toolbox_s.ep.rosidl_typesupport_introspection_c.c
[100.681s] -- Installing: /home/maffin21/slam_ws/install/slam_toolbox/local/lib/python3.10/dist-packages/slam_toolbox/slam_toolbox_s__rosidl_typesupport_c.cpython-310-x86_64-linux-gnu.so
[100.681s] -- Installing: /home/maffin21/slam_ws/install/slam_toolbox/local/lib/python3.10/dist-packages/slam_toolbox/libslam_toolbox__rosidl_generator_py.so
[100.681s] -- Installing: /home/maffin21/slam_ws/install/slam_toolbox/local/lib/python3.10/dist-packages/slam_toolbox/_slam_toolbox_s.ep.rosidl_typesupport_c.c
[100.681s] -- Installing: /home/maffin21/slam_ws/install/slam_toolbox/local/lib/python3.10/dist-packages/slam_toolbox/__init__.py
[100.719s] Listing '/home/maffin21/slam_ws/install/slam_toolbox/local/lib/python3.10/dist-packages/slam_toolbox'...
[100.719s] Compiling '/home/maffin21/slam_ws/install/slam_toolbox/local/lib/python3.10/dist-packages/slam_toolbox/__init__.py'...
[100.719s] Listing '/home/maffin21/slam_ws/install/slam_toolbox/local/lib/python3.10/dist-packages/slam_toolbox/srv'...
[100.719s] Compiling '/home/maffin21/slam_ws/install/slam_toolbox/local/lib/python3.10/dist-packages/slam_toolbox/srv/__init__.py'...
[100.719s] Compiling '/home/maffin21/slam_ws/install/slam_toolbox/local/lib/python3.10/dist-packages/slam_toolbox/srv/_add_submap.py'...
[100.719s] Compiling '/home/maffin21/slam_ws/install/slam_toolbox/local/lib/python3.10/dist-packages/slam_toolbox/srv/_clear.py'...
[100.719s] Compiling '/home/maffin21/slam_ws/install/slam_toolbox/local/lib/python3.10/dist-packages/slam_toolbox/srv/_clear_queue.py'...
[100.719s] Compiling '/home/maffin21/slam_ws/install/slam_toolbox/local/lib/python3.10/dist-packages/slam_toolbox/srv/_deserialize_pose_graph.py'...
[100.719s] Compiling '/home/maffin21/slam_ws/install/slam_toolbox/local/lib/python3.10/dist-packages/slam_toolbox/srv/_loop_closure.py'...
[100.719s] Compiling '/home/maffin21/slam_ws/install/slam_toolbox/local/lib/python3.10/dist-packages/slam_toolbox/srv/_merge_maps.py'...
[100.719s] Compiling '/home/maffin21/slam_ws/install/slam_toolbox/local/lib/python3.10/dist-packages/slam_toolbox/srv/_pause.py'...
[100.719s] Compiling '/home/maffin21/slam_ws/install/slam_toolbox/local/lib/python3.10/dist-packages/slam_toolbox/srv/_reset.py'...
[100.719s] Compiling '/home/maffin21/slam_ws/install/slam_toolbox/local/lib/python3.10/dist-packages/slam_toolbox/srv/_save_map.py'...
[100.719s] Compiling '/home/maffin21/slam_ws/install/slam_toolbox/local/lib/python3.10/dist-packages/slam_toolbox/srv/_serialize_pose_graph.py'...
[100.719s] Compiling '/home/maffin21/slam_ws/install/slam_toolbox/local/lib/python3.10/dist-packages/slam_toolbox/srv/_toggle_interactive.py'...
[100.722s] -- Installing: /home/maffin21/slam_ws/install/slam_toolbox/local/lib/python3.10/dist-packages/slam_toolbox/slam_toolbox_s__rosidl_typesupport_fastrtps_c.cpython-310-x86_64-linux-gnu.so
[100.722s] -- Set runtime path of "/home/maffin21/slam_ws/install/slam_toolbox/local/lib/python3.10/dist-packages/slam_toolbox/slam_toolbox_s__rosidl_typesupport_fastrtps_c.cpython-310-x86_64-linux-gnu.so" to ""
[100.723s] -- Installing: /home/maffin21/slam_ws/install/slam_toolbox/local/lib/python3.10/dist-packages/slam_toolbox/slam_toolbox_s__rosidl_typesupport_introspection_c.cpython-310-x86_64-linux-gnu.so
[100.723s] -- Set runtime path of "/home/maffin21/slam_ws/install/slam_toolbox/local/lib/python3.10/dist-packages/slam_toolbox/slam_toolbox_s__rosidl_typesupport_introspection_c.cpython-310-x86_64-linux-gnu.so" to ""
[100.723s] -- Installing: /home/maffin21/slam_ws/install/slam_toolbox/local/lib/python3.10/dist-packages/slam_toolbox/slam_toolbox_s__rosidl_typesupport_c.cpython-310-x86_64-linux-gnu.so
[100.723s] -- Set runtime path of "/home/maffin21/slam_ws/install/slam_toolbox/local/lib/python3.10/dist-packages/slam_toolbox/slam_toolbox_s__rosidl_typesupport_c.cpython-310-x86_64-linux-gnu.so" to ""
[100.724s] -- Installing: /home/maffin21/slam_ws/install/slam_toolbox/lib/libslam_toolbox__rosidl_generator_py.so
[100.724s] -- Set runtime path of "/home/maffin21/slam_ws/install/slam_toolbox/lib/libslam_toolbox__rosidl_generator_py.so" to ""
[100.724s] -- Installing: /home/maffin21/slam_ws/install/slam_toolbox/share/slam_toolbox/srv/Pause.idl
[100.724s] -- Installing: /home/maffin21/slam_ws/install/slam_toolbox/share/slam_toolbox/srv/Reset.idl
[100.724s] -- Installing: /home/maffin21/slam_ws/install/slam_toolbox/share/slam_toolbox/srv/ClearQueue.idl
[100.724s] -- Installing: /home/maffin21/slam_ws/install/slam_toolbox/share/slam_toolbox/srv/ToggleInteractive.idl
[100.724s] -- Installing: /home/maffin21/slam_ws/install/slam_toolbox/share/slam_toolbox/srv/Clear.idl
[100.725s] -- Installing: /home/maffin21/slam_ws/install/slam_toolbox/share/slam_toolbox/srv/SaveMap.idl
[100.725s] -- Installing: /home/maffin21/slam_ws/install/slam_toolbox/share/slam_toolbox/srv/LoopClosure.idl
[100.725s] -- Installing: /home/maffin21/slam_ws/install/slam_toolbox/share/slam_toolbox/srv/MergeMaps.idl
[100.725s] -- Installing: /home/maffin21/slam_ws/install/slam_toolbox/share/slam_toolbox/srv/AddSubmap.idl
[100.725s] -- Installing: /home/maffin21/slam_ws/install/slam_toolbox/share/slam_toolbox/srv/DeserializePoseGraph.idl
[100.725s] -- Installing: /home/maffin21/slam_ws/install/slam_toolbox/share/slam_toolbox/srv/SerializePoseGraph.idl
[100.726s] -- Installing: /home/maffin21/slam_ws/install/slam_toolbox/share/slam_toolbox/srv/Pause.srv
[100.726s] -- Installing: /home/maffin21/slam_ws/install/slam_toolbox/share/slam_toolbox/srv/Pause_Request.msg
[100.726s] -- Installing: /home/maffin21/slam_ws/install/slam_toolbox/share/slam_toolbox/srv/Pause_Response.msg
[100.726s] -- Installing: /home/maffin21/slam_ws/install/slam_toolbox/share/slam_toolbox/srv/Reset.srv
[100.726s] -- Installing: /home/maffin21/slam_ws/install/slam_toolbox/share/slam_toolbox/srv/Reset_Request.msg
[100.726s] -- Installing: /home/maffin21/slam_ws/install/slam_toolbox/share/slam_toolbox/srv/Reset_Response.msg
[100.726s] -- Installing: /home/maffin21/slam_ws/install/slam_toolbox/share/slam_toolbox/srv/ClearQueue.srv
[100.726s] -- Installing: /home/maffin21/slam_ws/install/slam_toolbox/share/slam_toolbox/srv/ClearQueue_Request.msg
[100.727s] -- Installing: /home/maffin21/slam_ws/install/slam_toolbox/share/slam_toolbox/srv/ClearQueue_Response.msg
[100.727s] -- Installing: /home/maffin21/slam_ws/install/slam_toolbox/share/slam_toolbox/srv/ToggleInteractive.srv
[100.727s] -- Installing: /home/maffin21/slam_ws/install/slam_toolbox/share/slam_toolbox/srv/ToggleInteractive_Request.msg
[100.727s] -- Installing: /home/maffin21/slam_ws/install/slam_toolbox/share/slam_toolbox/srv/ToggleInteractive_Response.msg
[100.727s] -- Installing: /home/maffin21/slam_ws/install/slam_toolbox/share/slam_toolbox/srv/Clear.srv
[100.727s] -- Installing: /home/maffin21/slam_ws/install/slam_toolbox/share/slam_toolbox/srv/Clear_Request.msg
[100.727s] -- Installing: /home/maffin21/slam_ws/install/slam_toolbox/share/slam_toolbox/srv/Clear_Response.msg
[100.728s] -- Installing: /home/maffin21/slam_ws/install/slam_toolbox/share/slam_toolbox/srv/SaveMap.srv
[100.728s] -- Installing: /home/maffin21/slam_ws/install/slam_toolbox/share/slam_toolbox/srv/SaveMap_Request.msg
[100.728s] -- Installing: /home/maffin21/slam_ws/install/slam_toolbox/share/slam_toolbox/srv/SaveMap_Response.msg
[100.728s] -- Installing: /home/maffin21/slam_ws/install/slam_toolbox/share/slam_toolbox/srv/LoopClosure.srv
[100.728s] -- Installing: /home/maffin21/slam_ws/install/slam_toolbox/share/slam_toolbox/srv/LoopClosure_Request.msg
[100.728s] -- Installing: /home/maffin21/slam_ws/install/slam_toolbox/share/slam_toolbox/srv/LoopClosure_Response.msg
[100.728s] -- Installing: /home/maffin21/slam_ws/install/slam_toolbox/share/slam_toolbox/srv/MergeMaps.srv
[100.728s] -- Installing: /home/maffin21/slam_ws/install/slam_toolbox/share/slam_toolbox/srv/MergeMaps_Request.msg
[100.729s] -- Installing: /home/maffin21/slam_ws/install/slam_toolbox/share/slam_toolbox/srv/MergeMaps_Response.msg
[100.729s] -- Installing: /home/maffin21/slam_ws/install/slam_toolbox/share/slam_toolbox/srv/AddSubmap.srv
[100.729s] -- Installing: /home/maffin21/slam_ws/install/slam_toolbox/share/slam_toolbox/srv/AddSubmap_Request.msg
[100.729s] -- Installing: /home/maffin21/slam_ws/install/slam_toolbox/share/slam_toolbox/srv/AddSubmap_Response.msg
[100.729s] -- Installing: /home/maffin21/slam_ws/install/slam_toolbox/share/slam_toolbox/srv/DeserializePoseGraph.srv
[100.729s] -- Installing: /home/maffin21/slam_ws/install/slam_toolbox/share/slam_toolbox/srv/DeserializePoseGraph_Request.msg
[100.729s] -- Installing: /home/maffin21/slam_ws/install/slam_toolbox/share/slam_toolbox/srv/DeserializePoseGraph_Response.msg
[100.730s] -- Installing: /home/maffin21/slam_ws/install/slam_toolbox/share/slam_toolbox/srv/SerializePoseGraph.srv
[100.730s] -- Installing: /home/maffin21/slam_ws/install/slam_toolbox/share/slam_toolbox/srv/SerializePoseGraph_Request.msg
[100.730s] -- Installing: /home/maffin21/slam_ws/install/slam_toolbox/share/slam_toolbox/srv/SerializePoseGraph_Response.msg
[100.730s] -- Installing: /home/maffin21/slam_ws/install/slam_toolbox/share/slam_toolbox/rviz_plugins.xml
[100.730s] -- Installing: /home/maffin21/slam_ws/install/slam_toolbox/share/slam_toolbox/solver_plugins.xml
[100.731s] -- Installing: /home/maffin21/slam_ws/install/slam_toolbox/lib/slam_toolbox/async_slam_toolbox_node
[100.732s] -- Set runtime path of "/home/maffin21/slam_ws/install/slam_toolbox/lib/slam_toolbox/async_slam_toolbox_node" to ""
[100.732s] -- Installing: /home/maffin21/slam_ws/install/slam_toolbox/lib/slam_toolbox/sync_slam_toolbox_node
[100.733s] -- Set runtime path of "/home/maffin21/slam_ws/install/slam_toolbox/lib/slam_toolbox/sync_slam_toolbox_node" to ""
[100.733s] -- Installing: /home/maffin21/slam_ws/install/slam_toolbox/lib/slam_toolbox/localization_slam_toolbox_node
[100.734s] -- Set runtime path of "/home/maffin21/slam_ws/install/slam_toolbox/lib/slam_toolbox/localization_slam_toolbox_node" to ""
[100.734s] -- Installing: /home/maffin21/slam_ws/install/slam_toolbox/lib/slam_toolbox/map_and_localization_slam_toolbox_node
[100.735s] -- Set runtime path of "/home/maffin21/slam_ws/install/slam_toolbox/lib/slam_toolbox/map_and_localization_slam_toolbox_node" to ""
[100.735s] -- Installing: /home/maffin21/slam_ws/install/slam_toolbox/lib/slam_toolbox/lifelong_slam_toolbox_node
[100.736s] -- Set runtime path of "/home/maffin21/slam_ws/install/slam_toolbox/lib/slam_toolbox/lifelong_slam_toolbox_node" to ""
[100.736s] -- Installing: /home/maffin21/slam_ws/install/slam_toolbox/lib/slam_toolbox/merge_maps_kinematic
[100.738s] -- Set runtime path of "/home/maffin21/slam_ws/install/slam_toolbox/lib/slam_toolbox/merge_maps_kinematic" to ""
[100.738s] -- Installing: /home/maffin21/slam_ws/install/slam_toolbox/lib/libtoolbox_common.so
[100.743s] -- Set runtime path of "/home/maffin21/slam_ws/install/slam_toolbox/lib/libtoolbox_common.so" to ""
[100.743s] -- Installing: /home/maffin21/slam_ws/install/slam_toolbox/lib/libSlamToolboxPlugin.so
[100.745s] -- Set runtime path of "/home/maffin21/slam_ws/install/slam_toolbox/lib/libSlamToolboxPlugin.so" to ""
[100.745s] -- Installing: /home/maffin21/slam_ws/install/slam_toolbox/lib/libceres_solver_plugin.so
[100.750s] -- Set runtime path of "/home/maffin21/slam_ws/install/slam_toolbox/lib/libceres_solver_plugin.so" to ""
[100.750s] -- Installing: /home/maffin21/slam_ws/install/slam_toolbox/lib/libasync_slam_toolbox.so
[100.751s] -- Set runtime path of "/home/maffin21/slam_ws/install/slam_toolbox/lib/libasync_slam_toolbox.so" to ""
[100.752s] -- Installing: /home/maffin21/slam_ws/install/slam_toolbox/lib/libsync_slam_toolbox.so
[100.753s] -- Set runtime path of "/home/maffin21/slam_ws/install/slam_toolbox/lib/libsync_slam_toolbox.so" to ""
[100.753s] -- Installing: /home/maffin21/slam_ws/install/slam_toolbox/lib/liblocalization_slam_toolbox.so
[100.755s] -- Set runtime path of "/home/maffin21/slam_ws/install/slam_toolbox/lib/liblocalization_slam_toolbox.so" to ""
[100.755s] -- Installing: /home/maffin21/slam_ws/install/slam_toolbox/lib/liblifelong_slam_toolbox.so
[100.756s] -- Set runtime path of "/home/maffin21/slam_ws/install/slam_toolbox/lib/liblifelong_slam_toolbox.so" to ""
[100.756s] -- Installing: /home/maffin21/slam_ws/install/slam_toolbox/lib/libmap_and_localization_slam_toolbox.so
[100.759s] -- Set runtime path of "/home/maffin21/slam_ws/install/slam_toolbox/lib/libmap_and_localization_slam_toolbox.so" to ""
[100.759s] -- Installing: /home/maffin21/slam_ws/install/slam_toolbox/lib/libkartoSlamToolbox.so
[100.763s] -- Set runtime path of "/home/maffin21/slam_ws/install/slam_toolbox/lib/libkartoSlamToolbox.so" to ""
[100.763s] -- Up-to-date: /home/maffin21/slam_ws/install/slam_toolbox/lib/libSlamToolboxPlugin.so
[100.763s] -- Up-to-date: /home/maffin21/slam_ws/install/slam_toolbox/include
[100.763s] -- Up-to-date: /home/maffin21/slam_ws/install/slam_toolbox/include/slam_toolbox
[100.763s] -- Installing: /home/maffin21/slam_ws/install/slam_toolbox/include/slam_toolbox/experimental
[100.764s] -- Installing: /home/maffin21/slam_ws/install/slam_toolbox/include/slam_toolbox/experimental/slam_toolbox_map_and_localization.hpp
[100.764s] -- Installing: /home/maffin21/slam_ws/install/slam_toolbox/include/slam_toolbox/experimental/slam_toolbox_lifelong.hpp
[100.764s] -- Installing: /home/maffin21/slam_ws/install/slam_toolbox/include/slam_toolbox/slam_mapper.hpp
[100.764s] -- Installing: /home/maffin21/slam_ws/install/slam_toolbox/include/slam_toolbox/visualization_utils.hpp
[100.764s] -- Installing: /home/maffin21/slam_ws/install/slam_toolbox/include/slam_toolbox/map_saver.hpp
[100.764s] -- Installing: /home/maffin21/slam_ws/install/slam_toolbox/include/slam_toolbox/snap_utils.hpp
[100.764s] -- Installing: /home/maffin21/slam_ws/install/slam_toolbox/include/slam_toolbox/get_pose_helper.hpp
[100.764s] -- Installing: /home/maffin21/slam_ws/install/slam_toolbox/include/slam_toolbox/slam_toolbox_sync.hpp
[100.764s] -- Installing: /home/maffin21/slam_ws/install/slam_toolbox/include/slam_toolbox/loop_closure_assistant.hpp
[100.764s] -- Installing: /home/maffin21/slam_ws/install/slam_toolbox/include/slam_toolbox/slam_toolbox_localization.hpp
[100.765s] -- Installing: /home/maffin21/slam_ws/install/slam_toolbox/include/slam_toolbox/toolbox_types.hpp
[100.765s] -- Installing: /home/maffin21/slam_ws/install/slam_toolbox/include/slam_toolbox/slam_toolbox_common.hpp
[100.765s] -- Installing: /home/maffin21/slam_ws/install/slam_toolbox/include/slam_toolbox/laser_utils.hpp
[100.765s] -- Installing: /home/maffin21/slam_ws/install/slam_toolbox/include/slam_toolbox/slam_toolbox_async.hpp
[100.765s] -- Installing: /home/maffin21/slam_ws/install/slam_toolbox/include/slam_toolbox/toolbox_msgs.hpp
[100.765s] -- Installing: /home/maffin21/slam_ws/install/slam_toolbox/include/slam_toolbox/merge_maps_kinematic.hpp
[100.765s] -- Installing: /home/maffin21/slam_ws/install/slam_toolbox/include/slam_toolbox/serialization.hpp
[100.765s] -- Installing: /home/maffin21/slam_ws/install/slam_toolbox/share/slam_toolbox/launch
[100.765s] -- Installing: /home/maffin21/slam_ws/install/slam_toolbox/share/slam_toolbox/launch/online_sync_launch.py
[100.766s] -- Installing: /home/maffin21/slam_ws/install/slam_toolbox/share/slam_toolbox/launch/offline_launch.py
[100.766s] -- Installing: /home/maffin21/slam_ws/install/slam_toolbox/share/slam_toolbox/launch/localization_launch.py
[100.766s] -- Installing: /home/maffin21/slam_ws/install/slam_toolbox/share/slam_toolbox/launch/online_async_launch.py
[100.766s] -- Installing: /home/maffin21/slam_ws/install/slam_toolbox/share/slam_toolbox/launch/merge_maps_kinematic_launch.py
[100.766s] -- Installing: /home/maffin21/slam_ws/install/slam_toolbox/share/slam_toolbox/config
[100.767s] -- Installing: /home/maffin21/slam_ws/install/slam_toolbox/share/slam_toolbox/config/slam_toolbox_default.rviz
[100.767s] -- Installing: /home/maffin21/slam_ws/install/slam_toolbox/share/slam_toolbox/config/mapper_params_lifelong.yaml
[100.767s] -- Installing: /home/maffin21/slam_ws/install/slam_toolbox/share/slam_toolbox/config/mapper_params_localization.yaml
[100.767s] -- Installing: /home/maffin21/slam_ws/install/slam_toolbox/share/slam_toolbox/config/mapper_params_online_async.yaml
[100.767s] -- Installing: /home/maffin21/slam_ws/install/slam_toolbox/share/slam_toolbox/config/mapper_params_online_sync.yaml
[100.767s] -- Installing: /home/maffin21/slam_ws/install/slam_toolbox/share/slam_toolbox/config/mapper_params_offline.yaml
[100.768s] -- Installing: /home/maffin21/slam_ws/install/slam_toolbox/share/solver_plugins.xml
[100.768s] -- Installing: /home/maffin21/slam_ws/install/slam_toolbox/share/rviz_plugins.xml
[100.768s] -- Installing: /home/maffin21/slam_ws/install/slam_toolbox/share/ament_index/resource_index/package_run_dependencies/slam_toolbox
[100.768s] -- Installing: /home/maffin21/slam_ws/install/slam_toolbox/share/ament_index/resource_index/parent_prefix_path/slam_toolbox
[100.768s] -- Installing: /home/maffin21/slam_ws/install/slam_toolbox/share/slam_toolbox/environment/ament_prefix_path.sh
[100.768s] -- Installing: /home/maffin21/slam_ws/install/slam_toolbox/share/slam_toolbox/environment/ament_prefix_path.dsv
[100.769s] -- Installing: /home/maffin21/slam_ws/install/slam_toolbox/share/slam_toolbox/environment/path.sh
[100.769s] -- Installing: /home/maffin21/slam_ws/install/slam_toolbox/share/slam_toolbox/environment/path.dsv
[100.769s] -- Installing: /home/maffin21/slam_ws/install/slam_toolbox/share/slam_toolbox/local_setup.bash
[100.769s] -- Installing: /home/maffin21/slam_ws/install/slam_toolbox/share/slam_toolbox/local_setup.sh
[100.769s] -- Installing: /home/maffin21/slam_ws/install/slam_toolbox/share/slam_toolbox/local_setup.zsh
[100.769s] -- Installing: /home/maffin21/slam_ws/install/slam_toolbox/share/slam_toolbox/local_setup.dsv
[100.769s] -- Installing: /home/maffin21/slam_ws/install/slam_toolbox/share/slam_toolbox/package.dsv
[100.770s] -- Installing: /home/maffin21/slam_ws/install/slam_toolbox/share/ament_index/resource_index/packages/slam_toolbox
[100.770s] -- Installing: /home/maffin21/slam_ws/install/slam_toolbox/share/ament_index/resource_index/rviz_common__pluginlib__plugin/slam_toolbox
[100.770s] -- Installing: /home/maffin21/slam_ws/install/slam_toolbox/share/ament_index/resource_index/slam_toolbox__pluginlib__plugin/slam_toolbox
[100.770s] -- Installing: /home/maffin21/slam_ws/install/slam_toolbox/share/slam_toolbox/cmake/export_slam_toolbox__rosidl_generator_cExport.cmake
[100.770s] -- Installing: /home/maffin21/slam_ws/install/slam_toolbox/share/slam_toolbox/cmake/export_slam_toolbox__rosidl_generator_cExport-release.cmake
[100.770s] -- Installing: /home/maffin21/slam_ws/install/slam_toolbox/share/slam_toolbox/cmake/export_slam_toolbox__rosidl_typesupport_fastrtps_cExport.cmake
[100.771s] -- Installing: /home/maffin21/slam_ws/install/slam_toolbox/share/slam_toolbox/cmake/export_slam_toolbox__rosidl_typesupport_fastrtps_cExport-release.cmake
[100.771s] -- Installing: /home/maffin21/slam_ws/install/slam_toolbox/share/slam_toolbox/cmake/export_slam_toolbox__rosidl_generator_cppExport.cmake
[100.771s] -- Installing: /home/maffin21/slam_ws/install/slam_toolbox/share/slam_toolbox/cmake/export_slam_toolbox__rosidl_typesupport_fastrtps_cppExport.cmake
[100.771s] -- Installing: /home/maffin21/slam_ws/install/slam_toolbox/share/slam_toolbox/cmake/export_slam_toolbox__rosidl_typesupport_fastrtps_cppExport-release.cmake
[100.771s] -- Installing: /home/maffin21/slam_ws/install/slam_toolbox/share/slam_toolbox/cmake/slam_toolbox__rosidl_typesupport_introspection_cExport.cmake
[100.771s] -- Installing: /home/maffin21/slam_ws/install/slam_toolbox/share/slam_toolbox/cmake/slam_toolbox__rosidl_typesupport_introspection_cExport-release.cmake
[100.772s] -- Installing: /home/maffin21/slam_ws/install/slam_toolbox/share/slam_toolbox/cmake/slam_toolbox__rosidl_typesupport_cExport.cmake
[100.772s] -- Installing: /home/maffin21/slam_ws/install/slam_toolbox/share/slam_toolbox/cmake/slam_toolbox__rosidl_typesupport_cExport-release.cmake
[100.772s] -- Installing: /home/maffin21/slam_ws/install/slam_toolbox/share/slam_toolbox/cmake/slam_toolbox__rosidl_typesupport_introspection_cppExport.cmake
[100.772s] -- Installing: /home/maffin21/slam_ws/install/slam_toolbox/share/slam_toolbox/cmake/slam_toolbox__rosidl_typesupport_introspection_cppExport-release.cmake
[100.772s] -- Installing: /home/maffin21/slam_ws/install/slam_toolbox/share/slam_toolbox/cmake/slam_toolbox__rosidl_typesupport_cppExport.cmake
[100.772s] -- Installing: /home/maffin21/slam_ws/install/slam_toolbox/share/slam_toolbox/cmake/slam_toolbox__rosidl_typesupport_cppExport-release.cmake
[100.772s] -- Installing: /home/maffin21/slam_ws/install/slam_toolbox/share/slam_toolbox/cmake/export_slam_toolbox__rosidl_generator_pyExport.cmake
[100.773s] -- Installing: /home/maffin21/slam_ws/install/slam_toolbox/share/slam_toolbox/cmake/export_slam_toolbox__rosidl_generator_pyExport-release.cmake
[100.773s] -- Installing: /home/maffin21/slam_ws/install/slam_toolbox/share/slam_toolbox/cmake/SlamToolboxPluginExport.cmake
[100.773s] -- Installing: /home/maffin21/slam_ws/install/slam_toolbox/share/slam_toolbox/cmake/SlamToolboxPluginExport-release.cmake
[100.773s] -- Installing: /home/maffin21/slam_ws/install/slam_toolbox/share/ament_index/resource_index/rclcpp_components/slam_toolbox
[100.773s] -- Installing: /home/maffin21/slam_ws/install/slam_toolbox/share/slam_toolbox/cmake/rosidl_cmake-extras.cmake
[100.773s] -- Installing: /home/maffin21/slam_ws/install/slam_toolbox/share/slam_toolbox/cmake/ament_cmake_export_dependencies-extras.cmake
[100.774s] -- Installing: /home/maffin21/slam_ws/install/slam_toolbox/share/slam_toolbox/cmake/ament_cmake_export_include_directories-extras.cmake
[100.774s] -- Installing: /home/maffin21/slam_ws/install/slam_toolbox/share/slam_toolbox/cmake/ament_cmake_export_libraries-extras.cmake
[100.774s] -- Installing: /home/maffin21/slam_ws/install/slam_toolbox/share/slam_toolbox/cmake/ament_cmake_export_targets-extras.cmake
[100.774s] -- Installing: /home/maffin21/slam_ws/install/slam_toolbox/share/slam_toolbox/cmake/rosidl_cmake_export_typesupport_targets-extras.cmake
[100.774s] -- Installing: /home/maffin21/slam_ws/install/slam_toolbox/share/slam_toolbox/cmake/rosidl_cmake_export_typesupport_libraries-extras.cmake
[100.774s] -- Installing: /home/maffin21/slam_ws/install/slam_toolbox/share/slam_toolbox/cmake/slam_toolboxConfig.cmake
[100.774s] -- Installing: /home/maffin21/slam_ws/install/slam_toolbox/share/slam_toolbox/cmake/slam_toolboxConfig-version.cmake
[100.775s] -- Installing: /home/maffin21/slam_ws/install/slam_toolbox/share/slam_toolbox/package.xml
[100.775s] -- Up-to-date: /home/maffin21/slam_ws/install/slam_toolbox/include/
[100.775s] -- Installing: /home/maffin21/slam_ws/install/slam_toolbox/include//karto_sdk
[100.775s] -- Installing: /home/maffin21/slam_ws/install/slam_toolbox/include//karto_sdk/Mapper.h
[100.775s] -- Installing: /home/maffin21/slam_ws/install/slam_toolbox/include//karto_sdk/Karto.h
[100.775s] -- Installing: /home/maffin21/slam_ws/install/slam_toolbox/include//karto_sdk/nanoflann_adaptors.h
[100.775s] -- Installing: /home/maffin21/slam_ws/install/slam_toolbox/include//karto_sdk/Math.h
[100.776s] -- Installing: /home/maffin21/slam_ws/install/slam_toolbox/include//karto_sdk/nanoflann.hpp
[100.776s] -- Installing: /home/maffin21/slam_ws/install/slam_toolbox/include//karto_sdk/Types.h
[100.776s] -- Installing: /home/maffin21/slam_ws/install/slam_toolbox/include//karto_sdk/Macros.h
[100.779s] Invoked command in '/home/maffin21/slam_ws/build/slam_toolbox' returned '0': CMAKE_PREFIX_PATH=/home/maffin21/odom_ws/install/rpm_to_odom:/opt/ros/humble:/home/maffin21/slam_ws/install/rpm_to_odom:/home/maffin21/ydlidar_ws/install/ydlidar_ros2_driver /usr/bin/cmake --install /home/maffin21/slam_ws/build/slam_toolbox
