[0.086s] [34mcolcon[0m [1;30mDEBUG[0m [32mCommand line arguments: ['/usr/bin/colcon', 'build'][0m
[0.086s] [34mcolcon[0m [1;30mDEBUG[0m [32mParsed command line arguments: Namespace(log_base=None, log_level=None, verb_name='build', build_base='build', install_base='install', merge_install=False, symlink_install=False, test_result_base=None, continue_on_error=False, executor='parallel', parallel_workers=12, event_handlers=None, ignore_user_meta=False, metas=['./colcon.meta'], base_paths=['.'], packages_ignore=None, packages_ignore_regex=None, paths=None, packages_up_to=None, packages_up_to_regex=None, packages_above=None, packages_above_and_dependencies=None, packages_above_depth=None, packages_select_by_dep=None, packages_skip_by_dep=None, packages_skip_up_to=None, packages_select_build_failed=False, packages_skip_build_finished=False, packages_select_test_failures=False, packages_skip_test_passed=False, packages_select=None, packages_skip=None, packages_select_regex=None, packages_skip_regex=None, packages_start=None, packages_end=None, allow_overriding=[], cmake_args=None, cmake_target=None, cmake_target_skip_unavailable=False, cmake_clean_cache=False, cmake_clean_first=False, cmake_force_configure=False, ament_cmake_args=None, catkin_cmake_args=None, catkin_skip_building_tests=False, mixin_files=None, mixin=None, verb_parser=<colcon_mixin.mixin.mixin_argument.MixinArgumentDecorator object at 0x790882238220>, verb_extension=<colcon_core.verb.build.BuildVerb object at 0x7908823b8f40>, main=<bound method BuildVerb.main of <colcon_core.verb.build.BuildVerb object at 0x7908823b8f40>>, mixin_verb=('build',))[0m
[0.241s] [34mcolcon.colcon_core.package_discovery[0m [1;30mLevel 1[0m discover_packages(colcon_meta) check parameters
[0.241s] [34mcolcon.colcon_core.package_discovery[0m [1;30mLevel 1[0m discover_packages(recursive) check parameters
[0.241s] [34mcolcon.colcon_core.package_discovery[0m [1;30mLevel 1[0m discover_packages(ignore) check parameters
[0.241s] [34mcolcon.colcon_core.package_discovery[0m [1;30mLevel 1[0m discover_packages(path) check parameters
[0.241s] [34mcolcon.colcon_core.package_discovery[0m [1;30mLevel 1[0m discover_packages(colcon_meta) discover
[0.242s] [34mcolcon.colcon_core.package_discovery[0m [1;30mLevel 1[0m discover_packages(recursive) discover
[0.242s] [34mcolcon.colcon_core.package_discovery[0m [1;30mINFO[0m Crawling recursively for packages in '/home/maffin21/slam_ws'
[0.242s] [34mcolcon.colcon_core.package_identification[0m [1;30mLevel 1[0m _identify(.) by extensions ['ignore', 'ignore_ament_install']
[0.242s] [34mcolcon.colcon_core.package_identification[0m [1;30mLevel 1[0m _identify(.) by extension 'ignore'
[0.242s] [34mcolcon.colcon_core.package_identification[0m [1;30mLevel 1[0m _identify(.) by extension 'ignore_ament_install'
[0.242s] [34mcolcon.colcon_core.package_identification[0m [1;30mLevel 1[0m _identify(.) by extensions ['colcon_pkg']
[0.242s] [34mcolcon.colcon_core.package_identification[0m [1;30mLevel 1[0m _identify(.) by extension 'colcon_pkg'
[0.242s] [34mcolcon.colcon_core.package_identification[0m [1;30mLevel 1[0m _identify(.) by extensions ['colcon_meta']
[0.242s] [34mcolcon.colcon_core.package_identification[0m [1;30mLevel 1[0m _identify(.) by extension 'colcon_meta'
[0.242s] [34mcolcon.colcon_core.package_identification[0m [1;30mLevel 1[0m _identify(.) by extensions ['ros']
[0.242s] [34mcolcon.colcon_core.package_identification[0m [1;30mLevel 1[0m _identify(.) by extension 'ros'
[0.258s] [34mcolcon.colcon_core.package_identification[0m [1;30mLevel 1[0m _identify(.) by extensions ['cmake', 'python']
[0.258s] [34mcolcon.colcon_core.package_identification[0m [1;30mLevel 1[0m _identify(.) by extension 'cmake'
[0.259s] [34mcolcon.colcon_core.package_identification[0m [1;30mLevel 1[0m _identify(.) by extension 'python'
[0.259s] [34mcolcon.colcon_core.package_identification[0m [1;30mLevel 1[0m _identify(.) by extensions ['python_setup_py']
[0.259s] [34mcolcon.colcon_core.package_identification[0m [1;30mLevel 1[0m _identify(.) by extension 'python_setup_py'
[0.259s] [34mcolcon.colcon_core.package_identification[0m [1;30mLevel 1[0m _identify(build) by extensions ['ignore', 'ignore_ament_install']
[0.259s] [34mcolcon.colcon_core.package_identification[0m [1;30mLevel 1[0m _identify(build) by extension 'ignore'
[0.259s] [34mcolcon.colcon_core.package_identification[0m [1;30mLevel 1[0m _identify(build) ignored
[0.259s] [34mcolcon.colcon_core.package_identification[0m [1;30mLevel 1[0m _identify(install) by extensions ['ignore', 'ignore_ament_install']
[0.259s] [34mcolcon.colcon_core.package_identification[0m [1;30mLevel 1[0m _identify(install) by extension 'ignore'
[0.259s] [34mcolcon.colcon_core.package_identification[0m [1;30mLevel 1[0m _identify(install) ignored
[0.259s] [34mcolcon.colcon_core.package_identification[0m [1;30mLevel 1[0m _identify(log) by extensions ['ignore', 'ignore_ament_install']
[0.259s] [34mcolcon.colcon_core.package_identification[0m [1;30mLevel 1[0m _identify(log) by extension 'ignore'
[0.259s] [34mcolcon.colcon_core.package_identification[0m [1;30mLevel 1[0m _identify(log) ignored
[0.259s] [34mcolcon.colcon_core.package_identification[0m [1;30mLevel 1[0m _identify(src) by extensions ['ignore', 'ignore_ament_install']
[0.259s] [34mcolcon.colcon_core.package_identification[0m [1;30mLevel 1[0m _identify(src) by extension 'ignore'
[0.259s] [34mcolcon.colcon_core.package_identification[0m [1;30mLevel 1[0m _identify(src) by extension 'ignore_ament_install'
[0.259s] [34mcolcon.colcon_core.package_identification[0m [1;30mLevel 1[0m _identify(src) by extensions ['colcon_pkg']
[0.259s] [34mcolcon.colcon_core.package_identification[0m [1;30mLevel 1[0m _identify(src) by extension 'colcon_pkg'
[0.259s] [34mcolcon.colcon_core.package_identification[0m [1;30mLevel 1[0m _identify(src) by extensions ['colcon_meta']
[0.259s] [34mcolcon.colcon_core.package_identification[0m [1;30mLevel 1[0m _identify(src) by extension 'colcon_meta'
[0.259s] [34mcolcon.colcon_core.package_identification[0m [1;30mLevel 1[0m _identify(src) by extensions ['ros']
[0.259s] [34mcolcon.colcon_core.package_identification[0m [1;30mLevel 1[0m _identify(src) by extension 'ros'
[0.260s] [34mcolcon.colcon_core.package_identification[0m [1;30mLevel 1[0m _identify(src) by extensions ['cmake', 'python']
[0.260s] [34mcolcon.colcon_core.package_identification[0m [1;30mLevel 1[0m _identify(src) by extension 'cmake'
[0.260s] [34mcolcon.colcon_core.package_identification[0m [1;30mLevel 1[0m _identify(src) by extension 'python'
[0.260s] [34mcolcon.colcon_core.package_identification[0m [1;30mLevel 1[0m _identify(src) by extensions ['python_setup_py']
[0.260s] [34mcolcon.colcon_core.package_identification[0m [1;30mLevel 1[0m _identify(src) by extension 'python_setup_py'
[0.260s] [34mcolcon.colcon_core.package_identification[0m [1;30mLevel 1[0m _identify(src/rpm_to_odom) by extensions ['ignore', 'ignore_ament_install']
[0.260s] [34mcolcon.colcon_core.package_identification[0m [1;30mLevel 1[0m _identify(src/rpm_to_odom) by extension 'ignore'
[0.260s] [34mcolcon.colcon_core.package_identification[0m [1;30mLevel 1[0m _identify(src/rpm_to_odom) by extension 'ignore_ament_install'
[0.260s] [34mcolcon.colcon_core.package_identification[0m [1;30mLevel 1[0m _identify(src/rpm_to_odom) by extensions ['colcon_pkg']
[0.260s] [34mcolcon.colcon_core.package_identification[0m [1;30mLevel 1[0m _identify(src/rpm_to_odom) by extension 'colcon_pkg'
[0.260s] [34mcolcon.colcon_core.package_identification[0m [1;30mLevel 1[0m _identify(src/rpm_to_odom) by extensions ['colcon_meta']
[0.260s] [34mcolcon.colcon_core.package_identification[0m [1;30mLevel 1[0m _identify(src/rpm_to_odom) by extension 'colcon_meta'
[0.260s] [34mcolcon.colcon_core.package_identification[0m [1;30mLevel 1[0m _identify(src/rpm_to_odom) by extensions ['ros']
[0.260s] [34mcolcon.colcon_core.package_identification[0m [1;30mLevel 1[0m _identify(src/rpm_to_odom) by extension 'ros'
[0.263s] [34mcolcon.colcon_core.package_identification[0m [1;30mDEBUG[0m [32mPackage 'src/rpm_to_odom' with type 'ros.catkin' and name 'rpm_to_odom'[0m
[0.263s] [34mcolcon.colcon_core.package_identification[0m [1;30mLevel 1[0m _identify(src/slam_toolbox) by extensions ['ignore', 'ignore_ament_install']
[0.263s] [34mcolcon.colcon_core.package_identification[0m [1;30mLevel 1[0m _identify(src/slam_toolbox) by extension 'ignore'
[0.263s] [34mcolcon.colcon_core.package_identification[0m [1;30mLevel 1[0m _identify(src/slam_toolbox) by extension 'ignore_ament_install'
[0.263s] [34mcolcon.colcon_core.package_identification[0m [1;30mLevel 1[0m _identify(src/slam_toolbox) by extensions ['colcon_pkg']
[0.263s] [34mcolcon.colcon_core.package_identification[0m [1;30mLevel 1[0m _identify(src/slam_toolbox) by extension 'colcon_pkg'
[0.263s] [34mcolcon.colcon_core.package_identification[0m [1;30mLevel 1[0m _identify(src/slam_toolbox) by extensions ['colcon_meta']
[0.263s] [34mcolcon.colcon_core.package_identification[0m [1;30mLevel 1[0m _identify(src/slam_toolbox) by extension 'colcon_meta'
[0.263s] [34mcolcon.colcon_core.package_identification[0m [1;30mLevel 1[0m _identify(src/slam_toolbox) by extensions ['ros']
[0.263s] [34mcolcon.colcon_core.package_identification[0m [1;30mLevel 1[0m _identify(src/slam_toolbox) by extension 'ros'
[0.264s] [34mcolcon.colcon_core.package_identification[0m [1;30mDEBUG[0m [32mPackage 'src/slam_toolbox' with type 'ros.ament_cmake' and name 'slam_toolbox'[0m
[0.264s] [34mcolcon.colcon_core.package_identification[0m [1;30mLevel 1[0m _identify(src/ydlidar_ros2_driver) by extensions ['ignore', 'ignore_ament_install']
[0.265s] [34mcolcon.colcon_core.package_identification[0m [1;30mLevel 1[0m _identify(src/ydlidar_ros2_driver) by extension 'ignore'
[0.265s] [34mcolcon.colcon_core.package_identification[0m [1;30mLevel 1[0m _identify(src/ydlidar_ros2_driver) by extension 'ignore_ament_install'
[0.265s] [34mcolcon.colcon_core.package_identification[0m [1;30mLevel 1[0m _identify(src/ydlidar_ros2_driver) by extensions ['colcon_pkg']
[0.265s] [34mcolcon.colcon_core.package_identification[0m [1;30mLevel 1[0m _identify(src/ydlidar_ros2_driver) by extension 'colcon_pkg'
[0.265s] [34mcolcon.colcon_core.package_identification[0m [1;30mLevel 1[0m _identify(src/ydlidar_ros2_driver) by extensions ['colcon_meta']
[0.265s] [34mcolcon.colcon_core.package_identification[0m [1;30mLevel 1[0m _identify(src/ydlidar_ros2_driver) by extension 'colcon_meta'
[0.265s] [34mcolcon.colcon_core.package_identification[0m [1;30mLevel 1[0m _identify(src/ydlidar_ros2_driver) by extensions ['ros']
[0.265s] [34mcolcon.colcon_core.package_identification[0m [1;30mLevel 1[0m _identify(src/ydlidar_ros2_driver) by extension 'ros'
[0.265s] [34mcolcon.colcon_core.package_identification[0m [1;30mDEBUG[0m [32mPackage 'src/ydlidar_ros2_driver' with type 'ros.ament_cmake' and name 'ydlidar_ros2_driver'[0m
[0.265s] [34mcolcon.colcon_core.package_identification[0m [1;30mLevel 1[0m _identify(src/ydlidar_slam_launch) by extensions ['ignore', 'ignore_ament_install']
[0.266s] [34mcolcon.colcon_core.package_identification[0m [1;30mLevel 1[0m _identify(src/ydlidar_slam_launch) by extension 'ignore'
[0.266s] [34mcolcon.colcon_core.package_identification[0m [1;30mLevel 1[0m _identify(src/ydlidar_slam_launch) by extension 'ignore_ament_install'
[0.266s] [34mcolcon.colcon_core.package_identification[0m [1;30mLevel 1[0m _identify(src/ydlidar_slam_launch) by extensions ['colcon_pkg']
[0.266s] [34mcolcon.colcon_core.package_identification[0m [1;30mLevel 1[0m _identify(src/ydlidar_slam_launch) by extension 'colcon_pkg'
[0.266s] [34mcolcon.colcon_core.package_identification[0m [1;30mLevel 1[0m _identify(src/ydlidar_slam_launch) by extensions ['colcon_meta']
[0.266s] [34mcolcon.colcon_core.package_identification[0m [1;30mLevel 1[0m _identify(src/ydlidar_slam_launch) by extension 'colcon_meta'
[0.266s] [34mcolcon.colcon_core.package_identification[0m [1;30mLevel 1[0m _identify(src/ydlidar_slam_launch) by extensions ['ros']
[0.266s] [34mcolcon.colcon_core.package_identification[0m [1;30mLevel 1[0m _identify(src/ydlidar_slam_launch) by extension 'ros'
[0.266s] [34mcolcon.colcon_core.package_identification[0m [1;30mDEBUG[0m [32mPackage 'src/ydlidar_slam_launch' with type 'ros.ament_python' and name 'ydlidar_slam_launch'[0m
[0.266s] [34mcolcon.colcon_core.package_discovery[0m [1;30mLevel 1[0m discover_packages(recursive) using defaults
[0.266s] [34mcolcon.colcon_core.package_discovery[0m [1;30mLevel 1[0m discover_packages(ignore) discover
[0.266s] [34mcolcon.colcon_core.package_discovery[0m [1;30mLevel 1[0m discover_packages(ignore) using defaults
[0.266s] [34mcolcon.colcon_core.package_discovery[0m [1;30mLevel 1[0m discover_packages(path) discover
[0.266s] [34mcolcon.colcon_core.package_discovery[0m [1;30mLevel 1[0m discover_packages(path) using defaults
[0.278s] [34mcolcon.colcon_core.package_discovery[0m [1;30mLevel 1[0m discover_packages(prefix_path) check parameters
[0.279s] [34mcolcon.colcon_core.package_discovery[0m [1;30mLevel 1[0m discover_packages(prefix_path) discover
[0.280s] [34mcolcon.colcon_installed_package_information.package_discovery[0m [1;30mDEBUG[0m [32mFound 1 installed packages in /home/maffin21/odom_ws/install[0m
[0.280s] [34mcolcon.colcon_installed_package_information.package_discovery[0m [1;30mDEBUG[0m [32mFound 1 installed packages in /home/maffin21/slam_ws/install[0m
[0.280s] [34mcolcon.colcon_installed_package_information.package_discovery[0m [1;30mDEBUG[0m [32mFound 1 installed packages in /home/maffin21/ydlidar_ws/install[0m
[0.281s] [34mcolcon.colcon_installed_package_information.package_discovery[0m [1;30mDEBUG[0m [32mFound 284 installed packages in /opt/ros/humble[0m
[0.283s] [34mcolcon.colcon_core.package_discovery[0m [1;30mLevel 1[0m discover_packages(prefix_path) using defaults
[0.309s] [34mcolcon.colcon_core.verb[0m [1;30mLevel 5[0m set package 'rpm_to_odom' build argument 'cmake_args' from command line to 'None'
[0.309s] [34mcolcon.colcon_core.verb[0m [1;30mLevel 5[0m set package 'rpm_to_odom' build argument 'cmake_target' from command line to 'None'
[0.309s] [34mcolcon.colcon_core.verb[0m [1;30mLevel 5[0m set package 'rpm_to_odom' build argument 'cmake_target_skip_unavailable' from command line to 'False'
[0.309s] [34mcolcon.colcon_core.verb[0m [1;30mLevel 5[0m set package 'rpm_to_odom' build argument 'cmake_clean_cache' from command line to 'False'
[0.309s] [34mcolcon.colcon_core.verb[0m [1;30mLevel 5[0m set package 'rpm_to_odom' build argument 'cmake_clean_first' from command line to 'False'
[0.309s] [34mcolcon.colcon_core.verb[0m [1;30mLevel 5[0m set package 'rpm_to_odom' build argument 'cmake_force_configure' from command line to 'False'
[0.309s] [34mcolcon.colcon_core.verb[0m [1;30mLevel 5[0m set package 'rpm_to_odom' build argument 'ament_cmake_args' from command line to 'None'
[0.309s] [34mcolcon.colcon_core.verb[0m [1;30mLevel 5[0m set package 'rpm_to_odom' build argument 'catkin_cmake_args' from command line to 'None'
[0.309s] [34mcolcon.colcon_core.verb[0m [1;30mLevel 5[0m set package 'rpm_to_odom' build argument 'catkin_skip_building_tests' from command line to 'False'
[0.309s] [34mcolcon.colcon_core.verb[0m [1;30mDEBUG[0m [32mBuilding package 'rpm_to_odom' with the following arguments: {'ament_cmake_args': None, 'build_base': '/home/maffin21/slam_ws/build/rpm_to_odom', 'catkin_cmake_args': None, 'catkin_skip_building_tests': False, 'cmake_args': None, 'cmake_clean_cache': False, 'cmake_clean_first': False, 'cmake_force_configure': False, 'cmake_target': None, 'cmake_target_skip_unavailable': False, 'install_base': '/home/maffin21/slam_ws/install/rpm_to_odom', 'merge_install': False, 'path': '/home/maffin21/slam_ws/src/rpm_to_odom', 'symlink_install': False, 'test_result_base': None}[0m
[0.310s] [34mcolcon.colcon_core.verb[0m [1;30mLevel 5[0m set package 'slam_toolbox' build argument 'cmake_args' from command line to 'None'
[0.310s] [34mcolcon.colcon_core.verb[0m [1;30mLevel 5[0m set package 'slam_toolbox' build argument 'cmake_target' from command line to 'None'
[0.310s] [34mcolcon.colcon_core.verb[0m [1;30mLevel 5[0m set package 'slam_toolbox' build argument 'cmake_target_skip_unavailable' from command line to 'False'
[0.310s] [34mcolcon.colcon_core.verb[0m [1;30mLevel 5[0m set package 'slam_toolbox' build argument 'cmake_clean_cache' from command line to 'False'
[0.310s] [34mcolcon.colcon_core.verb[0m [1;30mLevel 5[0m set package 'slam_toolbox' build argument 'cmake_clean_first' from command line to 'False'
[0.310s] [34mcolcon.colcon_core.verb[0m [1;30mLevel 5[0m set package 'slam_toolbox' build argument 'cmake_force_configure' from command line to 'False'
[0.310s] [34mcolcon.colcon_core.verb[0m [1;30mLevel 5[0m set package 'slam_toolbox' build argument 'ament_cmake_args' from command line to 'None'
[0.310s] [34mcolcon.colcon_core.verb[0m [1;30mLevel 5[0m set package 'slam_toolbox' build argument 'catkin_cmake_args' from command line to 'None'
[0.310s] [34mcolcon.colcon_core.verb[0m [1;30mLevel 5[0m set package 'slam_toolbox' build argument 'catkin_skip_building_tests' from command line to 'False'
[0.310s] [34mcolcon.colcon_core.verb[0m [1;30mDEBUG[0m [32mBuilding package 'slam_toolbox' with the following arguments: {'ament_cmake_args': None, 'build_base': '/home/maffin21/slam_ws/build/slam_toolbox', 'catkin_cmake_args': None, 'catkin_skip_building_tests': False, 'cmake_args': None, 'cmake_clean_cache': False, 'cmake_clean_first': False, 'cmake_force_configure': False, 'cmake_target': None, 'cmake_target_skip_unavailable': False, 'install_base': '/home/maffin21/slam_ws/install/slam_toolbox', 'merge_install': False, 'path': '/home/maffin21/slam_ws/src/slam_toolbox', 'symlink_install': False, 'test_result_base': None}[0m
[0.310s] [34mcolcon.colcon_core.verb[0m [1;30mLevel 5[0m set package 'ydlidar_ros2_driver' build argument 'cmake_args' from command line to 'None'
[0.310s] [34mcolcon.colcon_core.verb[0m [1;30mLevel 5[0m set package 'ydlidar_ros2_driver' build argument 'cmake_target' from command line to 'None'
[0.310s] [34mcolcon.colcon_core.verb[0m [1;30mLevel 5[0m set package 'ydlidar_ros2_driver' build argument 'cmake_target_skip_unavailable' from command line to 'False'
[0.310s] [34mcolcon.colcon_core.verb[0m [1;30mLevel 5[0m set package 'ydlidar_ros2_driver' build argument 'cmake_clean_cache' from command line to 'False'
[0.310s] [34mcolcon.colcon_core.verb[0m [1;30mLevel 5[0m set package 'ydlidar_ros2_driver' build argument 'cmake_clean_first' from command line to 'False'
[0.310s] [34mcolcon.colcon_core.verb[0m [1;30mLevel 5[0m set package 'ydlidar_ros2_driver' build argument 'cmake_force_configure' from command line to 'False'
[0.310s] [34mcolcon.colcon_core.verb[0m [1;30mLevel 5[0m set package 'ydlidar_ros2_driver' build argument 'ament_cmake_args' from command line to 'None'
[0.310s] [34mcolcon.colcon_core.verb[0m [1;30mLevel 5[0m set package 'ydlidar_ros2_driver' build argument 'catkin_cmake_args' from command line to 'None'
[0.310s] [34mcolcon.colcon_core.verb[0m [1;30mLevel 5[0m set package 'ydlidar_ros2_driver' build argument 'catkin_skip_building_tests' from command line to 'False'
[0.310s] [34mcolcon.colcon_core.verb[0m [1;30mDEBUG[0m [32mBuilding package 'ydlidar_ros2_driver' with the following arguments: {'ament_cmake_args': None, 'build_base': '/home/maffin21/slam_ws/build/ydlidar_ros2_driver', 'catkin_cmake_args': None, 'catkin_skip_building_tests': False, 'cmake_args': None, 'cmake_clean_cache': False, 'cmake_clean_first': False, 'cmake_force_configure': False, 'cmake_target': None, 'cmake_target_skip_unavailable': False, 'install_base': '/home/maffin21/slam_ws/install/ydlidar_ros2_driver', 'merge_install': False, 'path': '/home/maffin21/slam_ws/src/ydlidar_ros2_driver', 'symlink_install': False, 'test_result_base': None}[0m
[0.310s] [34mcolcon.colcon_core.verb[0m [1;30mLevel 5[0m set package 'ydlidar_slam_launch' build argument 'cmake_args' from command line to 'None'
[0.310s] [34mcolcon.colcon_core.verb[0m [1;30mLevel 5[0m set package 'ydlidar_slam_launch' build argument 'cmake_target' from command line to 'None'
[0.310s] [34mcolcon.colcon_core.verb[0m [1;30mLevel 5[0m set package 'ydlidar_slam_launch' build argument 'cmake_target_skip_unavailable' from command line to 'False'
[0.310s] [34mcolcon.colcon_core.verb[0m [1;30mLevel 5[0m set package 'ydlidar_slam_launch' build argument 'cmake_clean_cache' from command line to 'False'
[0.311s] [34mcolcon.colcon_core.verb[0m [1;30mLevel 5[0m set package 'ydlidar_slam_launch' build argument 'cmake_clean_first' from command line to 'False'
[0.311s] [34mcolcon.colcon_core.verb[0m [1;30mLevel 5[0m set package 'ydlidar_slam_launch' build argument 'cmake_force_configure' from command line to 'False'
[0.311s] [34mcolcon.colcon_core.verb[0m [1;30mLevel 5[0m set package 'ydlidar_slam_launch' build argument 'ament_cmake_args' from command line to 'None'
[0.311s] [34mcolcon.colcon_core.verb[0m [1;30mLevel 5[0m set package 'ydlidar_slam_launch' build argument 'catkin_cmake_args' from command line to 'None'
[0.311s] [34mcolcon.colcon_core.verb[0m [1;30mLevel 5[0m set package 'ydlidar_slam_launch' build argument 'catkin_skip_building_tests' from command line to 'False'
[0.311s] [34mcolcon.colcon_core.verb[0m [1;30mDEBUG[0m [32mBuilding package 'ydlidar_slam_launch' with the following arguments: {'ament_cmake_args': None, 'build_base': '/home/maffin21/slam_ws/build/ydlidar_slam_launch', 'catkin_cmake_args': None, 'catkin_skip_building_tests': False, 'cmake_args': None, 'cmake_clean_cache': False, 'cmake_clean_first': False, 'cmake_force_configure': False, 'cmake_target': None, 'cmake_target_skip_unavailable': False, 'install_base': '/home/maffin21/slam_ws/install/ydlidar_slam_launch', 'merge_install': False, 'path': '/home/maffin21/slam_ws/src/ydlidar_slam_launch', 'symlink_install': False, 'test_result_base': None}[0m
[0.311s] [34mcolcon.colcon_core.executor[0m [1;30mINFO[0m Executing jobs using 'parallel' executor
[0.312s] [34mcolcon.colcon_parallel_executor.executor.parallel[0m [1;30mDEBUG[0m [32mrun_until_complete[0m
[0.312s] [34mcolcon.colcon_ros.task.ament_cmake.build[0m [1;30mINFO[0m Building ROS package in '/home/maffin21/slam_ws/src/slam_toolbox' with build type 'ament_cmake'
[0.312s] [34mcolcon.colcon_cmake.task.cmake.build[0m [1;30mINFO[0m Building CMake package in '/home/maffin21/slam_ws/src/slam_toolbox'
[0.313s] [34mcolcon.colcon_core.plugin_system[0m [1;30mINFO[0m Skipping extension 'colcon_core.shell.bat': Not used on non-Windows systems
[0.314s] [34mcolcon.colcon_core.shell[0m [1;30mINFO[0m Skip shell extension 'powershell' for command environment: Not usable outside of PowerShell
[0.314s] [34mcolcon.colcon_core.shell[0m [1;30mDEBUG[0m [32mSkip shell extension 'dsv' for command environment[0m
[0.317s] [34mcolcon.colcon_ros.task.ament_cmake.build[0m [1;30mINFO[0m Building ROS package in '/home/maffin21/slam_ws/src/ydlidar_ros2_driver' with build type 'ament_cmake'
[0.317s] [34mcolcon.colcon_cmake.task.cmake.build[0m [1;30mINFO[0m Building CMake package in '/home/maffin21/slam_ws/src/ydlidar_ros2_driver'
[0.317s] [34mcolcon.colcon_core.shell[0m [1;30mINFO[0m Skip shell extension 'powershell' for command environment: Not usable outside of PowerShell
[0.317s] [34mcolcon.colcon_core.shell[0m [1;30mDEBUG[0m [32mSkip shell extension 'dsv' for command environment[0m
[0.320s] [34mcolcon.colcon_ros.task.catkin.build[0m [1;30mINFO[0m Building ROS package in '/home/maffin21/slam_ws/src/rpm_to_odom' with build type 'catkin'
[0.320s] [34mcolcon.colcon_cmake.task.cmake.build[0m [1;30mINFO[0m Building CMake package in '/home/maffin21/slam_ws/src/rpm_to_odom'
[0.320s] [34mcolcon.colcon_core.shell[0m [1;30mINFO[0m Skip shell extension 'powershell' for command environment: Not usable outside of PowerShell
[0.320s] [34mcolcon.colcon_core.shell[0m [1;30mDEBUG[0m [32mSkip shell extension 'dsv' for command environment[0m
[0.326s] [34mcolcon.colcon_core.event_handler.log_command[0m [1;30mDEBUG[0m [32mInvoking command in '/home/maffin21/slam_ws/build/slam_toolbox': CMAKE_PREFIX_PATH=/home/maffin21/odom_ws/install/rpm_to_odom:/opt/ros/humble:/home/maffin21/slam_ws/install/rpm_to_odom:/home/maffin21/ydlidar_ws/install/ydlidar_ros2_driver /usr/bin/cmake /home/maffin21/slam_ws/src/slam_toolbox -DCMAKE_INSTALL_PREFIX=/home/maffin21/slam_ws/install/slam_toolbox[0m
[0.329s] [34mcolcon.colcon_core.event_handler.log_command[0m [1;30mDEBUG[0m [32mInvoking command in '/home/maffin21/slam_ws/build/ydlidar_ros2_driver': CMAKE_PREFIX_PATH=/home/maffin21/odom_ws/install/rpm_to_odom:/opt/ros/humble:/home/maffin21/slam_ws/install/rpm_to_odom:/home/maffin21/ydlidar_ws/install/ydlidar_ros2_driver /usr/bin/cmake /home/maffin21/slam_ws/src/ydlidar_ros2_driver -DCMAKE_INSTALL_PREFIX=/home/maffin21/slam_ws/install/ydlidar_ros2_driver[0m
[0.332s] [34mcolcon.colcon_core.event_handler.log_command[0m [1;30mDEBUG[0m [32mInvoking command in '/home/maffin21/slam_ws/build/rpm_to_odom': /usr/bin/cmake /home/maffin21/slam_ws/src/rpm_to_odom -DCATKIN_INSTALL_INTO_PREFIX_ROOT=0 -DCMAKE_INSTALL_PREFIX=/home/maffin21/slam_ws/install/rpm_to_odom[0m
[0.793s] [34mcolcon.colcon_core.event_handler.log_command[0m [1;30mDEBUG[0m [32mInvoked command in '/home/maffin21/slam_ws/build/rpm_to_odom' returned '0': /usr/bin/cmake /home/maffin21/slam_ws/src/rpm_to_odom -DCATKIN_INSTALL_INTO_PREFIX_ROOT=0 -DCMAKE_INSTALL_PREFIX=/home/maffin21/slam_ws/install/rpm_to_odom[0m
[0.794s] [34mcolcon.colcon_core.event_handler.log_command[0m [1;30mDEBUG[0m [32mInvoking command in '/home/maffin21/slam_ws/build/rpm_to_odom': /usr/bin/cmake --build /home/maffin21/slam_ws/build/rpm_to_odom -- -j12 -l12[0m
[0.853s] [34mcolcon.colcon_core.event_handler.log_command[0m [1;30mDEBUG[0m [32mInvoked command in '/home/maffin21/slam_ws/build/rpm_to_odom' returned '0': /usr/bin/cmake --build /home/maffin21/slam_ws/build/rpm_to_odom -- -j12 -l12[0m
[0.862s] [34mcolcon.colcon_core.event_handler.log_command[0m [1;30mDEBUG[0m [32mInvoking command in '/home/maffin21/slam_ws/build/rpm_to_odom': /usr/bin/cmake --install /home/maffin21/slam_ws/build/rpm_to_odom[0m
[0.871s] [34mcolcon.colcon_core.event_handler.log_command[0m [1;30mDEBUG[0m [32mInvoked command in '/home/maffin21/slam_ws/build/rpm_to_odom' returned '0': /usr/bin/cmake --install /home/maffin21/slam_ws/build/rpm_to_odom[0m
[0.871s] [34mcolcon.colcon_core.shell[0m [1;30mLevel 1[0m create_environment_hook('rpm_to_odom', 'ros_package_path')
[0.872s] [34mcolcon.colcon_core.shell[0m [1;30mINFO[0m Creating environment hook '/home/maffin21/slam_ws/install/rpm_to_odom/share/rpm_to_odom/hook/ros_package_path.ps1'
[0.872s] [34mcolcon.colcon_core.shell[0m [1;30mINFO[0m Creating environment descriptor '/home/maffin21/slam_ws/install/rpm_to_odom/share/rpm_to_odom/hook/ros_package_path.dsv'
[0.872s] [34mcolcon.colcon_core.shell[0m [1;30mINFO[0m Creating environment hook '/home/maffin21/slam_ws/install/rpm_to_odom/share/rpm_to_odom/hook/ros_package_path.sh'
[0.873s] [34mcolcon.colcon_core.shell[0m [1;30mLevel 1[0m create_environment_hook('rpm_to_odom', 'pkg_config_path')
[0.873s] [34mcolcon.colcon_core.shell[0m [1;30mINFO[0m Creating environment hook '/home/maffin21/slam_ws/install/rpm_to_odom/share/rpm_to_odom/hook/pkg_config_path.ps1'
[0.873s] [34mcolcon.colcon_core.shell[0m [1;30mINFO[0m Creating environment descriptor '/home/maffin21/slam_ws/install/rpm_to_odom/share/rpm_to_odom/hook/pkg_config_path.dsv'
[0.874s] [34mcolcon.colcon_core.shell[0m [1;30mINFO[0m Creating environment hook '/home/maffin21/slam_ws/install/rpm_to_odom/share/rpm_to_odom/hook/pkg_config_path.sh'
[0.875s] [34mcolcon.colcon_core.shell[0m [1;30mLevel 1[0m create_environment_hook('rpm_to_odom', 'pkg_config_path_multiarch')
[0.875s] [34mcolcon.colcon_core.shell[0m [1;30mINFO[0m Creating environment hook '/home/maffin21/slam_ws/install/rpm_to_odom/share/rpm_to_odom/hook/pkg_config_path_multiarch.ps1'
[0.876s] [34mcolcon.colcon_core.shell[0m [1;30mINFO[0m Creating environment descriptor '/home/maffin21/slam_ws/install/rpm_to_odom/share/rpm_to_odom/hook/pkg_config_path_multiarch.dsv'
[0.876s] [34mcolcon.colcon_core.shell[0m [1;30mINFO[0m Creating environment hook '/home/maffin21/slam_ws/install/rpm_to_odom/share/rpm_to_odom/hook/pkg_config_path_multiarch.sh'
[0.877s] [34mcolcon.colcon_core.environment[0m [1;30mLevel 1[0m create_environment_scripts_only(rpm_to_odom)
[0.878s] [34mcolcon.colcon_core.environment[0m [1;30mLevel 1[0m checking '/home/maffin21/slam_ws/install/rpm_to_odom' for CMake module files
[0.879s] [34mcolcon.colcon_core.environment[0m [1;30mLevel 1[0m checking '/home/maffin21/slam_ws/install/rpm_to_odom' for CMake config files
[0.879s] [34mcolcon.colcon_core.shell[0m [1;30mLevel 1[0m create_environment_hook('rpm_to_odom', 'cmake_prefix_path')
[0.879s] [34mcolcon.colcon_core.shell[0m [1;30mINFO[0m Creating environment hook '/home/maffin21/slam_ws/install/rpm_to_odom/share/rpm_to_odom/hook/cmake_prefix_path.ps1'
[0.879s] [34mcolcon.colcon_core.shell[0m [1;30mINFO[0m Creating environment descriptor '/home/maffin21/slam_ws/install/rpm_to_odom/share/rpm_to_odom/hook/cmake_prefix_path.dsv'
[0.880s] [34mcolcon.colcon_core.shell[0m [1;30mINFO[0m Creating environment hook '/home/maffin21/slam_ws/install/rpm_to_odom/share/rpm_to_odom/hook/cmake_prefix_path.sh'
[0.880s] [34mcolcon.colcon_core.environment[0m [1;30mLevel 1[0m checking '/home/maffin21/slam_ws/install/rpm_to_odom/lib'
[0.880s] [34mcolcon.colcon_core.environment[0m [1;30mLevel 1[0m checking '/home/maffin21/slam_ws/install/rpm_to_odom/bin'
[0.880s] [34mcolcon.colcon_core.environment[0m [1;30mLevel 1[0m checking '/home/maffin21/slam_ws/install/rpm_to_odom/lib/pkgconfig/rpm_to_odom.pc'
[0.880s] [34mcolcon.colcon_core.environment[0m [1;30mLevel 1[0m checking '/home/maffin21/slam_ws/install/rpm_to_odom/lib/python3.10/site-packages'
[0.881s] [34mcolcon.colcon_core.environment[0m [1;30mLevel 1[0m checking '/home/maffin21/slam_ws/install/rpm_to_odom/bin'
[0.881s] [34mcolcon.colcon_core.shell[0m [1;30mINFO[0m Creating package script '/home/maffin21/slam_ws/install/rpm_to_odom/share/rpm_to_odom/package.ps1'
[0.881s] [34mcolcon.colcon_core.shell[0m [1;30mINFO[0m Creating package descriptor '/home/maffin21/slam_ws/install/rpm_to_odom/share/rpm_to_odom/package.dsv'
[0.882s] [34mcolcon.colcon_core.shell[0m [1;30mINFO[0m Creating package script '/home/maffin21/slam_ws/install/rpm_to_odom/share/rpm_to_odom/package.sh'
[0.882s] [34mcolcon.colcon_core.shell[0m [1;30mINFO[0m Creating package script '/home/maffin21/slam_ws/install/rpm_to_odom/share/rpm_to_odom/package.bash'
[0.883s] [34mcolcon.colcon_core.shell[0m [1;30mINFO[0m Creating package script '/home/maffin21/slam_ws/install/rpm_to_odom/share/rpm_to_odom/package.zsh'
[0.883s] [34mcolcon.colcon_core.environment[0m [1;30mLevel 1[0m create_file_with_runtime_dependencies(/home/maffin21/slam_ws/install/rpm_to_odom/share/colcon-core/packages/rpm_to_odom)
[1.319s] [34mcolcon.colcon_core.event_handler.log_command[0m [1;30mDEBUG[0m [32mInvoked command in '/home/maffin21/slam_ws/build/ydlidar_ros2_driver' returned '0': CMAKE_PREFIX_PATH=/home/maffin21/odom_ws/install/rpm_to_odom:/opt/ros/humble:/home/maffin21/slam_ws/install/rpm_to_odom:/home/maffin21/ydlidar_ws/install/ydlidar_ros2_driver /usr/bin/cmake /home/maffin21/slam_ws/src/ydlidar_ros2_driver -DCMAKE_INSTALL_PREFIX=/home/maffin21/slam_ws/install/ydlidar_ros2_driver[0m
[1.320s] [34mcolcon.colcon_core.event_handler.log_command[0m [1;30mDEBUG[0m [32mInvoking command in '/home/maffin21/slam_ws/build/ydlidar_ros2_driver': CMAKE_PREFIX_PATH=/home/maffin21/odom_ws/install/rpm_to_odom:/opt/ros/humble:/home/maffin21/slam_ws/install/rpm_to_odom:/home/maffin21/ydlidar_ws/install/ydlidar_ros2_driver /usr/bin/cmake --build /home/maffin21/slam_ws/build/ydlidar_ros2_driver -- -j12 -l12[0m
[3.906s] [34mcolcon.colcon_core.event_handler.log_command[0m [1;30mDEBUG[0m [32mInvoked command in '/home/maffin21/slam_ws/build/slam_toolbox' returned '0': CMAKE_PREFIX_PATH=/home/maffin21/odom_ws/install/rpm_to_odom:/opt/ros/humble:/home/maffin21/slam_ws/install/rpm_to_odom:/home/maffin21/ydlidar_ws/install/ydlidar_ros2_driver /usr/bin/cmake /home/maffin21/slam_ws/src/slam_toolbox -DCMAKE_INSTALL_PREFIX=/home/maffin21/slam_ws/install/slam_toolbox[0m
[3.908s] [34mcolcon.colcon_core.event_handler.log_command[0m [1;30mDEBUG[0m [32mInvoking command in '/home/maffin21/slam_ws/build/slam_toolbox': CMAKE_PREFIX_PATH=/home/maffin21/odom_ws/install/rpm_to_odom:/opt/ros/humble:/home/maffin21/slam_ws/install/rpm_to_odom:/home/maffin21/ydlidar_ws/install/ydlidar_ros2_driver /usr/bin/cmake --build /home/maffin21/slam_ws/build/slam_toolbox -- -j12 -l12[0m
[10.604s] [34mcolcon.colcon_core.event_handler.log_command[0m [1;30mDEBUG[0m [32mInvoked command in '/home/maffin21/slam_ws/build/ydlidar_ros2_driver' returned '0': CMAKE_PREFIX_PATH=/home/maffin21/odom_ws/install/rpm_to_odom:/opt/ros/humble:/home/maffin21/slam_ws/install/rpm_to_odom:/home/maffin21/ydlidar_ws/install/ydlidar_ros2_driver /usr/bin/cmake --build /home/maffin21/slam_ws/build/ydlidar_ros2_driver -- -j12 -l12[0m
[10.606s] [34mcolcon.colcon_core.event_handler.log_command[0m [1;30mDEBUG[0m [32mInvoking command in '/home/maffin21/slam_ws/build/ydlidar_ros2_driver': CMAKE_PREFIX_PATH=/home/maffin21/odom_ws/install/rpm_to_odom:/opt/ros/humble:/home/maffin21/slam_ws/install/rpm_to_odom:/home/maffin21/ydlidar_ws/install/ydlidar_ros2_driver /usr/bin/cmake --install /home/maffin21/slam_ws/build/ydlidar_ros2_driver[0m
[10.628s] [34mcolcon.colcon_core.environment[0m [1;30mLevel 1[0m create_environment_scripts_only(ydlidar_ros2_driver)
[10.628s] [34mcolcon.colcon_core.environment[0m [1;30mLevel 1[0m checking '/home/maffin21/slam_ws/install/ydlidar_ros2_driver' for CMake module files
[10.629s] [34mcolcon.colcon_core.event_handler.log_command[0m [1;30mDEBUG[0m [32mInvoked command in '/home/maffin21/slam_ws/build/ydlidar_ros2_driver' returned '0': CMAKE_PREFIX_PATH=/home/maffin21/odom_ws/install/rpm_to_odom:/opt/ros/humble:/home/maffin21/slam_ws/install/rpm_to_odom:/home/maffin21/ydlidar_ws/install/ydlidar_ros2_driver /usr/bin/cmake --install /home/maffin21/slam_ws/build/ydlidar_ros2_driver[0m
[10.629s] [34mcolcon.colcon_core.environment[0m [1;30mLevel 1[0m checking '/home/maffin21/slam_ws/install/ydlidar_ros2_driver' for CMake config files
[10.629s] [34mcolcon.colcon_core.shell[0m [1;30mLevel 1[0m create_environment_hook('ydlidar_ros2_driver', 'cmake_prefix_path')
[10.630s] [34mcolcon.colcon_core.shell[0m [1;30mINFO[0m Creating environment hook '/home/maffin21/slam_ws/install/ydlidar_ros2_driver/share/ydlidar_ros2_driver/hook/cmake_prefix_path.ps1'
[10.630s] [34mcolcon.colcon_core.shell[0m [1;30mINFO[0m Creating environment descriptor '/home/maffin21/slam_ws/install/ydlidar_ros2_driver/share/ydlidar_ros2_driver/hook/cmake_prefix_path.dsv'
[10.630s] [34mcolcon.colcon_core.shell[0m [1;30mINFO[0m Creating environment hook '/home/maffin21/slam_ws/install/ydlidar_ros2_driver/share/ydlidar_ros2_driver/hook/cmake_prefix_path.sh'
[10.631s] [34mcolcon.colcon_core.environment[0m [1;30mLevel 1[0m checking '/home/maffin21/slam_ws/install/ydlidar_ros2_driver/lib'
[10.631s] [34mcolcon.colcon_core.environment[0m [1;30mLevel 1[0m checking '/home/maffin21/slam_ws/install/ydlidar_ros2_driver/bin'
[10.631s] [34mcolcon.colcon_core.environment[0m [1;30mLevel 1[0m checking '/home/maffin21/slam_ws/install/ydlidar_ros2_driver/lib/pkgconfig/ydlidar_ros2_driver.pc'
[10.631s] [34mcolcon.colcon_core.environment[0m [1;30mLevel 1[0m checking '/home/maffin21/slam_ws/install/ydlidar_ros2_driver/lib/python3.10/site-packages'
[10.631s] [34mcolcon.colcon_core.environment[0m [1;30mLevel 1[0m checking '/home/maffin21/slam_ws/install/ydlidar_ros2_driver/bin'
[10.631s] [34mcolcon.colcon_core.shell[0m [1;30mINFO[0m Creating package script '/home/maffin21/slam_ws/install/ydlidar_ros2_driver/share/ydlidar_ros2_driver/package.ps1'
[10.632s] [34mcolcon.colcon_core.shell[0m [1;30mINFO[0m Creating package descriptor '/home/maffin21/slam_ws/install/ydlidar_ros2_driver/share/ydlidar_ros2_driver/package.dsv'
[10.632s] [34mcolcon.colcon_core.shell[0m [1;30mINFO[0m Creating package script '/home/maffin21/slam_ws/install/ydlidar_ros2_driver/share/ydlidar_ros2_driver/package.sh'
[10.633s] [34mcolcon.colcon_core.shell[0m [1;30mINFO[0m Creating package script '/home/maffin21/slam_ws/install/ydlidar_ros2_driver/share/ydlidar_ros2_driver/package.bash'
[10.633s] [34mcolcon.colcon_core.shell[0m [1;30mINFO[0m Creating package script '/home/maffin21/slam_ws/install/ydlidar_ros2_driver/share/ydlidar_ros2_driver/package.zsh'
[10.633s] [34mcolcon.colcon_core.environment[0m [1;30mLevel 1[0m create_file_with_runtime_dependencies(/home/maffin21/slam_ws/install/ydlidar_ros2_driver/share/colcon-core/packages/ydlidar_ros2_driver)
[10.634s] [34mcolcon.colcon_core.environment[0m [1;30mLevel 1[0m create_environment_scripts_only(ydlidar_ros2_driver)
[10.634s] [34mcolcon.colcon_core.environment[0m [1;30mLevel 1[0m checking '/home/maffin21/slam_ws/install/ydlidar_ros2_driver' for CMake module files
[10.634s] [34mcolcon.colcon_core.environment[0m [1;30mLevel 1[0m checking '/home/maffin21/slam_ws/install/ydlidar_ros2_driver' for CMake config files
[10.634s] [34mcolcon.colcon_core.shell[0m [1;30mLevel 1[0m create_environment_hook('ydlidar_ros2_driver', 'cmake_prefix_path')
[10.635s] [34mcolcon.colcon_core.shell[0m [1;30mINFO[0m Creating environment hook '/home/maffin21/slam_ws/install/ydlidar_ros2_driver/share/ydlidar_ros2_driver/hook/cmake_prefix_path.ps1'
[10.635s] [34mcolcon.colcon_core.shell[0m [1;30mINFO[0m Creating environment descriptor '/home/maffin21/slam_ws/install/ydlidar_ros2_driver/share/ydlidar_ros2_driver/hook/cmake_prefix_path.dsv'
[10.635s] [34mcolcon.colcon_core.shell[0m [1;30mINFO[0m Creating environment hook '/home/maffin21/slam_ws/install/ydlidar_ros2_driver/share/ydlidar_ros2_driver/hook/cmake_prefix_path.sh'
[10.636s] [34mcolcon.colcon_core.environment[0m [1;30mLevel 1[0m checking '/home/maffin21/slam_ws/install/ydlidar_ros2_driver/lib'
[10.636s] [34mcolcon.colcon_core.environment[0m [1;30mLevel 1[0m checking '/home/maffin21/slam_ws/install/ydlidar_ros2_driver/bin'
[10.636s] [34mcolcon.colcon_core.environment[0m [1;30mLevel 1[0m checking '/home/maffin21/slam_ws/install/ydlidar_ros2_driver/lib/pkgconfig/ydlidar_ros2_driver.pc'
[10.636s] [34mcolcon.colcon_core.environment[0m [1;30mLevel 1[0m checking '/home/maffin21/slam_ws/install/ydlidar_ros2_driver/lib/python3.10/site-packages'
[10.636s] [34mcolcon.colcon_core.environment[0m [1;30mLevel 1[0m checking '/home/maffin21/slam_ws/install/ydlidar_ros2_driver/bin'
[10.636s] [34mcolcon.colcon_core.shell[0m [1;30mINFO[0m Creating package script '/home/maffin21/slam_ws/install/ydlidar_ros2_driver/share/ydlidar_ros2_driver/package.ps1'
[10.637s] [34mcolcon.colcon_core.shell[0m [1;30mINFO[0m Creating package descriptor '/home/maffin21/slam_ws/install/ydlidar_ros2_driver/share/ydlidar_ros2_driver/package.dsv'
[10.637s] [34mcolcon.colcon_core.shell[0m [1;30mINFO[0m Creating package script '/home/maffin21/slam_ws/install/ydlidar_ros2_driver/share/ydlidar_ros2_driver/package.sh'
[10.637s] [34mcolcon.colcon_core.shell[0m [1;30mINFO[0m Creating package script '/home/maffin21/slam_ws/install/ydlidar_ros2_driver/share/ydlidar_ros2_driver/package.bash'
[10.638s] [34mcolcon.colcon_core.shell[0m [1;30mINFO[0m Creating package script '/home/maffin21/slam_ws/install/ydlidar_ros2_driver/share/ydlidar_ros2_driver/package.zsh'
[10.638s] [34mcolcon.colcon_core.environment[0m [1;30mLevel 1[0m create_file_with_runtime_dependencies(/home/maffin21/slam_ws/install/ydlidar_ros2_driver/share/colcon-core/packages/ydlidar_ros2_driver)
[100.955s] [34mcolcon.colcon_core.event_handler.log_command[0m [1;30mDEBUG[0m [32mInvoked command in '/home/maffin21/slam_ws/build/slam_toolbox' returned '0': CMAKE_PREFIX_PATH=/home/maffin21/odom_ws/install/rpm_to_odom:/opt/ros/humble:/home/maffin21/slam_ws/install/rpm_to_odom:/home/maffin21/ydlidar_ws/install/ydlidar_ros2_driver /usr/bin/cmake --build /home/maffin21/slam_ws/build/slam_toolbox -- -j12 -l12[0m
[100.956s] [34mcolcon.colcon_core.event_handler.log_command[0m [1;30mDEBUG[0m [32mInvoking command in '/home/maffin21/slam_ws/build/slam_toolbox': CMAKE_PREFIX_PATH=/home/maffin21/odom_ws/install/rpm_to_odom:/opt/ros/humble:/home/maffin21/slam_ws/install/rpm_to_odom:/home/maffin21/ydlidar_ws/install/ydlidar_ros2_driver /usr/bin/cmake --install /home/maffin21/slam_ws/build/slam_toolbox[0m
[101.090s] [34mcolcon.colcon_core.environment[0m [1;30mLevel 1[0m create_environment_scripts_only(slam_toolbox)
[101.091s] [34mcolcon.colcon_core.environment[0m [1;30mLevel 1[0m checking '/home/maffin21/slam_ws/install/slam_toolbox' for CMake module files
[101.091s] [34mcolcon.colcon_core.event_handler.log_command[0m [1;30mDEBUG[0m [32mInvoked command in '/home/maffin21/slam_ws/build/slam_toolbox' returned '0': CMAKE_PREFIX_PATH=/home/maffin21/odom_ws/install/rpm_to_odom:/opt/ros/humble:/home/maffin21/slam_ws/install/rpm_to_odom:/home/maffin21/ydlidar_ws/install/ydlidar_ros2_driver /usr/bin/cmake --install /home/maffin21/slam_ws/build/slam_toolbox[0m
[101.091s] [34mcolcon.colcon_core.environment[0m [1;30mLevel 1[0m checking '/home/maffin21/slam_ws/install/slam_toolbox' for CMake config files
[101.092s] [34mcolcon.colcon_core.shell[0m [1;30mLevel 1[0m create_environment_hook('slam_toolbox', 'cmake_prefix_path')
[101.092s] [34mcolcon.colcon_core.shell[0m [1;30mINFO[0m Creating environment hook '/home/maffin21/slam_ws/install/slam_toolbox/share/slam_toolbox/hook/cmake_prefix_path.ps1'
[101.093s] [34mcolcon.colcon_core.shell[0m [1;30mINFO[0m Creating environment descriptor '/home/maffin21/slam_ws/install/slam_toolbox/share/slam_toolbox/hook/cmake_prefix_path.dsv'
[101.093s] [34mcolcon.colcon_core.shell[0m [1;30mINFO[0m Creating environment hook '/home/maffin21/slam_ws/install/slam_toolbox/share/slam_toolbox/hook/cmake_prefix_path.sh'
[101.093s] [34mcolcon.colcon_core.environment[0m [1;30mLevel 1[0m checking '/home/maffin21/slam_ws/install/slam_toolbox/lib'
[101.093s] [34mcolcon.colcon_core.shell[0m [1;30mLevel 1[0m create_environment_hook('slam_toolbox', 'ld_library_path_lib')
[101.094s] [34mcolcon.colcon_core.shell[0m [1;30mINFO[0m Creating environment hook '/home/maffin21/slam_ws/install/slam_toolbox/share/slam_toolbox/hook/ld_library_path_lib.ps1'
[101.094s] [34mcolcon.colcon_core.shell[0m [1;30mINFO[0m Creating environment descriptor '/home/maffin21/slam_ws/install/slam_toolbox/share/slam_toolbox/hook/ld_library_path_lib.dsv'
[101.094s] [34mcolcon.colcon_core.shell[0m [1;30mINFO[0m Creating environment hook '/home/maffin21/slam_ws/install/slam_toolbox/share/slam_toolbox/hook/ld_library_path_lib.sh'
[101.094s] [34mcolcon.colcon_core.environment[0m [1;30mLevel 1[0m checking '/home/maffin21/slam_ws/install/slam_toolbox/bin'
[101.094s] [34mcolcon.colcon_core.environment[0m [1;30mLevel 1[0m checking '/home/maffin21/slam_ws/install/slam_toolbox/lib/pkgconfig/slam_toolbox.pc'
[101.094s] [34mcolcon.colcon_core.environment[0m [1;30mLevel 1[0m checking '/home/maffin21/slam_ws/install/slam_toolbox/lib/python3.10/site-packages'
[101.095s] [34mcolcon.colcon_core.environment[0m [1;30mLevel 1[0m checking '/home/maffin21/slam_ws/install/slam_toolbox/bin'
[101.095s] [34mcolcon.colcon_core.shell[0m [1;30mINFO[0m Creating package script '/home/maffin21/slam_ws/install/slam_toolbox/share/slam_toolbox/package.ps1'
[101.095s] [34mcolcon.colcon_core.shell[0m [1;30mINFO[0m Creating package descriptor '/home/maffin21/slam_ws/install/slam_toolbox/share/slam_toolbox/package.dsv'
[101.095s] [34mcolcon.colcon_core.shell[0m [1;30mINFO[0m Creating package script '/home/maffin21/slam_ws/install/slam_toolbox/share/slam_toolbox/package.sh'
[101.096s] [34mcolcon.colcon_core.shell[0m [1;30mINFO[0m Creating package script '/home/maffin21/slam_ws/install/slam_toolbox/share/slam_toolbox/package.bash'
[101.096s] [34mcolcon.colcon_core.shell[0m [1;30mINFO[0m Creating package script '/home/maffin21/slam_ws/install/slam_toolbox/share/slam_toolbox/package.zsh'
[101.096s] [34mcolcon.colcon_core.environment[0m [1;30mLevel 1[0m create_file_with_runtime_dependencies(/home/maffin21/slam_ws/install/slam_toolbox/share/colcon-core/packages/slam_toolbox)
[101.097s] [34mcolcon.colcon_core.environment[0m [1;30mLevel 1[0m create_environment_scripts_only(slam_toolbox)
[101.097s] [34mcolcon.colcon_core.environment[0m [1;30mLevel 1[0m checking '/home/maffin21/slam_ws/install/slam_toolbox' for CMake module files
[101.097s] [34mcolcon.colcon_core.environment[0m [1;30mLevel 1[0m checking '/home/maffin21/slam_ws/install/slam_toolbox' for CMake config files
[101.098s] [34mcolcon.colcon_core.shell[0m [1;30mLevel 1[0m create_environment_hook('slam_toolbox', 'cmake_prefix_path')
[101.098s] [34mcolcon.colcon_core.shell[0m [1;30mINFO[0m Creating environment hook '/home/maffin21/slam_ws/install/slam_toolbox/share/slam_toolbox/hook/cmake_prefix_path.ps1'
[101.098s] [34mcolcon.colcon_core.shell[0m [1;30mINFO[0m Creating environment descriptor '/home/maffin21/slam_ws/install/slam_toolbox/share/slam_toolbox/hook/cmake_prefix_path.dsv'
[101.099s] [34mcolcon.colcon_core.shell[0m [1;30mINFO[0m Creating environment hook '/home/maffin21/slam_ws/install/slam_toolbox/share/slam_toolbox/hook/cmake_prefix_path.sh'
[101.099s] [34mcolcon.colcon_core.environment[0m [1;30mLevel 1[0m checking '/home/maffin21/slam_ws/install/slam_toolbox/lib'
[101.099s] [34mcolcon.colcon_core.shell[0m [1;30mLevel 1[0m create_environment_hook('slam_toolbox', 'ld_library_path_lib')
[101.099s] [34mcolcon.colcon_core.shell[0m [1;30mINFO[0m Creating environment hook '/home/maffin21/slam_ws/install/slam_toolbox/share/slam_toolbox/hook/ld_library_path_lib.ps1'
[101.099s] [34mcolcon.colcon_core.shell[0m [1;30mINFO[0m Creating environment descriptor '/home/maffin21/slam_ws/install/slam_toolbox/share/slam_toolbox/hook/ld_library_path_lib.dsv'
[101.100s] [34mcolcon.colcon_core.shell[0m [1;30mINFO[0m Creating environment hook '/home/maffin21/slam_ws/install/slam_toolbox/share/slam_toolbox/hook/ld_library_path_lib.sh'
[101.100s] [34mcolcon.colcon_core.environment[0m [1;30mLevel 1[0m checking '/home/maffin21/slam_ws/install/slam_toolbox/bin'
[101.100s] [34mcolcon.colcon_core.environment[0m [1;30mLevel 1[0m checking '/home/maffin21/slam_ws/install/slam_toolbox/lib/pkgconfig/slam_toolbox.pc'
[101.100s] [34mcolcon.colcon_core.environment[0m [1;30mLevel 1[0m checking '/home/maffin21/slam_ws/install/slam_toolbox/lib/python3.10/site-packages'
[101.100s] [34mcolcon.colcon_core.environment[0m [1;30mLevel 1[0m checking '/home/maffin21/slam_ws/install/slam_toolbox/bin'
[101.100s] [34mcolcon.colcon_core.shell[0m [1;30mINFO[0m Creating package script '/home/maffin21/slam_ws/install/slam_toolbox/share/slam_toolbox/package.ps1'
[101.101s] [34mcolcon.colcon_core.shell[0m [1;30mINFO[0m Creating package descriptor '/home/maffin21/slam_ws/install/slam_toolbox/share/slam_toolbox/package.dsv'
[101.101s] [34mcolcon.colcon_core.shell[0m [1;30mINFO[0m Creating package script '/home/maffin21/slam_ws/install/slam_toolbox/share/slam_toolbox/package.sh'
[101.101s] [34mcolcon.colcon_core.shell[0m [1;30mINFO[0m Creating package script '/home/maffin21/slam_ws/install/slam_toolbox/share/slam_toolbox/package.bash'
[101.102s] [34mcolcon.colcon_core.shell[0m [1;30mINFO[0m Creating package script '/home/maffin21/slam_ws/install/slam_toolbox/share/slam_toolbox/package.zsh'
[101.102s] [34mcolcon.colcon_core.environment[0m [1;30mLevel 1[0m create_file_with_runtime_dependencies(/home/maffin21/slam_ws/install/slam_toolbox/share/colcon-core/packages/slam_toolbox)
[101.102s] [34mcolcon.colcon_ros.task.ament_python.build[0m [1;30mINFO[0m Building ROS package in '/home/maffin21/slam_ws/src/ydlidar_slam_launch' with build type 'ament_python'
[101.102s] [34mcolcon.colcon_core.shell[0m [1;30mLevel 1[0m create_environment_hook('ydlidar_slam_launch', 'ament_prefix_path')
[101.102s] [34mcolcon.colcon_core.shell[0m [1;30mINFO[0m Creating environment hook '/home/maffin21/slam_ws/install/ydlidar_slam_launch/share/ydlidar_slam_launch/hook/ament_prefix_path.ps1'
[101.103s] [34mcolcon.colcon_core.shell[0m [1;30mINFO[0m Creating environment descriptor '/home/maffin21/slam_ws/install/ydlidar_slam_launch/share/ydlidar_slam_launch/hook/ament_prefix_path.dsv'
[101.103s] [34mcolcon.colcon_core.shell[0m [1;30mINFO[0m Creating environment hook '/home/maffin21/slam_ws/install/ydlidar_slam_launch/share/ydlidar_slam_launch/hook/ament_prefix_path.sh'
[101.104s] [34mcolcon.colcon_core.shell[0m [1;30mINFO[0m Skip shell extension 'powershell' for command environment: Not usable outside of PowerShell
[101.104s] [34mcolcon.colcon_core.shell[0m [1;30mDEBUG[0m [32mSkip shell extension 'dsv' for command environment[0m
[101.305s] [34mcolcon.colcon_ros.task.ament_python.build[0m [1;30mWARNING[0m [33mPackage 'ydlidar_slam_launch' doesn't explicitly install a marker in the package index (colcon-ros currently does it implicitly but that fallback will be removed in the future)[0m
[101.306s] [34mcolcon.colcon_core.task.python.build[0m [1;30mINFO[0m Building Python package in '/home/maffin21/slam_ws/src/ydlidar_slam_launch'
[101.306s] [34mcolcon.colcon_core.shell[0m [1;30mINFO[0m Skip shell extension 'powershell' for command environment: Not usable outside of PowerShell
[101.306s] [34mcolcon.colcon_core.shell[0m [1;30mDEBUG[0m [32mSkip shell extension 'dsv' for command environment[0m
[101.588s] [34mcolcon.colcon_core.event_handler.log_command[0m [1;30mDEBUG[0m [32mInvoking command in '/home/maffin21/slam_ws/src/ydlidar_slam_launch': AMENT_PREFIX_PATH=/home/maffin21/slam_ws/install/ydlidar_ros2_driver:/home/maffin21/slam_ws/install/slam_toolbox:${AMENT_PREFIX_PATH} CMAKE_PREFIX_PATH=/home/maffin21/slam_ws/install/ydlidar_ros2_driver:/home/maffin21/slam_ws/install/slam_toolbox:${CMAKE_PREFIX_PATH} LD_LIBRARY_PATH=/home/maffin21/slam_ws/install/slam_toolbox/lib:${LD_LIBRARY_PATH} PYTHONPATH=/home/maffin21/slam_ws/build/ydlidar_slam_launch/prefix_override:/usr/lib/python3/dist-packages/colcon_core/task/python/colcon_distutils_commands:/home/maffin21/slam_ws/install/ydlidar_slam_launch/lib/python3.10/site-packages:/home/maffin21/slam_ws/install/slam_toolbox/local/lib/python3.10/dist-packages:${PYTHONPATH} /usr/bin/python3 -W ignore:setup.py install is deprecated -W ignore:easy_install command is deprecated setup.py egg_info --egg-base ../../build/ydlidar_slam_launch build --build-base /home/maffin21/slam_ws/build/ydlidar_slam_launch/build install --record /home/maffin21/slam_ws/build/ydlidar_slam_launch/install.log --single-version-externally-managed install_data[0m
[101.808s] [34mcolcon.colcon_core.environment[0m [1;30mLevel 1[0m checking '/home/maffin21/slam_ws/install/ydlidar_slam_launch' for CMake module files
[101.809s] [34mcolcon.colcon_core.event_handler.log_command[0m [1;30mDEBUG[0m [32mInvoked command in '/home/maffin21/slam_ws/src/ydlidar_slam_launch' returned '0': AMENT_PREFIX_PATH=/home/maffin21/slam_ws/install/ydlidar_ros2_driver:/home/maffin21/slam_ws/install/slam_toolbox:${AMENT_PREFIX_PATH} CMAKE_PREFIX_PATH=/home/maffin21/slam_ws/install/ydlidar_ros2_driver:/home/maffin21/slam_ws/install/slam_toolbox:${CMAKE_PREFIX_PATH} LD_LIBRARY_PATH=/home/maffin21/slam_ws/install/slam_toolbox/lib:${LD_LIBRARY_PATH} PYTHONPATH=/home/maffin21/slam_ws/build/ydlidar_slam_launch/prefix_override:/usr/lib/python3/dist-packages/colcon_core/task/python/colcon_distutils_commands:/home/maffin21/slam_ws/install/ydlidar_slam_launch/lib/python3.10/site-packages:/home/maffin21/slam_ws/install/slam_toolbox/local/lib/python3.10/dist-packages:${PYTHONPATH} /usr/bin/python3 -W ignore:setup.py install is deprecated -W ignore:easy_install command is deprecated setup.py egg_info --egg-base ../../build/ydlidar_slam_launch build --build-base /home/maffin21/slam_ws/build/ydlidar_slam_launch/build install --record /home/maffin21/slam_ws/build/ydlidar_slam_launch/install.log --single-version-externally-managed install_data[0m
[101.809s] [34mcolcon.colcon_core.environment[0m [1;30mLevel 1[0m checking '/home/maffin21/slam_ws/install/ydlidar_slam_launch' for CMake config files
[101.809s] [34mcolcon.colcon_core.environment[0m [1;30mLevel 1[0m checking '/home/maffin21/slam_ws/install/ydlidar_slam_launch/lib'
[101.810s] [34mcolcon.colcon_core.environment[0m [1;30mLevel 1[0m checking '/home/maffin21/slam_ws/install/ydlidar_slam_launch/bin'
[101.810s] [34mcolcon.colcon_core.environment[0m [1;30mLevel 1[0m checking '/home/maffin21/slam_ws/install/ydlidar_slam_launch/lib/pkgconfig/ydlidar_slam_launch.pc'
[101.810s] [34mcolcon.colcon_core.environment[0m [1;30mLevel 1[0m checking '/home/maffin21/slam_ws/install/ydlidar_slam_launch/lib/python3.10/site-packages'
[101.810s] [34mcolcon.colcon_core.shell[0m [1;30mLevel 1[0m create_environment_hook('ydlidar_slam_launch', 'pythonpath')
[101.810s] [34mcolcon.colcon_core.shell[0m [1;30mINFO[0m Creating environment hook '/home/maffin21/slam_ws/install/ydlidar_slam_launch/share/ydlidar_slam_launch/hook/pythonpath.ps1'
[101.810s] [34mcolcon.colcon_core.shell[0m [1;30mINFO[0m Creating environment descriptor '/home/maffin21/slam_ws/install/ydlidar_slam_launch/share/ydlidar_slam_launch/hook/pythonpath.dsv'
[101.811s] [34mcolcon.colcon_core.shell[0m [1;30mINFO[0m Creating environment hook '/home/maffin21/slam_ws/install/ydlidar_slam_launch/share/ydlidar_slam_launch/hook/pythonpath.sh'
[101.811s] [34mcolcon.colcon_core.environment[0m [1;30mLevel 1[0m checking '/home/maffin21/slam_ws/install/ydlidar_slam_launch/bin'
[101.811s] [34mcolcon.colcon_core.environment[0m [1;30mLevel 1[0m create_environment_scripts_only(ydlidar_slam_launch)
[101.811s] [34mcolcon.colcon_core.shell[0m [1;30mINFO[0m Creating package script '/home/maffin21/slam_ws/install/ydlidar_slam_launch/share/ydlidar_slam_launch/package.ps1'
[101.812s] [34mcolcon.colcon_core.shell[0m [1;30mINFO[0m Creating package descriptor '/home/maffin21/slam_ws/install/ydlidar_slam_launch/share/ydlidar_slam_launch/package.dsv'
[101.812s] [34mcolcon.colcon_core.shell[0m [1;30mINFO[0m Creating package script '/home/maffin21/slam_ws/install/ydlidar_slam_launch/share/ydlidar_slam_launch/package.sh'
[101.812s] [34mcolcon.colcon_core.shell[0m [1;30mINFO[0m Creating package script '/home/maffin21/slam_ws/install/ydlidar_slam_launch/share/ydlidar_slam_launch/package.bash'
[101.813s] [34mcolcon.colcon_core.shell[0m [1;30mINFO[0m Creating package script '/home/maffin21/slam_ws/install/ydlidar_slam_launch/share/ydlidar_slam_launch/package.zsh'
[101.813s] [34mcolcon.colcon_core.environment[0m [1;30mLevel 1[0m create_file_with_runtime_dependencies(/home/maffin21/slam_ws/install/ydlidar_slam_launch/share/colcon-core/packages/ydlidar_slam_launch)
[101.813s] [34mcolcon.colcon_parallel_executor.executor.parallel[0m [1;30mDEBUG[0m [32mclosing loop[0m
[101.813s] [34mcolcon.colcon_parallel_executor.executor.parallel[0m [1;30mDEBUG[0m [32mloop closed[0m
[101.813s] [34mcolcon.colcon_parallel_executor.executor.parallel[0m [1;30mDEBUG[0m [32mrun_until_complete finished with '0'[0m
[101.813s] [34mcolcon.colcon_core.event_reactor[0m [1;30mDEBUG[0m [32mjoining thread[0m
[101.817s] [34mcolcon.colcon_core.plugin_system[0m [1;30mINFO[0m Skipping extension 'colcon_notification.desktop_notification.terminal_notifier': Not used on non-Darwin systems
[101.817s] [34mcolcon.colcon_core.plugin_system[0m [1;30mINFO[0m Skipping extension 'colcon_notification.desktop_notification.win32': Not used on non-Windows systems
[101.817s] [34mcolcon.colcon_notification.desktop_notification[0m [1;30mINFO[0m Sending desktop notification using 'notify2'
[101.827s] [34mcolcon.colcon_core.event_reactor[0m [1;30mDEBUG[0m [32mjoined thread[0m
[101.827s] [34mcolcon.colcon_core.shell[0m [1;30mINFO[0m Creating prefix script '/home/maffin21/slam_ws/install/local_setup.ps1'
[101.828s] [34mcolcon.colcon_core.shell[0m [1;30mINFO[0m Creating prefix util module '/home/maffin21/slam_ws/install/_local_setup_util_ps1.py'
[101.829s] [34mcolcon.colcon_core.shell[0m [1;30mINFO[0m Creating prefix chain script '/home/maffin21/slam_ws/install/setup.ps1'
[101.830s] [34mcolcon.colcon_core.shell[0m [1;30mINFO[0m Creating prefix script '/home/maffin21/slam_ws/install/local_setup.sh'
[101.830s] [34mcolcon.colcon_core.shell[0m [1;30mINFO[0m Creating prefix util module '/home/maffin21/slam_ws/install/_local_setup_util_sh.py'
[101.831s] [34mcolcon.colcon_core.shell[0m [1;30mINFO[0m Creating prefix chain script '/home/maffin21/slam_ws/install/setup.sh'
[101.831s] [34mcolcon.colcon_core.shell[0m [1;30mINFO[0m Creating prefix script '/home/maffin21/slam_ws/install/local_setup.bash'
[101.832s] [34mcolcon.colcon_core.shell[0m [1;30mINFO[0m Creating prefix chain script '/home/maffin21/slam_ws/install/setup.bash'
[101.833s] [34mcolcon.colcon_core.shell[0m [1;30mINFO[0m Creating prefix script '/home/maffin21/slam_ws/install/local_setup.zsh'
[101.833s] [34mcolcon.colcon_core.shell[0m [1;30mINFO[0m Creating prefix chain script '/home/maffin21/slam_ws/install/setup.zsh'
