[0.012s] Invoking command in '/home/maffin21/slam_ws/build/rpm_to_odom': /usr/bin/cmake /home/maffin21/slam_ws/src/rpm_to_odom -DCATKIN_INSTALL_INTO_PREFIX_ROOT=0 -DCMAKE_INSTALL_PREFIX=/home/maffin21/slam_ws/install/rpm_to_odom
[0.022s] -- Found ament_cmake: 1.3.11 (/opt/ros/humble/share/ament_cmake/cmake)
[0.124s] -- Found rclcpp: 16.0.12 (/opt/ros/humble/share/rclcpp/cmake)
[0.146s] -- Found rosidl_generator_c: 3.1.6 (/opt/ros/humble/share/rosidl_generator_c/cmake)
[0.148s] -- Found rosidl_adapter: 3.1.6 (/opt/ros/humble/share/rosidl_adapter/cmake)
[0.152s] -- Found rosidl_generator_cpp: 3.1.6 (/opt/ros/humble/share/rosidl_generator_cpp/cmake)
[0.159s] -- Using all available rosidl_typesupport_c: rosidl_typesupport_fastrtps_c;rosidl_typesupport_introspection_c
[0.168s] -- Using all available rosidl_typesupport_cpp: rosidl_typesupport_fastrtps_cpp;rosidl_typesupport_introspection_cpp
[0.192s] -- Found rmw_implementation_cmake: 6.1.2 (/opt/ros/humble/share/rmw_implementation_cmake/cmake)
[0.193s] -- Found rmw_fastrtps_cpp: 6.2.7 (/opt/ros/humble/share/rmw_fastrtps_cpp/cmake)
[0.283s] -- Using RMW implementation 'rmw_fastrtps_cpp' as default
[0.318s] -- Found nav_msgs: 4.8.0 (/opt/ros/humble/share/nav_msgs/cmake)
[0.338s] -- Found tf2_ros: 0.25.12 (/opt/ros/humble/share/tf2_ros/cmake)
[0.450s] -- Configuring done
[0.461s] -- Generating done
[0.464s] -- Build files have been written to: /home/maffin21/slam_ws/build/rpm_to_odom
[0.473s] Invoked command in '/home/maffin21/slam_ws/build/rpm_to_odom' returned '0': /usr/bin/cmake /home/maffin21/slam_ws/src/rpm_to_odom -DCATKIN_INSTALL_INTO_PREFIX_ROOT=0 -DCMAKE_INSTALL_PREFIX=/home/maffin21/slam_ws/install/rpm_to_odom
[0.474s] Invoking command in '/home/maffin21/slam_ws/build/rpm_to_odom': /usr/bin/cmake --build /home/maffin21/slam_ws/build/rpm_to_odom -- -j12 -l12
[0.509s] [35m[1mConsolidate compiler generated dependencies of target rpm_to_odom_node[0m
[0.523s] [100%] Built target rpm_to_odom_node
[0.533s] Invoked command in '/home/maffin21/slam_ws/build/rpm_to_odom' returned '0': /usr/bin/cmake --build /home/maffin21/slam_ws/build/rpm_to_odom -- -j12 -l12
[0.542s] Invoking command in '/home/maffin21/slam_ws/build/rpm_to_odom': /usr/bin/cmake --install /home/maffin21/slam_ws/build/rpm_to_odom
[0.547s] -- Install configuration: ""
[0.548s] -- Up-to-date: /home/maffin21/slam_ws/install/rpm_to_odom/lib/rpm_to_odom/rpm_to_odom_node
[0.548s] -- Up-to-date: /home/maffin21/slam_ws/install/rpm_to_odom/share/rpm_to_odom//launch
[0.548s] -- Up-to-date: /home/maffin21/slam_ws/install/rpm_to_odom/share/rpm_to_odom//launch/rpm_to_odom.launch.py
[0.548s] -- Up-to-date: /home/maffin21/slam_ws/install/rpm_to_odom/share/ament_index/resource_index/package_run_dependencies/rpm_to_odom
[0.548s] -- Installing: /home/maffin21/slam_ws/install/rpm_to_odom/share/ament_index/resource_index/parent_prefix_path/rpm_to_odom
[0.549s] -- Up-to-date: /home/maffin21/slam_ws/install/rpm_to_odom/share/rpm_to_odom/environment/ament_prefix_path.sh
[0.549s] -- Installing: /home/maffin21/slam_ws/install/rpm_to_odom/share/rpm_to_odom/environment/ament_prefix_path.dsv
[0.549s] -- Up-to-date: /home/maffin21/slam_ws/install/rpm_to_odom/share/rpm_to_odom/environment/path.sh
[0.549s] -- Installing: /home/maffin21/slam_ws/install/rpm_to_odom/share/rpm_to_odom/environment/path.dsv
[0.549s] -- Up-to-date: /home/maffin21/slam_ws/install/rpm_to_odom/share/rpm_to_odom/local_setup.bash
[0.549s] -- Up-to-date: /home/maffin21/slam_ws/install/rpm_to_odom/share/rpm_to_odom/local_setup.sh
[0.549s] -- Up-to-date: /home/maffin21/slam_ws/install/rpm_to_odom/share/rpm_to_odom/local_setup.zsh
[0.549s] -- Installing: /home/maffin21/slam_ws/install/rpm_to_odom/share/rpm_to_odom/local_setup.dsv
[0.549s] -- Installing: /home/maffin21/slam_ws/install/rpm_to_odom/share/rpm_to_odom/package.dsv
[0.550s] -- Up-to-date: /home/maffin21/slam_ws/install/rpm_to_odom/share/ament_index/resource_index/packages/rpm_to_odom
[0.550s] -- Up-to-date: /home/maffin21/slam_ws/install/rpm_to_odom/share/rpm_to_odom/cmake/rpm_to_odomConfig.cmake
[0.550s] -- Up-to-date: /home/maffin21/slam_ws/install/rpm_to_odom/share/rpm_to_odom/cmake/rpm_to_odomConfig-version.cmake
[0.550s] -- Up-to-date: /home/maffin21/slam_ws/install/rpm_to_odom/share/rpm_to_odom/package.xml
[0.551s] Invoked command in '/home/maffin21/slam_ws/build/rpm_to_odom' returned '0': /usr/bin/cmake --install /home/maffin21/slam_ws/build/rpm_to_odom
