running egg_info
creating ../../build/ydlidar_slam_launch/ydlidar_slam_launch.egg-info
writing ../../build/ydlidar_slam_launch/ydlidar_slam_launch.egg-info/PKG-INFO
writing dependency_links to ../../build/ydlidar_slam_launch/ydlidar_slam_launch.egg-info/dependency_links.txt
writing entry points to ../../build/ydlidar_slam_launch/ydlidar_slam_launch.egg-info/entry_points.txt
writing requirements to ../../build/ydlidar_slam_launch/ydlidar_slam_launch.egg-info/requires.txt
writing top-level names to ../../build/ydlidar_slam_launch/ydlidar_slam_launch.egg-info/top_level.txt
writing manifest file '../../build/ydlidar_slam_launch/ydlidar_slam_launch.egg-info/SOURCES.txt'
reading manifest file '../../build/ydlidar_slam_launch/ydlidar_slam_launch.egg-info/SOURCES.txt'
writing manifest file '../../build/ydlidar_slam_launch/ydlidar_slam_launch.egg-info/SOURCES.txt'
running build
running build_py
creating /home/maffin21/slam_ws/build/ydlidar_slam_launch/build
creating /home/maffin21/slam_ws/build/ydlidar_slam_launch/build/lib
creating /home/maffin21/slam_ws/build/ydlidar_slam_launch/build/lib/ydlidar_slam_launch
copying ydlidar_slam_launch/__init__.py -> /home/maffin21/slam_ws/build/ydlidar_slam_launch/build/lib/ydlidar_slam_launch
running install
running install_lib
creating /home/maffin21/slam_ws/install/ydlidar_slam_launch/lib/python3.10/site-packages/ydlidar_slam_launch
copying /home/maffin21/slam_ws/build/ydlidar_slam_launch/build/lib/ydlidar_slam_launch/__init__.py -> /home/maffin21/slam_ws/install/ydlidar_slam_launch/lib/python3.10/site-packages/ydlidar_slam_launch
byte-compiling /home/maffin21/slam_ws/install/ydlidar_slam_launch/lib/python3.10/site-packages/ydlidar_slam_launch/__init__.py to __init__.cpython-310.pyc
running install_data
copying package.xml -> /home/maffin21/slam_ws/install/ydlidar_slam_launch/share/ydlidar_slam_launch
creating /home/maffin21/slam_ws/install/ydlidar_slam_launch/share/ydlidar_slam_launch/launch
copying launch/slam_with_toolbox.launch.py -> /home/maffin21/slam_ws/install/ydlidar_slam_launch/share/ydlidar_slam_launch/launch
creating /home/maffin21/slam_ws/install/ydlidar_slam_launch/share/ydlidar_slam_launch/config
copying config/mapper_params_online_async.yaml -> /home/maffin21/slam_ws/install/ydlidar_slam_launch/share/ydlidar_slam_launch/config
running install_egg_info
Copying ../../build/ydlidar_slam_launch/ydlidar_slam_launch.egg-info to /home/maffin21/slam_ws/install/ydlidar_slam_launch/lib/python3.10/site-packages/ydlidar_slam_launch-0.0.0-py3.10.egg-info
running install_scripts
writing list of installed files to '/home/maffin21/slam_ws/build/ydlidar_slam_launch/install.log'
