[0.012s] Invoking command in '/home/maffin21/slam_ws/build/ydlidar_ros2_driver': CMAKE_PREFIX_PATH=/home/maffin21/odom_ws/install/rpm_to_odom:/opt/ros/humble:/home/maffin21/slam_ws/install/rpm_to_odom:/home/maffin21/ydlidar_ws/install/ydlidar_ros2_driver /usr/bin/cmake /home/maffin21/slam_ws/src/ydlidar_ros2_driver -DCMAKE_INSTALL_PREFIX=/home/maffin21/slam_ws/install/ydlidar_ros2_driver
[0.054s] -- The C compiler identification is GNU 11.4.0
[0.099s] -- The CXX compiler identification is GNU 11.4.0
[0.105s] -- Detecting C compiler ABI info
[0.163s] -- Detecting C compiler ABI info - done
[0.168s] -- Check for working C compiler: /usr/bin/cc - skipped
[0.168s] -- Detecting C compile features
[0.168s] -- Detecting C compile features - done
[0.171s] -- Detecting CXX compiler ABI info
[0.237s] -- Detecting CXX compiler ABI info - done
[0.242s] -- Check for working CXX compiler: /usr/bin/c++ - skipped
[0.243s] -- Detecting CXX compile features
[0.243s] -- Detecting CXX compile features - done
[0.245s] -- Found ament_cmake: 1.3.11 (/opt/ros/humble/share/ament_cmake/cmake)
[0.361s] -- Found Python3: /usr/bin/python3 (found version "3.10.12") found components: Interpreter 
[0.431s] -- Found rclcpp: 16.0.12 (/opt/ros/humble/share/rclcpp/cmake)
[0.464s] -- Found rosidl_generator_c: 3.1.6 (/opt/ros/humble/share/rosidl_generator_c/cmake)
[0.467s] -- Found rosidl_adapter: 3.1.6 (/opt/ros/humble/share/rosidl_adapter/cmake)
[0.473s] -- Found rosidl_generator_cpp: 3.1.6 (/opt/ros/humble/share/rosidl_generator_cpp/cmake)
[0.482s] -- Using all available rosidl_typesupport_c: rosidl_typesupport_fastrtps_c;rosidl_typesupport_introspection_c
[0.493s] -- Using all available rosidl_typesupport_cpp: rosidl_typesupport_fastrtps_cpp;rosidl_typesupport_introspection_cpp
[0.525s] -- Found rmw_implementation_cmake: 6.1.2 (/opt/ros/humble/share/rmw_implementation_cmake/cmake)
[0.527s] -- Found rmw_fastrtps_cpp: 6.2.7 (/opt/ros/humble/share/rmw_fastrtps_cpp/cmake)
[0.599s] -- Found OpenSSL: /usr/lib/x86_64-linux-gnu/libcrypto.so (found version "3.0.2")  
[0.623s] -- Found FastRTPS: /opt/ros/humble/include  
[0.661s] -- Using RMW implementation 'rmw_fastrtps_cpp' as default
[0.667s] -- Looking for pthread.h
[0.729s] -- Looking for pthread.h - found
[0.729s] -- Performing Test CMAKE_HAVE_LIBC_PTHREAD
[0.790s] -- Performing Test CMAKE_HAVE_LIBC_PTHREAD - Success
[0.791s] -- Found Threads: TRUE  
[0.829s] -- Found sensor_msgs: 4.8.0 (/opt/ros/humble/share/sensor_msgs/cmake)
[0.855s] -- Found visualization_msgs: 4.8.0 (/opt/ros/humble/share/visualization_msgs/cmake)
[0.872s] -- Found std_srvs: 4.8.0 (/opt/ros/humble/share/std_srvs/cmake)
[0.887s] -- Found ament_lint_auto: 0.12.12 (/opt/ros/humble/share/ament_lint_auto/cmake)
[0.956s] -- Added test 'copyright' to check source files copyright and LICENSE
[0.962s] -- Added test 'cppcheck' to perform static code analysis on C / C++ code
[0.962s] -- Configured cppcheck include dirs: /home/maffin21/slam_ws/src/ydlidar_ros2_driver/src
[0.962s] -- Configured cppcheck exclude dirs and/or files: 
[0.965s] -- Added test 'cpplint' to check C / C++ code against the Google style
[0.965s] -- Configured cpplint exclude dirs and/or files: 
[0.966s] -- Added test 'flake8' to check Python code syntax and style conventions
[0.967s] -- Added test 'lint_cmake' to check CMake code style
[0.968s] -- Added test 'pep257' to check Python code against some of the docstring style conventions in PEP 257
[0.972s] -- Added test 'uncrustify' to check C / C++ code style
[0.972s] -- Configured uncrustify additional arguments: 
[0.973s] -- Added test 'xmllint' to check XML markup files
[0.974s] -- Configuring done
[0.985s] -- Generating done
[0.990s] -- Build files have been written to: /home/maffin21/slam_ws/build/ydlidar_ros2_driver
[1.001s] Invoked command in '/home/maffin21/slam_ws/build/ydlidar_ros2_driver' returned '0': CMAKE_PREFIX_PATH=/home/maffin21/odom_ws/install/rpm_to_odom:/opt/ros/humble:/home/maffin21/slam_ws/install/rpm_to_odom:/home/maffin21/ydlidar_ws/install/ydlidar_ros2_driver /usr/bin/cmake /home/maffin21/slam_ws/src/ydlidar_ros2_driver -DCMAKE_INSTALL_PREFIX=/home/maffin21/slam_ws/install/ydlidar_ros2_driver
[1.003s] Invoking command in '/home/maffin21/slam_ws/build/ydlidar_ros2_driver': CMAKE_PREFIX_PATH=/home/maffin21/odom_ws/install/rpm_to_odom:/opt/ros/humble:/home/maffin21/slam_ws/install/rpm_to_odom:/home/maffin21/ydlidar_ws/install/ydlidar_ros2_driver /usr/bin/cmake --build /home/maffin21/slam_ws/build/ydlidar_ros2_driver -- -j12 -l12
[1.047s] [ 50%] [32mBuilding CXX object CMakeFiles/ydlidar_ros2_driver_node.dir/src/ydlidar_ros2_driver_node.cpp.o[0m
[1.048s] [ 50%] [32mBuilding CXX object CMakeFiles/ydlidar_ros2_driver_client.dir/src/ydlidar_ros2_driver_client.cpp.o[0m
[3.037s] [01m[K/home/maffin21/slam_ws/src/ydlidar_ros2_driver/src/ydlidar_ros2_driver_node.cpp:[m[K In function ‘[01m[Kint main(int, char**)[m[K’:
[3.037s] [01m[K/home/maffin21/slam_ws/src/ydlidar_ros2_driver/src/ydlidar_ros2_driver_node.cpp:95:8:[m[K [01;35m[Kwarning: [m[Kunused variable ‘[01m[Kinvalid_range_is_inf[m[K’ [[01;35m[K]8;;https://gcc.gnu.org/onlinedocs/gcc/Warning-Options.html#index-Wunused-variable-Wunused-variable]8;;[m[K]
[3.038s]    95 |   bool [01;35m[Kinvalid_range_is_inf[m[K = node->declare_parameter<bool>("invalid_range_is_inf", false);
[3.038s]       |        [01;35m[K^~~~~~~~~~~~~~~~~~~~[m[K
[5.544s] [ 75%] [32m[1mLinking CXX executable ydlidar_ros2_driver_node[0m
[6.295s] [ 75%] Built target ydlidar_ros2_driver_node
[9.935s] [100%] [32m[1mLinking CXX executable ydlidar_ros2_driver_client[0m
[10.274s] [100%] Built target ydlidar_ros2_driver_client
[10.287s] Invoked command in '/home/maffin21/slam_ws/build/ydlidar_ros2_driver' returned '0': CMAKE_PREFIX_PATH=/home/maffin21/odom_ws/install/rpm_to_odom:/opt/ros/humble:/home/maffin21/slam_ws/install/rpm_to_odom:/home/maffin21/ydlidar_ws/install/ydlidar_ros2_driver /usr/bin/cmake --build /home/maffin21/slam_ws/build/ydlidar_ros2_driver -- -j12 -l12
[10.289s] Invoking command in '/home/maffin21/slam_ws/build/ydlidar_ros2_driver': CMAKE_PREFIX_PATH=/home/maffin21/odom_ws/install/rpm_to_odom:/opt/ros/humble:/home/maffin21/slam_ws/install/rpm_to_odom:/home/maffin21/ydlidar_ws/install/ydlidar_ros2_driver /usr/bin/cmake --install /home/maffin21/slam_ws/build/ydlidar_ros2_driver
[10.296s] -- Install configuration: ""
[10.297s] -- Installing: /home/maffin21/slam_ws/install/ydlidar_ros2_driver/lib/ydlidar_ros2_driver/ydlidar_ros2_driver_node
[10.299s] -- Set runtime path of "/home/maffin21/slam_ws/install/ydlidar_ros2_driver/lib/ydlidar_ros2_driver/ydlidar_ros2_driver_node" to ""
[10.299s] -- Installing: /home/maffin21/slam_ws/install/ydlidar_ros2_driver/lib/ydlidar_ros2_driver/ydlidar_ros2_driver_client
[10.302s] -- Set runtime path of "/home/maffin21/slam_ws/install/ydlidar_ros2_driver/lib/ydlidar_ros2_driver/ydlidar_ros2_driver_client" to ""
[10.302s] -- Installing: /home/maffin21/slam_ws/install/ydlidar_ros2_driver/share/ydlidar_ros2_driver/launch
[10.303s] -- Installing: /home/maffin21/slam_ws/install/ydlidar_ros2_driver/share/ydlidar_ros2_driver/launch/ydlidar.py
[10.303s] -- Installing: /home/maffin21/slam_ws/install/ydlidar_ros2_driver/share/ydlidar_ros2_driver/launch/ydlidar_launch.py
[10.303s] -- Installing: /home/maffin21/slam_ws/install/ydlidar_ros2_driver/share/ydlidar_ros2_driver/launch/ydlidar_launch_view.py
[10.303s] -- Installing: /home/maffin21/slam_ws/install/ydlidar_ros2_driver/share/ydlidar_ros2_driver/params
[10.303s] -- Installing: /home/maffin21/slam_ws/install/ydlidar_ros2_driver/share/ydlidar_ros2_driver/params/GS2.yaml
[10.304s] -- Installing: /home/maffin21/slam_ws/install/ydlidar_ros2_driver/share/ydlidar_ros2_driver/params/ydlidar.yaml
[10.304s] -- Installing: /home/maffin21/slam_ws/install/ydlidar_ros2_driver/share/ydlidar_ros2_driver/params/X4-Pro.yaml
[10.304s] -- Installing: /home/maffin21/slam_ws/install/ydlidar_ros2_driver/share/ydlidar_ros2_driver/params/TminiPro.yaml
[10.304s] -- Installing: /home/maffin21/slam_ws/install/ydlidar_ros2_driver/share/ydlidar_ros2_driver/params/X4.yaml
[10.304s] -- Installing: /home/maffin21/slam_ws/install/ydlidar_ros2_driver/share/ydlidar_ros2_driver/params/G1.yaml
[10.305s] -- Installing: /home/maffin21/slam_ws/install/ydlidar_ros2_driver/share/ydlidar_ros2_driver/params/G6.yaml
[10.305s] -- Installing: /home/maffin21/slam_ws/install/ydlidar_ros2_driver/share/ydlidar_ros2_driver/params/TG.yaml
[10.305s] -- Installing: /home/maffin21/slam_ws/install/ydlidar_ros2_driver/share/ydlidar_ros2_driver/params/TEA.yaml
[10.305s] -- Installing: /home/maffin21/slam_ws/install/ydlidar_ros2_driver/share/ydlidar_ros2_driver/params/X2.yaml
[10.305s] -- Installing: /home/maffin21/slam_ws/install/ydlidar_ros2_driver/share/ydlidar_ros2_driver/params/G2.yaml
[10.306s] -- Installing: /home/maffin21/slam_ws/install/ydlidar_ros2_driver/share/ydlidar_ros2_driver/startup
[10.306s] -- Installing: /home/maffin21/slam_ws/install/ydlidar_ros2_driver/share/ydlidar_ros2_driver/startup/initenv.sh
[10.306s] -- Installing: /home/maffin21/slam_ws/install/ydlidar_ros2_driver/share/ydlidar_ros2_driver/config
[10.306s] -- Installing: /home/maffin21/slam_ws/install/ydlidar_ros2_driver/share/ydlidar_ros2_driver/config/ydlidar.rviz
[10.306s] -- Installing: /home/maffin21/slam_ws/install/ydlidar_ros2_driver/share/ament_index/resource_index/package_run_dependencies/ydlidar_ros2_driver
[10.307s] -- Installing: /home/maffin21/slam_ws/install/ydlidar_ros2_driver/share/ament_index/resource_index/parent_prefix_path/ydlidar_ros2_driver
[10.307s] -- Installing: /home/maffin21/slam_ws/install/ydlidar_ros2_driver/share/ydlidar_ros2_driver/environment/ament_prefix_path.sh
[10.307s] -- Installing: /home/maffin21/slam_ws/install/ydlidar_ros2_driver/share/ydlidar_ros2_driver/environment/ament_prefix_path.dsv
[10.307s] -- Installing: /home/maffin21/slam_ws/install/ydlidar_ros2_driver/share/ydlidar_ros2_driver/environment/path.sh
[10.307s] -- Installing: /home/maffin21/slam_ws/install/ydlidar_ros2_driver/share/ydlidar_ros2_driver/environment/path.dsv
[10.307s] -- Installing: /home/maffin21/slam_ws/install/ydlidar_ros2_driver/share/ydlidar_ros2_driver/local_setup.bash
[10.308s] -- Installing: /home/maffin21/slam_ws/install/ydlidar_ros2_driver/share/ydlidar_ros2_driver/local_setup.sh
[10.308s] -- Installing: /home/maffin21/slam_ws/install/ydlidar_ros2_driver/share/ydlidar_ros2_driver/local_setup.zsh
[10.308s] -- Installing: /home/maffin21/slam_ws/install/ydlidar_ros2_driver/share/ydlidar_ros2_driver/local_setup.dsv
[10.308s] -- Installing: /home/maffin21/slam_ws/install/ydlidar_ros2_driver/share/ydlidar_ros2_driver/package.dsv
[10.308s] -- Installing: /home/maffin21/slam_ws/install/ydlidar_ros2_driver/share/ament_index/resource_index/packages/ydlidar_ros2_driver
[10.308s] -- Installing: /home/maffin21/slam_ws/install/ydlidar_ros2_driver/share/ydlidar_ros2_driver/cmake/ydlidar_ros2_driverConfig.cmake
[10.309s] -- Installing: /home/maffin21/slam_ws/install/ydlidar_ros2_driver/share/ydlidar_ros2_driver/cmake/ydlidar_ros2_driverConfig-version.cmake
[10.309s] -- Installing: /home/maffin21/slam_ws/install/ydlidar_ros2_driver/share/ydlidar_ros2_driver/package.xml
[10.312s] Invoked command in '/home/maffin21/slam_ws/build/ydlidar_ros2_driver' returned '0': CMAKE_PREFIX_PATH=/home/maffin21/odom_ws/install/rpm_to_odom:/opt/ros/humble:/home/maffin21/slam_ws/install/rpm_to_odom:/home/maffin21/ydlidar_ws/install/ydlidar_ros2_driver /usr/bin/cmake --install /home/maffin21/slam_ws/build/ydlidar_ros2_driver
